<?xml version="1.0" encoding="UTF-8"?>
<testsuite name="Cucumber" time="25.432" tests="6" skipped="0" failures="0" errors="0">
<testcase classname="VerifyDashboardWidgetVisible" name="Verify that Dashboard page contains all given widgets - Example #1.1" time="13.328">
<system-out><![CDATA[
Given user launch the chrome browser........................................passed
When User opens the URL "http://localhost:8080/"............................passed
And Log in to the report portal with user "superadmin" and password "erebus".passed
Then Page title should be "Report Portal"...................................passed
And User clicks on DemoDashboard and get the total widget present in the dashboard page.passed
And Verify that DemoDashboard page contains "LAUNCH STATISTICS BAR".........passed
And User closes the browser.................................................passed
]]></system-out>
</testcase>
<testcase classname="VerifyDashboardPageAccess" name="Login to ReportPortal with superadmin and verify that use is able to access dashboard page" time="10.198">
<system-out><![CDATA[
Given user launch the chrome browser........................................passed
When User opens the URL "http://localhost:8080/"............................passed
And Log in to the report portal with user "superadmin" and password "erebus".passed
Then Page title should be "Report Portal"...................................passed
And User closes the browser.................................................passed
]]></system-out>
</testcase>
<testcase classname="VerifyDashboardPageAccess" name="Login to ReportPortal with superadmin and verify that use is able to access dashboard page" time="5.643">
<system-out><![CDATA[
Given user launch the chrome browser........................................passed
When User opens the URL "http://localhost:8080/"............................passed
And Log in to the report portal with user "default" and password "1q2w3e"...passed
Then Page title should be "Report Portal"...................................passed
And User closes the browser.................................................passed
]]></system-out>
</testcase>
<testcase classname="VerifyDashboardWidgetVisible" name="Verify that Widget contains all given items - Example #1.1" time="7.772">
<system-out><![CDATA[
Given user launch the chrome browser........................................passed
When User opens the URL "http://localhost:8080/"............................passed
And Log in to the report portal with user "superadmin" and password "erebus".passed
Then Page title should be "Report Portal"...................................passed
And User clicks on DemoDashboard and get the total widget present in the dashboard page.passed
And Verify that DemoDashboard page contains "LAUNCH STATISTICS AREA"........passed
And User closes the browser.................................................passed
]]></system-out>
</testcase>
<testcase classname="VerifyDashboardPageAccess" name="Login to ReportPortal with superadmin and verify that use is able to access dashboard page - Example #1.1" time="5.565">
<system-out><![CDATA[
Given user launch the chrome browser........................................passed
When User opens the URL "http://localhost:8080/"............................passed
And Log in to the report portal with user "superadmin" and password "erebus".passed
Then Page title should be "Report Portal"...................................passed
And User closes the browser.................................................passed
]]></system-out>
</testcase>
<testcase classname="VerifyDashboardPageAccess" name="Login to ReportPortal with superadmin and verify that use is able to access dashboard page - Example #1.2" time="3.53">
<system-out><![CDATA[
Given user launch the chrome browser........................................passed
When User opens the URL "http://localhost:8080/"............................passed
And Log in to the report portal with user "default" and password "1q2w3e"...passed
Then Page title should be "Report Portal"...................................passed
And User closes the browser.................................................passed
]]></system-out>
</testcase>
</testsuite>
