<?xml version="1.0" encoding="UTF-8"?>
<testsuite xmlns:xsi="http://www.w3.org/2001/XMLSchema-instance" xsi:noNamespaceSchemaLocation="https://maven.apache.org/surefire/maven-surefire-plugin/xsd/surefire-test-report-3.0.xsd" version="3.0" name="TestSuite" time="108.623" tests="30" errors="0" skipped="0" failures="4">
  <properties>
[...]
</properties>
  <testcase name="a_getAllSharedDashboardTest_GET" classname="alltests.apitest.DashboardControllerTest" time="1.616">
    <system-out><![CDATA[15:35:26.644 [main] DEBUG org.testng.TestNG - suiteXmlPath: "C:\AdvancedTraining\AutomationFramework\src\test\resources\testng.xml"
15:35:26.916 [main] DEBUG org.testng.TestNG - suiteXmlPath: "C:\AdvancedTraining\AutomationFramework\src\test\resources\testng_ui.xml"
15:35:27.576 [main] WARN com.epam.reportportal.testng.BaseTestNGListener - WARNING! More than one ReportPortal listener is added
WARNING! More than one ReportPortal listener is added
15:35:27.576 [main] WARN org.testng.TestNG - Ignoring duplicate listener : com.epam.reportportal.testng.ReportPortalTestNGListener
15:35:27.576 [main] WARN org.testng.TestNG - Ignoring duplicate listener : com.epam.reportportal.testng.ReportPortalTestNGListener
15:35:27.576 [main] WARN org.testng.TestNG - Ignoring duplicate listener : utils.Listeners
15:35:27.576 [main] WARN org.testng.TestNG - AnnotationTransformer already set
15:35:27.839 [main] INFO com.epam.reportportal.service.Launch - Rerun: false
15:35:28.094 [rp-io-1] DEBUG com.epam.reportportal.service.Launch - ReportPortal launch with ID '59b6c93f-31e8-401f-87bb-77c484f3179f' has been created
15:35:28.094 [rp-io-1] DEBUG com.epam.reportportal.utils.SubscriptionUtils - Launch start successfully completed
15:35:28.899 [rp-io-4] DEBUG com.epam.reportportal.service.Launch - ReportPortal item with ID 'c19676bd-ddfa-4703-9454-15eeaf75d0c1' has been created
15:35:28.899 [rp-io-4] DEBUG com.epam.reportportal.utils.SubscriptionUtils - Start test item successfully completed
15:35:28.903 [rp-io-6] DEBUG com.epam.reportportal.service.Launch - Starting test item...rp-io-6
2023-06-21 15:35:28 INFO  Listeners:58 - Started Dashboard API Controller Tests
15:35:28.933 [rp-io-8] DEBUG com.epam.reportportal.service.Launch - ReportPortal item with ID 'a529b4d2-ca39-4e2a-9db8-4d4bfb4bd072' has been created
15:35:28.933 [rp-io-8] DEBUG com.epam.reportportal.utils.SubscriptionUtils - Start test item successfully completed
15:35:28.974 [rp-io-9] DEBUG com.epam.reportportal.service.Launch - Starting test item...rp-io-9
2023-06-21 15:35:28 INFO  Listeners:34 - Started Test null
2023-06-21 15:35:28 INFO  DashboardControllerTest:31 - a_getAllSharedDashboardTest_GET
15:35:29.001 [rp-io-11] DEBUG com.epam.reportportal.service.Launch - ReportPortal item with ID 'e419d1c0-6b66-4963-a785-f12acfa10bb7' has been created
15:35:29.001 [rp-io-11] DEBUG com.epam.reportportal.utils.SubscriptionUtils - Start test item successfully completed
Request method:	GET
Request URI:	http://localhost:8080/api/v1/AUTOMATIONTESTINGADVANCEDPROGRAM/dashboard/shared
Proxy:			<none>
Request params:	<none>
Query params:	<none>
Form params:	<none>
Path params:	<none>
Headers:		Authorization=Bearer 8bb82a7d-a573-419e-9cce-c2419f308802
				Accept=*/*
				Content-Type=application/json
Cookies:		<none>
Multiparts:		<none>
Body:			<none>
15:35:30.411 [main] DEBUG org.apache.http.impl.conn.BasicClientConnectionManager - Get connection for route {}->http://localhost:8080
15:35:30.411 [main] DEBUG org.apache.http.impl.conn.DefaultClientConnectionOperator - Connecting to localhost:8080
15:35:30.435 [main] DEBUG org.apache.http.client.protocol.RequestAddCookies - CookieSpec selected: ignoreCookies
15:35:30.435 [main] DEBUG org.apache.http.client.protocol.RequestAuthCache - Auth cache not set in the context
15:35:30.435 [main] DEBUG org.apache.http.client.protocol.RequestProxyAuthentication - Proxy auth state: UNCHALLENGED
15:35:30.435 [main] DEBUG org.apache.http.impl.client.DefaultHttpClient - Attempt 1 to execute request
15:35:30.435 [main] DEBUG org.apache.http.impl.conn.DefaultClientConnection - Sending request: GET /api/v1/AUTOMATIONTESTINGADVANCEDPROGRAM/dashboard/shared HTTP/1.1
15:35:30.435 [main] DEBUG org.apache.http.wire -  >> "GET /api/v1/AUTOMATIONTESTINGADVANCEDPROGRAM/dashboard/shared HTTP/1.1[\r][\n]"
15:35:30.435 [main] DEBUG org.apache.http.wire -  >> "Content-Type: application/json[\r][\n]"
15:35:30.435 [main] DEBUG org.apache.http.wire -  >> "Authorization: Bearer 8bb82a7d-a573-419e-9cce-c2419f308802[\r][\n]"
15:35:30.435 [main] DEBUG org.apache.http.wire -  >> "Accept: */*[\r][\n]"
15:35:30.435 [main] DEBUG org.apache.http.wire -  >> "Host: localhost:8080[\r][\n]"
15:35:30.435 [main] DEBUG org.apache.http.wire -  >> "Connection: Keep-Alive[\r][\n]"
15:35:30.435 [main] DEBUG org.apache.http.wire -  >> "User-Agent: Apache-HttpClient/4.5.13 (Java/17.0.3.1)[\r][\n]"
15:35:30.435 [main] DEBUG org.apache.http.wire -  >> "Accept-Encoding: gzip,deflate[\r][\n]"
15:35:30.435 [main] DEBUG org.apache.http.wire -  >> "[\r][\n]"
15:35:30.435 [main] DEBUG org.apache.http.headers - >> GET /api/v1/AUTOMATIONTESTINGADVANCEDPROGRAM/dashboard/shared HTTP/1.1
15:35:30.435 [main] DEBUG org.apache.http.headers - >> Content-Type: application/json
15:35:30.435 [main] DEBUG org.apache.http.headers - >> Authorization: Bearer 8bb82a7d-a573-419e-9cce-c2419f308802
15:35:30.435 [main] DEBUG org.apache.http.headers - >> Accept: */*
15:35:30.435 [main] DEBUG org.apache.http.headers - >> Host: localhost:8080
15:35:30.435 [main] DEBUG org.apache.http.headers - >> Connection: Keep-Alive
15:35:30.435 [main] DEBUG org.apache.http.headers - >> User-Agent: Apache-HttpClient/4.5.13 (Java/17.0.3.1)
15:35:30.435 [main] DEBUG org.apache.http.headers - >> Accept-Encoding: gzip,deflate
15:35:30.463 [main] DEBUG org.apache.http.wire -  << "HTTP/1.1 200 OK[\r][\n]"
15:35:30.464 [main] DEBUG org.apache.http.wire -  << "Cache-Control: no-cache, no-store, max-age=0, must-revalidate[\r][\n]"
15:35:30.464 [main] DEBUG org.apache.http.wire -  << "Content-Type: application/json[\r][\n]"
15:35:30.464 [main] DEBUG org.apache.http.wire -  << "Date: Wed, 21 Jun 2023 13:35:30 GMT[\r][\n]"
15:35:30.464 [main] DEBUG org.apache.http.wire -  << "Expires: 0[\r][\n]"
15:35:30.464 [main] DEBUG org.apache.http.wire -  << "Pragma: no-cache[\r][\n]"
15:35:30.464 [main] DEBUG org.apache.http.wire -  << "X-Content-Type-Options: nosniff[\r][\n]"
15:35:30.464 [main] DEBUG org.apache.http.wire -  << "X-Frame-Options: DENY[\r][\n]"
15:35:30.464 [main] DEBUG org.apache.http.wire -  << "X-Xss-Protection: 1; mode=block[\r][\n]"
15:35:30.464 [main] DEBUG org.apache.http.wire -  << "Content-Length: 165[\r][\n]"
15:35:30.464 [main] DEBUG org.apache.http.wire -  << "[\r][\n]"
15:35:30.464 [main] DEBUG org.apache.http.impl.conn.DefaultClientConnection - Receiving response: HTTP/1.1 200 OK
15:35:30.464 [main] DEBUG org.apache.http.headers - << HTTP/1.1 200 OK
15:35:30.464 [main] DEBUG org.apache.http.headers - << Cache-Control: no-cache, no-store, max-age=0, must-revalidate
15:35:30.464 [main] DEBUG org.apache.http.headers - << Content-Type: application/json
15:35:30.464 [main] DEBUG org.apache.http.headers - << Date: Wed, 21 Jun 2023 13:35:30 GMT
15:35:30.464 [main] DEBUG org.apache.http.headers - << Expires: 0
15:35:30.464 [main] DEBUG org.apache.http.headers - << Pragma: no-cache
15:35:30.464 [main] DEBUG org.apache.http.headers - << X-Content-Type-Options: nosniff
15:35:30.464 [main] DEBUG org.apache.http.headers - << X-Frame-Options: DENY
15:35:30.464 [main] DEBUG org.apache.http.headers - << X-Xss-Protection: 1; mode=block
15:35:30.464 [main] DEBUG org.apache.http.headers - << Content-Length: 165
15:35:30.464 [main] DEBUG org.apache.http.impl.client.DefaultHttpClient - Connection can be kept alive indefinitely
15:35:30.477 [main] DEBUG io.restassured.internal.RestAssuredHttpBuilder - Parsing response as: application/json
15:35:30.477 [main] DEBUG io.restassured.internal.RestAssuredHttpBuilder - Parsed data to instance of: class org.apache.http.conn.EofSensorInputStream
15:35:30.526 [main] DEBUG org.apache.http.wire -  << "{"content":[{"id":"67","name":"DEMO DASHBOARD","owner":"superadmin","description":"Testing purpose"}],"page":{"number":1,"size":20,"totalElements":1,"totalPages":1}}"
15:35:30.526 [main] DEBUG org.apache.http.impl.conn.BasicClientConnectionManager - Releasing connection org.apache.http.impl.conn.ManagedClientConnectionImpl@24fba488
15:35:30.526 [main] DEBUG org.apache.http.impl.conn.BasicClientConnectionManager - Connection can be kept alive indefinitely
HTTP/1.1 200 OK
Cache-Control: no-cache, no-store, max-age=0, must-revalidate
Content-Type: application/json
Date: Wed, 21 Jun 2023 13:35:30 GMT
Expires: 0
Pragma: no-cache
X-Content-Type-Options: nosniff
X-Frame-Options: DENY
X-Xss-Protection: 1; mode=block
Content-Length: 165

{
    "content": [
        {
            "id": "67",
            "name": "DEMO DASHBOARD",
            "owner": "superadmin",
            "description": "Testing purpose"
        }
    ],
    "page": {
        "number": 1,
        "size": 20,
        "totalElements": 1,
        "totalPages": 1
    }
}
2023-06-21 15:35:30 INFO  Listeners:38 - Succeeded Test null
]]></system-out>
  </testcase>
  <testcase name="b_getAllDashboardListTest_GET" classname="alltests.apitest.DashboardControllerTest" time="0.104">
    <system-out><![CDATA[15:35:30.579 [rp-io-14] DEBUG com.epam.reportportal.service.Launch - Starting test item...rp-io-14
2023-06-21 15:35:30 INFO  Listeners:34 - Started Test null
2023-06-21 15:35:30 INFO  DashboardControllerTest:38 - b_getAllDashboardListTest_GET
Request method:	GET
Request URI:	http://localhost:8080/api/v1/AUTOMATIONTESTINGADVANCEDPROGRAM/dashboard
Proxy:			<none>
Request params:	<none>
Query params:	<none>
Form params:	<none>
Path params:	<none>
Headers:		Authorization=Bearer 8bb82a7d-a573-419e-9cce-c2419f308802
				Accept=*/*
				Content-Type=application/json
Cookies:		<none>
Multiparts:		<none>
Body:			<none>
15:35:30.608 [rp-io-16] DEBUG com.epam.reportportal.service.Launch - ReportPortal item with ID '5695147e-a0ac-4d00-b31f-00a304aac5f8' has been created
15:35:30.608 [rp-io-16] DEBUG com.epam.reportportal.utils.SubscriptionUtils - Start test item successfully completed
15:35:30.611 [rp-io-17] DEBUG com.epam.reportportal.service.Launch - TestItem with ID = 'e419d1c0-6b66-4963-a785-f12acfa10bb7' successfully finished.
15:35:30.611 [rp-io-17] DEBUG com.epam.reportportal.utils.SubscriptionUtils - Finish test item completed
15:35:30.614 [main] DEBUG org.apache.http.impl.conn.BasicClientConnectionManager - Get connection for route {}->http://localhost:8080
15:35:30.615 [main] DEBUG org.apache.http.impl.conn.DefaultClientConnectionOperator - Connecting to localhost:8080
15:35:30.615 [main] DEBUG org.apache.http.client.protocol.RequestAddCookies - CookieSpec selected: ignoreCookies
15:35:30.616 [main] DEBUG org.apache.http.client.protocol.RequestAuthCache - Auth cache not set in the context
15:35:30.616 [main] DEBUG org.apache.http.client.protocol.RequestProxyAuthentication - Proxy auth state: UNCHALLENGED
15:35:30.616 [main] DEBUG org.apache.http.impl.client.DefaultHttpClient - Attempt 1 to execute request
15:35:30.616 [main] DEBUG org.apache.http.impl.conn.DefaultClientConnection - Sending request: GET /api/v1/AUTOMATIONTESTINGADVANCEDPROGRAM/dashboard HTTP/1.1
15:35:30.616 [main] DEBUG org.apache.http.wire -  >> "GET /api/v1/AUTOMATIONTESTINGADVANCEDPROGRAM/dashboard HTTP/1.1[\r][\n]"
15:35:30.616 [main] DEBUG org.apache.http.wire -  >> "Content-Type: application/json[\r][\n]"
15:35:30.617 [main] DEBUG org.apache.http.wire -  >> "Authorization: Bearer 8bb82a7d-a573-419e-9cce-c2419f308802[\r][\n]"
15:35:30.617 [main] DEBUG org.apache.http.wire -  >> "Accept: */*[\r][\n]"
15:35:30.617 [main] DEBUG org.apache.http.wire -  >> "Host: localhost:8080[\r][\n]"
15:35:30.617 [main] DEBUG org.apache.http.wire -  >> "Connection: Keep-Alive[\r][\n]"
15:35:30.617 [main] DEBUG org.apache.http.wire -  >> "User-Agent: Apache-HttpClient/4.5.13 (Java/17.0.3.1)[\r][\n]"
15:35:30.617 [main] DEBUG org.apache.http.wire -  >> "Accept-Encoding: gzip,deflate[\r][\n]"
15:35:30.617 [main] DEBUG org.apache.http.wire -  >> "[\r][\n]"
15:35:30.617 [main] DEBUG org.apache.http.headers - >> GET /api/v1/AUTOMATIONTESTINGADVANCEDPROGRAM/dashboard HTTP/1.1
15:35:30.617 [main] DEBUG org.apache.http.headers - >> Content-Type: application/json
15:35:30.617 [main] DEBUG org.apache.http.headers - >> Authorization: Bearer 8bb82a7d-a573-419e-9cce-c2419f308802
15:35:30.617 [main] DEBUG org.apache.http.headers - >> Accept: */*
15:35:30.617 [main] DEBUG org.apache.http.headers - >> Host: localhost:8080
15:35:30.617 [main] DEBUG org.apache.http.headers - >> Connection: Keep-Alive
15:35:30.618 [main] DEBUG org.apache.http.headers - >> User-Agent: Apache-HttpClient/4.5.13 (Java/17.0.3.1)
15:35:30.618 [main] DEBUG org.apache.http.headers - >> Accept-Encoding: gzip,deflate
15:35:30.631 [main] DEBUG org.apache.http.wire -  << "HTTP/1.1 200 OK[\r][\n]"
15:35:30.631 [main] DEBUG org.apache.http.wire -  << "Cache-Control: no-cache, no-store, max-age=0, must-revalidate[\r][\n]"
15:35:30.631 [main] DEBUG org.apache.http.wire -  << "Content-Type: application/json[\r][\n]"
15:35:30.631 [main] DEBUG org.apache.http.wire -  << "Date: Wed, 21 Jun 2023 13:35:30 GMT[\r][\n]"
15:35:30.632 [main] DEBUG org.apache.http.wire -  << "Expires: 0[\r][\n]"
15:35:30.632 [main] DEBUG org.apache.http.wire -  << "Pragma: no-cache[\r][\n]"
15:35:30.632 [main] DEBUG org.apache.http.wire -  << "X-Content-Type-Options: nosniff[\r][\n]"
15:35:30.632 [main] DEBUG org.apache.http.wire -  << "X-Frame-Options: DENY[\r][\n]"
15:35:30.632 [main] DEBUG org.apache.http.wire -  << "X-Xss-Protection: 1; mode=block[\r][\n]"
15:35:30.632 [main] DEBUG org.apache.http.wire -  << "Transfer-Encoding: chunked[\r][\n]"
15:35:30.632 [main] DEBUG org.apache.http.wire -  << "[\r][\n]"
15:35:30.632 [main] DEBUG org.apache.http.impl.conn.DefaultClientConnection - Receiving response: HTTP/1.1 200 OK
15:35:30.632 [main] DEBUG org.apache.http.headers - << HTTP/1.1 200 OK
15:35:30.632 [main] DEBUG org.apache.http.headers - << Cache-Control: no-cache, no-store, max-age=0, must-revalidate
15:35:30.632 [main] DEBUG org.apache.http.headers - << Content-Type: application/json
15:35:30.632 [main] DEBUG org.apache.http.headers - << Date: Wed, 21 Jun 2023 13:35:30 GMT
15:35:30.632 [main] DEBUG org.apache.http.headers - << Expires: 0
15:35:30.632 [main] DEBUG org.apache.http.headers - << Pragma: no-cache
15:35:30.632 [main] DEBUG org.apache.http.headers - << X-Content-Type-Options: nosniff
15:35:30.632 [main] DEBUG org.apache.http.headers - << X-Frame-Options: DENY
15:35:30.632 [main] DEBUG org.apache.http.headers - << X-Xss-Protection: 1; mode=block
15:35:30.632 [main] DEBUG org.apache.http.headers - << Transfer-Encoding: chunked
15:35:30.634 [main] DEBUG org.apache.http.impl.client.DefaultHttpClient - Connection can be kept alive indefinitely
15:35:30.635 [main] DEBUG io.restassured.internal.RestAssuredHttpBuilder - Parsing response as: application/json
15:35:30.635 [main] DEBUG io.restassured.internal.RestAssuredHttpBuilder - Parsed data to instance of: class org.apache.http.conn.EofSensorInputStream
15:35:30.636 [main] DEBUG org.apache.http.wire -  << "b7c[\r][\n]"
15:35:30.636 [main] DEBUG org.apache.http.wire -  << "{"content":[{"description":"Testing purpose","owner":"superadmin","share":true,"id":67,"name":"DEMO DASHBOARD","widgets":[{"widgetName":"LAUNCH STATISTICS AREA","widgetId":55,"widgetType":"statisticTrend","widgetSize":{"width":8,"height":6},"widgetPosition":{"positionX":0,"positionY":0},"share":true,"widgetOptions":{"zoom":false,"timeline":"launch","viewMode":"area-spline"}},{"widgetName":"LAUNCH STATISTICS BAR","widgetId":56,"widgetType":"statisticTrend","widgetSize":{"width":6,"height":5},"widgetPosition":{"positionX":6,"positionY":6},"share":true,"widgetOptions":{"zoom":false,"timeline":"launch","viewMode":"bar"}},{"widgetName":"INVESTIGATED PERCENTAGE OF LAUNCHES","widgetId":57,"widgetType":"investigatedTrend","widgetSize":{"width":7,"height":5},"widgetPosition":{"positionX":0,"positionY":11},"share":true,"widgetOptions":{"timeline":"launch"}},{"widgetName":"TEST CASES GROWTH TREND CHART","widgetId":58,"widgetType":"casesTrend","widgetSize":{"width":5,"height":5},"widgetPosition":{"positionX":7,"positionY":11},"share":true,"widgetOptions":{}},{"widgetName":"OVERALL STATISTICS PANEL","widgetId":59,"widgetType":"overallStatistics","widgetSize":{"width":5,"height":5},"widgetPosition":{"positionX":0,"positionY":16},"share":true,"widgetOptions":{"latest":false,"viewMode":"panel"}},{"widgetName":"LAUNCHES DURATION CHART","widgetId":60,"widgetType":"launchesDurationChart","widgetSize":{"width":7,"height":5},"widgetPosition":{"positionX":5,"positionY":16},"share":true,"widgetOptions":{"latest":false}},{"widgetName":"OVERALL STATISTICS DONUT","widgetId":61,"widgetType":"overallStatistics","widgetSize":{"width":6,"height":5},"widgetPosition":{"positionX":0,"positionY":21},"share":true,"widgetOptions":{"latest":false,"viewMode":"donut"}},{"widgetName":"FAILED CASES TREND CHART","widgetId":62,"widgetType":"bugTrend","widgetSize":{"width":6,"height":5},"widgetPosition":{"positionX":6,"positionY":21},"share":true,"widgetOptions":{}},{"widgetName":"LAUNCH TABLE","widgetId":63,"widgetType":"launchesTable","widgetSize":{"width":12,"height":4},"widgetPosition":{"positionX":0,"positionY":26},"share":true,"widgetOptions":{}},{"widgetName":"MOST FAILED TEST CASES","widgetId":64,"widgetType":"topTestCases","widgetSize":{"width":7,"height":5},"widgetPosition":{"positionX":0,"positionY":30},"share":true,"widgetOptions":{"includeMethods":false,"launchNameFilter":"Demo Api Tests"}},{"widgetName":"PASSING RATE SUMMARY","widgetId":65,"widgetType":"passingRateSummary","widgetSize":{"width":5,"height":5},"widgetPosition":{"positionX":7,"positionY":30},"share":true,"widgetOptions":{"viewMode":"pie"}},{"widgetName":"FLAKY TEST CASES","widgetId":66,"widgetType":"flakyTestCases","widgetSize":{"width":12,"height":4},"widgetPosition":{"positionX":0,"positionY":35},"share":true,"widgetOptions":{"includeMethods":false,"launchNameFilter":"Demo Api Tests"}}]}],"page":{"number":1,"size":20,"totalElements":1,"totalPages":1}}"
15:35:30.636 [main] DEBUG org.apache.http.wire -  << "[\r][\n]"
15:35:30.636 [main] DEBUG org.apache.http.wire -  << "0[\r][\n]"
15:35:30.636 [main] DEBUG org.apache.http.wire -  << "[\r][\n]"
15:35:30.636 [main] DEBUG org.apache.http.impl.conn.BasicClientConnectionManager - Releasing connection org.apache.http.impl.conn.ManagedClientConnectionImpl@5cff729b
15:35:30.636 [main] DEBUG org.apache.http.impl.conn.BasicClientConnectionManager - Connection can be kept alive indefinitely
HTTP/1.1 200 OK
Cache-Control: no-cache, no-store, max-age=0, must-revalidate
Content-Type: application/json
Date: Wed, 21 Jun 2023 13:35:30 GMT
Expires: 0
Pragma: no-cache
X-Content-Type-Options: nosniff
X-Frame-Options: DENY
X-Xss-Protection: 1; mode=block
Transfer-Encoding: chunked

{
    "content": [
        {
            "description": "Testing purpose",
            "owner": "superadmin",
            "share": true,
            "id": 67,
            "name": "DEMO DASHBOARD",
            "widgets": [
                {
                    "widgetName": "LAUNCH STATISTICS AREA",
                    "widgetId": 55,
                    "widgetType": "statisticTrend",
                    "widgetSize": {
                        "width": 8,
                        "height": 6
                    },
                    "widgetPosition": {
                        "positionX": 0,
                        "positionY": 0
                    },
                    "share": true,
                    "widgetOptions": {
                        "zoom": false,
                        "timeline": "launch",
                        "viewMode": "area-spline"
                    }
                },
                {
                    "widgetName": "LAUNCH STATISTICS BAR",
                    "widgetId": 56,
                    "widgetType": "statisticTrend",
                    "widgetSize": {
                        "width": 6,
                        "height": 5
                    },
                    "widgetPosition": {
                        "positionX": 6,
                        "positionY": 6
                    },
                    "share": true,
                    "widgetOptions": {
                        "zoom": false,
                        "timeline": "launch",
                        "viewMode": "bar"
                    }
                },
                {
                    "widgetName": "INVESTIGATED PERCENTAGE OF LAUNCHES",
                    "widgetId": 57,
                    "widgetType": "investigatedTrend",
                    "widgetSize": {
                        "width": 7,
                        "height": 5
                    },
                    "widgetPosition": {
                        "positionX": 0,
                        "positionY": 11
                    },
                    "share": true,
                    "widgetOptions": {
                        "timeline": "launch"
                    }
                },
                {
                    "widgetName": "TEST CASES GROWTH TREND CHART",
                    "widgetId": 58,
                    "widgetType": "casesTrend",
                    "widgetSize": {
                        "width": 5,
                        "height": 5
                    },
                    "widgetPosition": {
                        "positionX": 7,
                        "positionY": 11
                    },
                    "share": true,
                    "widgetOptions": {
                        
                    }
                },
                {
                    "widgetName": "OVERALL STATISTICS PANEL",
                    "widgetId": 59,
                    "widgetType": "overallStatistics",
                    "widgetSize": {
                        "width": 5,
                        "height": 5
                    },
                    "widgetPosition": {
                        "positionX": 0,
                        "positionY": 16
                    },
                    "share": true,
                    "widgetOptions": {
                        "latest": false,
                        "viewMode": "panel"
                    }
                },
                {
                    "widgetName": "LAUNCHES DURATION CHART",
                    "widgetId": 60,
                    "widgetType": "launchesDurationChart",
                    "widgetSize": {
                        "width": 7,
                        "height": 5
                    },
                    "widgetPosition": {
                        "positionX": 5,
                        "positionY": 16
                    },
                    "share": true,
                    "widgetOptions": {
                        "latest": false
                    }
                },
                {
                    "widgetName": "OVERALL STATISTICS DONUT",
                    "widgetId": 61,
                    "widgetType": "overallStatistics",
                    "widgetSize": {
                        "width": 6,
                        "height": 5
                    },
                    "widgetPosition": {
                        "positionX": 0,
                        "positionY": 21
                    },
                    "share": true,
                    "widgetOptions": {
                        "latest": false,
                        "viewMode": "donut"
                    }
                },
                {
                    "widgetName": "FAILED CASES TREND CHART",
                    "widgetId": 62,
                    "widgetType": "bugTrend",
                    "widgetSize": {
                        "width": 6,
                        "height": 5
                    },
                    "widgetPosition": {
                        "positionX": 6,
                        "positionY": 21
                    },
                    "share": true,
                    "widgetOptions": {
                        
                    }
                },
                {
                    "widgetName": "LAUNCH TABLE",
                    "widgetId": 63,
                    "widgetType": "launchesTable",
                    "widgetSize": {
                        "width": 12,
                        "height": 4
                    },
                    "widgetPosition": {
                        "positionX": 0,
                        "positionY": 26
                    },
                    "share": true,
                    "widgetOptions": {
                        
                    }
                },
                {
                    "widgetName": "MOST FAILED TEST CASES",
                    "widgetId": 64,
                    "widgetType": "topTestCases",
                    "widgetSize": {
                        "width": 7,
                        "height": 5
                    },
                    "widgetPosition": {
                        "positionX": 0,
                        "positionY": 30
                    },
                    "share": true,
                    "widgetOptions": {
                        "includeMethods": false,
                        "launchNameFilter": "Demo Api Tests"
                    }
                },
                {
                    "widgetName": "PASSING RATE SUMMARY",
                    "widgetId": 65,
                    "widgetType": "passingRateSummary",
                    "widgetSize": {
                        "width": 5,
                        "height": 5
                    },
                    "widgetPosition": {
                        "positionX": 7,
                        "positionY": 30
                    },
                    "share": true,
                    "widgetOptions": {
                        "viewMode": "pie"
                    }
                },
                {
                    "widgetName": "FLAKY TEST CASES",
                    "widgetId": 66,
                    "widgetType": "flakyTestCases",
                    "widgetSize": {
                        "width": 12,
                        "height": 4
                    },
                    "widgetPosition": {
                        "positionX": 0,
                        "positionY": 35
                    },
                    "share": true,
                    "widgetOptions": {
                        "includeMethods": false,
                        "launchNameFilter": "Demo Api Tests"
                    }
                }
            ]
        }
    ],
    "page": {
        "number": 1,
        "size": 20,
        "totalElements": 1,
        "totalPages": 1
    }
}
2023-06-21 15:35:30 INFO  Listeners:38 - Succeeded Test null
]]></system-out>
  </testcase>
  <testcase name="c_getDashboardByIdTest_GET" classname="alltests.apitest.DashboardControllerTest" time="0.078">
    <system-out><![CDATA[2023-06-21 15:35:30 INFO  Listeners:34 - Started Test null
15:35:30.652 [rp-io-21] DEBUG com.epam.reportportal.service.Launch - Starting test item...rp-io-21
2023-06-21 15:35:30 INFO  DashboardControllerTest:45 - c_getDashboardByIdTest_GET
15:35:30.668 [rp-io-20] DEBUG com.epam.reportportal.service.Launch - TestItem with ID = '5695147e-a0ac-4d00-b31f-00a304aac5f8' successfully finished.
15:35:30.668 [rp-io-20] DEBUG com.epam.reportportal.utils.SubscriptionUtils - Finish test item completed
15:35:30.676 [rp-io-23] DEBUG com.epam.reportportal.service.Launch - ReportPortal item with ID '9c822565-e6ba-4001-a027-cfff068a57a7' has been created
15:35:30.676 [rp-io-23] DEBUG com.epam.reportportal.utils.SubscriptionUtils - Start test item successfully completed
Request method:	GET
Request URI:	http://localhost:8080/api/v1/AUTOMATIONTESTINGADVANCEDPROGRAM/dashboard/67
Proxy:			<none>
Request params:	<none>
Query params:	<none>
Form params:	<none>
Path params:	id=67
Headers:		Authorization=Bearer 8bb82a7d-a573-419e-9cce-c2419f308802
				Accept=*/*
				Content-Type=application/json
Cookies:		<none>
Multiparts:		<none>
Body:			<none>
15:35:30.697 [main] DEBUG org.apache.http.impl.conn.BasicClientConnectionManager - Get connection for route {}->http://localhost:8080
15:35:30.697 [main] DEBUG org.apache.http.impl.conn.DefaultClientConnectionOperator - Connecting to localhost:8080
15:35:30.698 [main] DEBUG org.apache.http.client.protocol.RequestAddCookies - CookieSpec selected: ignoreCookies
15:35:30.699 [main] DEBUG org.apache.http.client.protocol.RequestAuthCache - Auth cache not set in the context
15:35:30.699 [main] DEBUG org.apache.http.client.protocol.RequestProxyAuthentication - Proxy auth state: UNCHALLENGED
15:35:30.699 [main] DEBUG org.apache.http.impl.client.DefaultHttpClient - Attempt 1 to execute request
15:35:30.699 [main] DEBUG org.apache.http.impl.conn.DefaultClientConnection - Sending request: GET /api/v1/AUTOMATIONTESTINGADVANCEDPROGRAM/dashboard/67 HTTP/1.1
15:35:30.699 [main] DEBUG org.apache.http.wire -  >> "GET /api/v1/AUTOMATIONTESTINGADVANCEDPROGRAM/dashboard/67 HTTP/1.1[\r][\n]"
15:35:30.699 [main] DEBUG org.apache.http.wire -  >> "Content-Type: application/json[\r][\n]"
15:35:30.699 [main] DEBUG org.apache.http.wire -  >> "Authorization: Bearer 8bb82a7d-a573-419e-9cce-c2419f308802[\r][\n]"
15:35:30.699 [main] DEBUG org.apache.http.wire -  >> "Accept: */*[\r][\n]"
15:35:30.699 [main] DEBUG org.apache.http.wire -  >> "Host: localhost:8080[\r][\n]"
15:35:30.699 [main] DEBUG org.apache.http.wire -  >> "Connection: Keep-Alive[\r][\n]"
15:35:30.700 [main] DEBUG org.apache.http.wire -  >> "User-Agent: Apache-HttpClient/4.5.13 (Java/17.0.3.1)[\r][\n]"
15:35:30.700 [main] DEBUG org.apache.http.wire -  >> "Accept-Encoding: gzip,deflate[\r][\n]"
15:35:30.700 [main] DEBUG org.apache.http.wire -  >> "[\r][\n]"
15:35:30.700 [main] DEBUG org.apache.http.headers - >> GET /api/v1/AUTOMATIONTESTINGADVANCEDPROGRAM/dashboard/67 HTTP/1.1
15:35:30.700 [main] DEBUG org.apache.http.headers - >> Content-Type: application/json
15:35:30.700 [main] DEBUG org.apache.http.headers - >> Authorization: Bearer 8bb82a7d-a573-419e-9cce-c2419f308802
15:35:30.700 [main] DEBUG org.apache.http.headers - >> Accept: */*
15:35:30.700 [main] DEBUG org.apache.http.headers - >> Host: localhost:8080
15:35:30.700 [main] DEBUG org.apache.http.headers - >> Connection: Keep-Alive
15:35:30.700 [main] DEBUG org.apache.http.headers - >> User-Agent: Apache-HttpClient/4.5.13 (Java/17.0.3.1)
15:35:30.700 [main] DEBUG org.apache.http.headers - >> Accept-Encoding: gzip,deflate
15:35:30.718 [main] DEBUG org.apache.http.wire -  << "HTTP/1.1 200 OK[\r][\n]"
15:35:30.718 [main] DEBUG org.apache.http.wire -  << "Cache-Control: no-cache, no-store, max-age=0, must-revalidate[\r][\n]"
15:35:30.718 [main] DEBUG org.apache.http.wire -  << "Content-Type: application/json[\r][\n]"
15:35:30.718 [main] DEBUG org.apache.http.wire -  << "Date: Wed, 21 Jun 2023 13:35:30 GMT[\r][\n]"
15:35:30.718 [main] DEBUG org.apache.http.wire -  << "Expires: 0[\r][\n]"
15:35:30.718 [main] DEBUG org.apache.http.wire -  << "Pragma: no-cache[\r][\n]"
15:35:30.718 [main] DEBUG org.apache.http.wire -  << "X-Content-Type-Options: nosniff[\r][\n]"
15:35:30.718 [main] DEBUG org.apache.http.wire -  << "X-Frame-Options: DENY[\r][\n]"
15:35:30.718 [main] DEBUG org.apache.http.wire -  << "X-Xss-Protection: 1; mode=block[\r][\n]"
15:35:30.719 [main] DEBUG org.apache.http.wire -  << "Transfer-Encoding: chunked[\r][\n]"
15:35:30.719 [main] DEBUG org.apache.http.wire -  << "[\r][\n]"
15:35:30.719 [main] DEBUG org.apache.http.impl.conn.DefaultClientConnection - Receiving response: HTTP/1.1 200 OK
15:35:30.719 [main] DEBUG org.apache.http.headers - << HTTP/1.1 200 OK
15:35:30.719 [main] DEBUG org.apache.http.headers - << Cache-Control: no-cache, no-store, max-age=0, must-revalidate
15:35:30.719 [main] DEBUG org.apache.http.headers - << Content-Type: application/json
15:35:30.719 [main] DEBUG org.apache.http.headers - << Date: Wed, 21 Jun 2023 13:35:30 GMT
15:35:30.719 [main] DEBUG org.apache.http.headers - << Expires: 0
15:35:30.719 [main] DEBUG org.apache.http.headers - << Pragma: no-cache
15:35:30.719 [main] DEBUG org.apache.http.headers - << X-Content-Type-Options: nosniff
15:35:30.719 [main] DEBUG org.apache.http.headers - << X-Frame-Options: DENY
15:35:30.719 [main] DEBUG org.apache.http.headers - << X-Xss-Protection: 1; mode=block
15:35:30.719 [main] DEBUG org.apache.http.headers - << Transfer-Encoding: chunked
15:35:30.719 [main] DEBUG org.apache.http.impl.client.DefaultHttpClient - Connection can be kept alive indefinitely
15:35:30.719 [main] DEBUG io.restassured.internal.RestAssuredHttpBuilder - Parsing response as: application/json
15:35:30.719 [main] DEBUG io.restassured.internal.RestAssuredHttpBuilder - Parsed data to instance of: class org.apache.http.conn.EofSensorInputStream
15:35:30.720 [main] DEBUG org.apache.http.wire -  << "b2f[\r][\n]"
15:35:30.721 [main] DEBUG org.apache.http.wire -  << "{"description":"Testing purpose","owner":"superadmin","share":true,"id":67,"name":"DEMO DASHBOARD","widgets":[{"widgetName":"LAUNCH STATISTICS AREA","widgetId":55,"widgetType":"statisticTrend","widgetSize":{"width":8,"height":6},"widgetPosition":{"positionX":0,"positionY":0},"share":true,"widgetOptions":{"zoom":false,"timeline":"launch","viewMode":"area-spline"}},{"widgetName":"LAUNCH STATISTICS BAR","widgetId":56,"widgetType":"statisticTrend","widgetSize":{"width":6,"height":5},"widgetPosition":{"positionX":6,"positionY":6},"share":true,"widgetOptions":{"zoom":false,"timeline":"launch","viewMode":"bar"}},{"widgetName":"INVESTIGATED PERCENTAGE OF LAUNCHES","widgetId":57,"widgetType":"investigatedTrend","widgetSize":{"width":7,"height":5},"widgetPosition":{"positionX":0,"positionY":11},"share":true,"widgetOptions":{"timeline":"launch"}},{"widgetName":"TEST CASES GROWTH TREND CHART","widgetId":58,"widgetType":"casesTrend","widgetSize":{"width":5,"height":5},"widgetPosition":{"positionX":7,"positionY":11},"share":true,"widgetOptions":{}},{"widgetName":"OVERALL STATISTICS PANEL","widgetId":59,"widgetType":"overallStatistics","widgetSize":{"width":5,"height":5},"widgetPosition":{"positionX":0,"positionY":16},"share":true,"widgetOptions":{"latest":false,"viewMode":"panel"}},{"widgetName":"LAUNCHES DURATION CHART","widgetId":60,"widgetType":"launchesDurationChart","widgetSize":{"width":7,"height":5},"widgetPosition":{"positionX":5,"positionY":16},"share":true,"widgetOptions":{"latest":false}},{"widgetName":"OVERALL STATISTICS DONUT","widgetId":61,"widgetType":"overallStatistics","widgetSize":{"width":6,"height":5},"widgetPosition":{"positionX":0,"positionY":21},"share":true,"widgetOptions":{"latest":false,"viewMode":"donut"}},{"widgetName":"FAILED CASES TREND CHART","widgetId":62,"widgetType":"bugTrend","widgetSize":{"width":6,"height":5},"widgetPosition":{"positionX":6,"positionY":21},"share":true,"widgetOptions":{}},{"widgetName":"LAUNCH TABLE","widgetId":63,"widgetType":"launchesTable","widgetSize":{"width":12,"height":4},"widgetPosition":{"positionX":0,"positionY":26},"share":true,"widgetOptions":{}},{"widgetName":"MOST FAILED TEST CASES","widgetId":64,"widgetType":"topTestCases","widgetSize":{"width":7,"height":5},"widgetPosition":{"positionX":0,"positionY":30},"share":true,"widgetOptions":{"includeMethods":false,"launchNameFilter":"Demo Api Tests"}},{"widgetName":"PASSING RATE SUMMARY","widgetId":65,"widgetType":"passingRateSummary","widgetSize":{"width":5,"height":5},"widgetPosition":{"positionX":7,"positionY":30},"share":true,"widgetOptions":{"viewMode":"pie"}},{"widgetName":"FLAKY TEST CASES","widgetId":66,"widgetType":"flakyTestCases","widgetSize":{"width":12,"height":4},"widgetPosition":{"positionX":0,"positionY":35},"share":true,"widgetOptions":{"includeMethods":false,"launchNameFilter":"Demo Api Tests"}}]}"
15:35:30.721 [main] DEBUG org.apache.http.wire -  << "[\r][\n]"
15:35:30.721 [main] DEBUG org.apache.http.wire -  << "0[\r][\n]"
15:35:30.721 [main] DEBUG org.apache.http.wire -  << "[\r][\n]"
15:35:30.721 [main] DEBUG org.apache.http.impl.conn.BasicClientConnectionManager - Releasing connection org.apache.http.impl.conn.ManagedClientConnectionImpl@5dbab232
15:35:30.721 [main] DEBUG org.apache.http.impl.conn.BasicClientConnectionManager - Connection can be kept alive indefinitely
HTTP/1.1 200 OK
Cache-Control: no-cache, no-store, max-age=0, must-revalidate
Content-Type: application/json
Date: Wed, 21 Jun 2023 13:35:30 GMT
Expires: 0
Pragma: no-cache
X-Content-Type-Options: nosniff
X-Frame-Options: DENY
X-Xss-Protection: 1; mode=block
Transfer-Encoding: chunked

{
    "description": "Testing purpose",
    "owner": "superadmin",
    "share": true,
    "id": 67,
    "name": "DEMO DASHBOARD",
    "widgets": [
        {
            "widgetName": "LAUNCH STATISTICS AREA",
            "widgetId": 55,
            "widgetType": "statisticTrend",
            "widgetSize": {
                "width": 8,
                "height": 6
            },
            "widgetPosition": {
                "positionX": 0,
                "positionY": 0
            },
            "share": true,
            "widgetOptions": {
                "zoom": false,
                "timeline": "launch",
                "viewMode": "area-spline"
            }
        },
        {
            "widgetName": "LAUNCH STATISTICS BAR",
            "widgetId": 56,
            "widgetType": "statisticTrend",
            "widgetSize": {
                "width": 6,
                "height": 5
            },
            "widgetPosition": {
                "positionX": 6,
                "positionY": 6
            },
            "share": true,
            "widgetOptions": {
                "zoom": false,
                "timeline": "launch",
                "viewMode": "bar"
            }
        },
        {
            "widgetName": "INVESTIGATED PERCENTAGE OF LAUNCHES",
            "widgetId": 57,
            "widgetType": "investigatedTrend",
            "widgetSize": {
                "width": 7,
                "height": 5
            },
            "widgetPosition": {
                "positionX": 0,
                "positionY": 11
            },
            "share": true,
            "widgetOptions": {
                "timeline": "launch"
            }
        },
        {
            "widgetName": "TEST CASES GROWTH TREND CHART",
            "widgetId": 58,
            "widgetType": "casesTrend",
            "widgetSize": {
                "width": 5,
                "height": 5
            },
            "widgetPosition": {
                "positionX": 7,
                "positionY": 11
            },
            "share": true,
            "widgetOptions": {
                
            }
        },
        {
            "widgetName": "OVERALL STATISTICS PANEL",
            "widgetId": 59,
            "widgetType": "overallStatistics",
            "widgetSize": {
                "width": 5,
                "height": 5
            },
            "widgetPosition": {
                "positionX": 0,
                "positionY": 16
            },
            "share": true,
            "widgetOptions": {
                "latest": false,
                "viewMode": "panel"
            }
        },
        {
            "widgetName": "LAUNCHES DURATION CHART",
            "widgetId": 60,
            "widgetType": "launchesDurationChart",
            "widgetSize": {
                "width": 7,
                "height": 5
            },
            "widgetPosition": {
                "positionX": 5,
                "positionY": 16
            },
            "share": true,
            "widgetOptions": {
                "latest": false
            }
        },
        {
            "widgetName": "OVERALL STATISTICS DONUT",
            "widgetId": 61,
            "widgetType": "overallStatistics",
            "widgetSize": {
                "width": 6,
                "height": 5
            },
            "widgetPosition": {
                "positionX": 0,
                "positionY": 21
            },
            "share": true,
            "widgetOptions": {
                "latest": false,
                "viewMode": "donut"
            }
        },
        {
            "widgetName": "FAILED CASES TREND CHART",
            "widgetId": 62,
            "widgetType": "bugTrend",
            "widgetSize": {
                "width": 6,
                "height": 5
            },
            "widgetPosition": {
                "positionX": 6,
                "positionY": 21
            },
            "share": true,
            "widgetOptions": {
                
            }
        },
        {
            "widgetName": "LAUNCH TABLE",
            "widgetId": 63,
            "widgetType": "launchesTable",
            "widgetSize": {
                "width": 12,
                "height": 4
            },
            "widgetPosition": {
                "positionX": 0,
                "positionY": 26
            },
            "share": true,
            "widgetOptions": {
                
            }
        },
        {
            "widgetName": "MOST FAILED TEST CASES",
            "widgetId": 64,
            "widgetType": "topTestCases",
            "widgetSize": {
                "width": 7,
                "height": 5
            },
            "widgetPosition": {
                "positionX": 0,
                "positionY": 30
            },
            "share": true,
            "widgetOptions": {
                "includeMethods": false,
                "launchNameFilter": "Demo Api Tests"
            }
        },
        {
            "widgetName": "PASSING RATE SUMMARY",
            "widgetId": 65,
            "widgetType": "passingRateSummary",
            "widgetSize": {
                "width": 5,
                "height": 5
            },
            "widgetPosition": {
                "positionX": 7,
                "positionY": 30
            },
            "share": true,
            "widgetOptions": {
                "viewMode": "pie"
            }
        },
        {
            "widgetName": "FLAKY TEST CASES",
            "widgetId": 66,
            "widgetType": "flakyTestCases",
            "widgetSize": {
                "width": 12,
                "height": 4
            },
            "widgetPosition": {
                "positionX": 0,
                "positionY": 35
            },
            "share": true,
            "widgetOptions": {
                "includeMethods": false,
                "launchNameFilter": "Demo Api Tests"
            }
        }
    ]
}
2023-06-21 15:35:30 INFO  Listeners:38 - Succeeded Test null
]]></system-out>
  </testcase>
  <testcase name="d_getDashboardByIdThatDoesNotExist_GET" classname="alltests.apitest.DashboardControllerTest" time="1.043">
    <system-out><![CDATA[2023-06-21 15:35:30 INFO  Listeners:34 - Started Test null
15:35:30.730 [rp-io-27] DEBUG com.epam.reportportal.service.Launch - Starting test item...rp-io-27
2023-06-21 15:35:30 INFO  DashboardControllerTest:52 - getDashboardByIdThatDoesNotExist_GET
Request method:	GET
Request URI:	http://localhost:8080/api/v1/AUTOMATIONTESTINGADVANCEDPROGRAM/dashboard/0
Proxy:			<none>
Request params:	<none>
Query params:	<none>
Form params:	<none>
Path params:	id=0
Headers:		Authorization=Bearer 8bb82a7d-a573-419e-9cce-c2419f308802
				Accept=*/*
				Content-Type=application/json
Cookies:		<none>
Multiparts:		<none>
Body:			<none>
15:35:30.748 [rp-io-26] DEBUG com.epam.reportportal.service.Launch - TestItem with ID = '9c822565-e6ba-4001-a027-cfff068a57a7' successfully finished.
15:35:30.749 [rp-io-26] DEBUG com.epam.reportportal.utils.SubscriptionUtils - Finish test item completed
15:35:30.752 [rp-io-29] DEBUG com.epam.reportportal.service.Launch - ReportPortal item with ID '012ac70f-f352-4803-aea4-a6b49c7bb55a' has been created
15:35:30.752 [rp-io-29] DEBUG com.epam.reportportal.utils.SubscriptionUtils - Start test item successfully completed
15:35:30.757 [main] DEBUG org.apache.http.impl.conn.BasicClientConnectionManager - Get connection for route {}->http://localhost:8080
15:35:30.757 [main] DEBUG org.apache.http.impl.conn.DefaultClientConnectionOperator - Connecting to localhost:8080
15:35:30.759 [main] DEBUG org.apache.http.client.protocol.RequestAddCookies - CookieSpec selected: ignoreCookies
15:35:30.759 [main] DEBUG org.apache.http.client.protocol.RequestAuthCache - Auth cache not set in the context
15:35:30.759 [main] DEBUG org.apache.http.client.protocol.RequestProxyAuthentication - Proxy auth state: UNCHALLENGED
15:35:30.759 [main] DEBUG org.apache.http.impl.client.DefaultHttpClient - Attempt 1 to execute request
15:35:30.759 [main] DEBUG org.apache.http.impl.conn.DefaultClientConnection - Sending request: GET /api/v1/AUTOMATIONTESTINGADVANCEDPROGRAM/dashboard/0 HTTP/1.1
15:35:30.759 [main] DEBUG org.apache.http.wire -  >> "GET /api/v1/AUTOMATIONTESTINGADVANCEDPROGRAM/dashboard/0 HTTP/1.1[\r][\n]"
15:35:30.760 [main] DEBUG org.apache.http.wire -  >> "Content-Type: application/json[\r][\n]"
15:35:30.760 [main] DEBUG org.apache.http.wire -  >> "Authorization: Bearer 8bb82a7d-a573-419e-9cce-c2419f308802[\r][\n]"
15:35:30.760 [main] DEBUG org.apache.http.wire -  >> "Accept: */*[\r][\n]"
15:35:30.760 [main] DEBUG org.apache.http.wire -  >> "Host: localhost:8080[\r][\n]"
15:35:30.760 [main] DEBUG org.apache.http.wire -  >> "Connection: Keep-Alive[\r][\n]"
15:35:30.760 [main] DEBUG org.apache.http.wire -  >> "User-Agent: Apache-HttpClient/4.5.13 (Java/17.0.3.1)[\r][\n]"
15:35:30.760 [main] DEBUG org.apache.http.wire -  >> "Accept-Encoding: gzip,deflate[\r][\n]"
15:35:30.760 [main] DEBUG org.apache.http.wire -  >> "[\r][\n]"
15:35:30.760 [main] DEBUG org.apache.http.headers - >> GET /api/v1/AUTOMATIONTESTINGADVANCEDPROGRAM/dashboard/0 HTTP/1.1
15:35:30.760 [main] DEBUG org.apache.http.headers - >> Content-Type: application/json
15:35:30.760 [main] DEBUG org.apache.http.headers - >> Authorization: Bearer 8bb82a7d-a573-419e-9cce-c2419f308802
15:35:30.760 [main] DEBUG org.apache.http.headers - >> Accept: */*
15:35:30.760 [main] DEBUG org.apache.http.headers - >> Host: localhost:8080
15:35:30.760 [main] DEBUG org.apache.http.headers - >> Connection: Keep-Alive
15:35:30.760 [main] DEBUG org.apache.http.headers - >> User-Agent: Apache-HttpClient/4.5.13 (Java/17.0.3.1)
15:35:30.760 [main] DEBUG org.apache.http.headers - >> Accept-Encoding: gzip,deflate
15:35:30.769 [main] DEBUG org.apache.http.wire -  << "HTTP/1.1 404 Not Found[\r][\n]"
15:35:30.770 [main] DEBUG org.apache.http.wire -  << "Cache-Control: no-cache, no-store, max-age=0, must-revalidate[\r][\n]"
15:35:30.770 [main] DEBUG org.apache.http.wire -  << "Content-Type: application/json[\r][\n]"
15:35:30.770 [main] DEBUG org.apache.http.wire -  << "Date: Wed, 21 Jun 2023 13:35:30 GMT[\r][\n]"
15:35:30.770 [main] DEBUG org.apache.http.wire -  << "Expires: 0[\r][\n]"
15:35:30.770 [main] DEBUG org.apache.http.wire -  << "Pragma: no-cache[\r][\n]"
15:35:30.770 [main] DEBUG org.apache.http.wire -  << "X-Content-Type-Options: nosniff[\r][\n]"
15:35:30.770 [main] DEBUG org.apache.http.wire -  << "X-Frame-Options: DENY[\r][\n]"
15:35:30.770 [main] DEBUG org.apache.http.wire -  << "X-Xss-Protection: 1; mode=block[\r][\n]"
15:35:30.770 [main] DEBUG org.apache.http.wire -  << "Content-Length: 144[\r][\n]"
15:35:30.770 [main] DEBUG org.apache.http.wire -  << "[\r][\n]"
15:35:30.771 [main] DEBUG org.apache.http.impl.conn.DefaultClientConnection - Receiving response: HTTP/1.1 404 Not Found
15:35:30.771 [main] DEBUG org.apache.http.headers - << HTTP/1.1 404 Not Found
15:35:30.771 [main] DEBUG org.apache.http.headers - << Cache-Control: no-cache, no-store, max-age=0, must-revalidate
15:35:30.771 [main] DEBUG org.apache.http.headers - << Content-Type: application/json
15:35:30.771 [main] DEBUG org.apache.http.headers - << Date: Wed, 21 Jun 2023 13:35:30 GMT
15:35:30.771 [main] DEBUG org.apache.http.headers - << Expires: 0
15:35:30.771 [main] DEBUG org.apache.http.headers - << Pragma: no-cache
15:35:30.771 [main] DEBUG org.apache.http.headers - << X-Content-Type-Options: nosniff
15:35:30.771 [main] DEBUG org.apache.http.headers - << X-Frame-Options: DENY
15:35:30.771 [main] DEBUG org.apache.http.headers - << X-Xss-Protection: 1; mode=block
15:35:30.771 [main] DEBUG org.apache.http.headers - << Content-Length: 144
15:35:30.771 [main] DEBUG org.apache.http.impl.client.DefaultHttpClient - Connection can be kept alive indefinitely
15:35:30.771 [main] DEBUG io.restassured.internal.RestAssuredHttpBuilder - Parsing response as: application/json
15:35:30.772 [main] DEBUG io.restassured.internal.RestAssuredHttpBuilder - Parsed data to instance of: class org.apache.http.conn.EofSensorInputStream
15:35:30.773 [main] DEBUG org.apache.http.wire -  << "{"errorCode":40422,"message":"Dashboard with ID '0' not found on project 'automationtestingadvancedprogram'. Did you use correct Dashboard ID?"}"
15:35:30.773 [main] DEBUG org.apache.http.impl.conn.BasicClientConnectionManager - Releasing connection org.apache.http.impl.conn.ManagedClientConnectionImpl@34edd065
15:35:30.773 [main] DEBUG org.apache.http.impl.conn.BasicClientConnectionManager - Connection can be kept alive indefinitely
HTTP/1.1 404 Not Found
Cache-Control: no-cache, no-store, max-age=0, must-revalidate
Content-Type: application/json
Date: Wed, 21 Jun 2023 13:35:30 GMT
Expires: 0
Pragma: no-cache
X-Content-Type-Options: nosniff
X-Frame-Options: DENY
X-Xss-Protection: 1; mode=block
Content-Length: 144

{
    "errorCode": 40422,
    "message": "Dashboard with ID '0' not found on project 'automationtestingadvancedprogram'. Did you use correct Dashboard ID?"
}
15:35:31.417 [Finalizer] DEBUG org.apache.http.impl.conn.DefaultClientConnection - Connection 0.0.0.0:52442<->127.0.0.1:8080 closed
15:35:31.418 [Finalizer] DEBUG org.apache.http.impl.conn.DefaultClientConnection - Connection 0.0.0.0:52443<->127.0.0.1:8080 closed
2023-06-21 15:35:31 INFO  Listeners:38 - Succeeded Test null
]]></system-out>
  </testcase>
  <testcase name="e_createNewDashboardWithoutName_POST" classname="alltests.apitest.DashboardControllerTest" time="0.356">
    <system-out><![CDATA[15:35:31.815 [rp-io-33] DEBUG com.epam.reportportal.service.Launch - Starting test item...rp-io-33
2023-06-21 15:35:31 INFO  Listeners:34 - Started Test null
2023-06-21 15:35:31 INFO  DashboardControllerTest:72 - e_createNewDashboardWithoutName_POST
15:35:31.831 [rp-io-32] DEBUG com.epam.reportportal.service.Launch - TestItem with ID = '012ac70f-f352-4803-aea4-a6b49c7bb55a' successfully finished.
15:35:31.831 [rp-io-32] DEBUG com.epam.reportportal.utils.SubscriptionUtils - Finish test item completed
15:35:31.834 [rp-io-35] DEBUG com.epam.reportportal.service.Launch - ReportPortal item with ID '829e542e-3016-424a-8bb1-260b29e39d77' has been created
15:35:31.834 [rp-io-35] DEBUG com.epam.reportportal.utils.SubscriptionUtils - Start test item successfully completed
Request method:	POST
Request URI:	http://localhost:8080/api/v1/AUTOMATIONTESTINGADVANCEDPROGRAM/dashboard
Proxy:			<none>
Request params:	<none>
Query params:	<none>
Form params:	<none>
Path params:	<none>
Headers:		Authorization=Bearer 8bb82a7d-a573-419e-9cce-c2419f308802
				Accept=*/*
				Content-Type=application/json
Cookies:		<none>
Multiparts:		<none>
Body:
{
    "name": null,
    "description": "And Its already 24th May",
    "shared": true
}
15:35:32.109 [main] DEBUG org.apache.http.impl.conn.BasicClientConnectionManager - Get connection for route {}->http://localhost:8080
15:35:32.110 [main] DEBUG org.apache.http.impl.conn.DefaultClientConnectionOperator - Connecting to localhost:8080
15:35:32.111 [main] DEBUG org.apache.http.client.protocol.RequestAddCookies - CookieSpec selected: ignoreCookies
15:35:32.111 [main] DEBUG org.apache.http.client.protocol.RequestAuthCache - Auth cache not set in the context
15:35:32.111 [main] DEBUG org.apache.http.client.protocol.RequestProxyAuthentication - Proxy auth state: UNCHALLENGED
15:35:32.111 [main] DEBUG org.apache.http.impl.client.DefaultHttpClient - Attempt 1 to execute request
15:35:32.111 [main] DEBUG org.apache.http.impl.conn.DefaultClientConnection - Sending request: POST /api/v1/AUTOMATIONTESTINGADVANCEDPROGRAM/dashboard HTTP/1.1
15:35:32.111 [main] DEBUG org.apache.http.wire -  >> "POST /api/v1/AUTOMATIONTESTINGADVANCEDPROGRAM/dashboard HTTP/1.1[\r][\n]"
15:35:32.111 [main] DEBUG org.apache.http.wire -  >> "Authorization: Bearer 8bb82a7d-a573-419e-9cce-c2419f308802[\r][\n]"
15:35:32.111 [main] DEBUG org.apache.http.wire -  >> "Accept: */*[\r][\n]"
15:35:32.111 [main] DEBUG org.apache.http.wire -  >> "Content-Type: application/json[\r][\n]"
15:35:32.111 [main] DEBUG org.apache.http.wire -  >> "Content-Length: 68[\r][\n]"
15:35:32.111 [main] DEBUG org.apache.http.wire -  >> "Host: localhost:8080[\r][\n]"
15:35:32.111 [main] DEBUG org.apache.http.wire -  >> "Connection: Keep-Alive[\r][\n]"
15:35:32.112 [main] DEBUG org.apache.http.wire -  >> "User-Agent: Apache-HttpClient/4.5.13 (Java/17.0.3.1)[\r][\n]"
15:35:32.112 [main] DEBUG org.apache.http.wire -  >> "Accept-Encoding: gzip,deflate[\r][\n]"
15:35:32.112 [main] DEBUG org.apache.http.wire -  >> "[\r][\n]"
15:35:32.112 [main] DEBUG org.apache.http.headers - >> POST /api/v1/AUTOMATIONTESTINGADVANCEDPROGRAM/dashboard HTTP/1.1
15:35:32.112 [main] DEBUG org.apache.http.headers - >> Authorization: Bearer 8bb82a7d-a573-419e-9cce-c2419f308802
15:35:32.112 [main] DEBUG org.apache.http.headers - >> Accept: */*
15:35:32.112 [main] DEBUG org.apache.http.headers - >> Content-Type: application/json
15:35:32.112 [main] DEBUG org.apache.http.headers - >> Content-Length: 68
15:35:32.112 [main] DEBUG org.apache.http.headers - >> Host: localhost:8080
15:35:32.112 [main] DEBUG org.apache.http.headers - >> Connection: Keep-Alive
15:35:32.112 [main] DEBUG org.apache.http.headers - >> User-Agent: Apache-HttpClient/4.5.13 (Java/17.0.3.1)
15:35:32.112 [main] DEBUG org.apache.http.headers - >> Accept-Encoding: gzip,deflate
15:35:32.113 [main] DEBUG org.apache.http.wire -  >> "{"name":null,"description":"And Its already 24th May","shared":true}"
15:35:32.119 [main] DEBUG org.apache.http.wire -  << "HTTP/1.1 400 Bad Request[\r][\n]"
15:35:32.119 [main] DEBUG org.apache.http.wire -  << "Cache-Control: no-cache, no-store, max-age=0, must-revalidate[\r][\n]"
15:35:32.120 [main] DEBUG org.apache.http.wire -  << "Content-Type: application/json[\r][\n]"
15:35:32.120 [main] DEBUG org.apache.http.wire -  << "Date: Wed, 21 Jun 2023 13:35:31 GMT[\r][\n]"
15:35:32.120 [main] DEBUG org.apache.http.wire -  << "Expires: 0[\r][\n]"
15:35:32.120 [main] DEBUG org.apache.http.wire -  << "Pragma: no-cache[\r][\n]"
15:35:32.120 [main] DEBUG org.apache.http.wire -  << "X-Content-Type-Options: nosniff[\r][\n]"
15:35:32.120 [main] DEBUG org.apache.http.wire -  << "X-Frame-Options: DENY[\r][\n]"
15:35:32.120 [main] DEBUG org.apache.http.wire -  << "X-Xss-Protection: 1; mode=block[\r][\n]"
15:35:32.120 [main] DEBUG org.apache.http.wire -  << "Content-Length: 85[\r][\n]"
15:35:32.120 [main] DEBUG org.apache.http.wire -  << "[\r][\n]"
15:35:32.120 [main] DEBUG org.apache.http.impl.conn.DefaultClientConnection - Receiving response: HTTP/1.1 400 Bad Request
15:35:32.120 [main] DEBUG org.apache.http.headers - << HTTP/1.1 400 Bad Request
15:35:32.120 [main] DEBUG org.apache.http.headers - << Cache-Control: no-cache, no-store, max-age=0, must-revalidate
15:35:32.120 [main] DEBUG org.apache.http.headers - << Content-Type: application/json
15:35:32.120 [main] DEBUG org.apache.http.headers - << Date: Wed, 21 Jun 2023 13:35:31 GMT
15:35:32.120 [main] DEBUG org.apache.http.headers - << Expires: 0
15:35:32.120 [main] DEBUG org.apache.http.headers - << Pragma: no-cache
15:35:32.120 [main] DEBUG org.apache.http.headers - << X-Content-Type-Options: nosniff
15:35:32.120 [main] DEBUG org.apache.http.headers - << X-Frame-Options: DENY
15:35:32.120 [main] DEBUG org.apache.http.headers - << X-Xss-Protection: 1; mode=block
15:35:32.120 [main] DEBUG org.apache.http.headers - << Content-Length: 85
15:35:32.120 [main] DEBUG org.apache.http.impl.client.DefaultHttpClient - Connection can be kept alive indefinitely
15:35:32.120 [main] DEBUG io.restassured.internal.RestAssuredHttpBuilder - Parsing response as: application/json
15:35:32.120 [main] DEBUG io.restassured.internal.RestAssuredHttpBuilder - Parsed data to instance of: class org.apache.http.conn.EofSensorInputStream
15:35:32.122 [main] DEBUG org.apache.http.wire -  << "{"errorCode":4001,"message":"Incorrect Request. [Field 'name' should not be null.] "}"
15:35:32.122 [main] DEBUG org.apache.http.impl.conn.BasicClientConnectionManager - Releasing connection org.apache.http.impl.conn.ManagedClientConnectionImpl@401926df
15:35:32.122 [main] DEBUG org.apache.http.impl.conn.BasicClientConnectionManager - Connection can be kept alive indefinitely
HTTP/1.1 400 Bad Request
Cache-Control: no-cache, no-store, max-age=0, must-revalidate
Content-Type: application/json
Date: Wed, 21 Jun 2023 13:35:31 GMT
Expires: 0
Pragma: no-cache
X-Content-Type-Options: nosniff
X-Frame-Options: DENY
X-Xss-Protection: 1; mode=block
Content-Length: 85

{
    "errorCode": 4001,
    "message": "Incorrect Request. [Field 'name' should not be null.] "
}
2023-06-21 15:35:32 INFO  Listeners:38 - Succeeded Test null
]]></system-out>
  </testcase>
  <testcase name="f_createNewDashboardByName_POST" classname="alltests.apitest.DashboardControllerTest" time="0.074">
    <system-out><![CDATA[15:35:32.149 [rp-io-39] DEBUG com.epam.reportportal.service.Launch - Starting test item...rp-io-39
2023-06-21 15:35:32 INFO  Listeners:34 - Started Test null
2023-06-21 15:35:32 INFO  DashboardControllerTest:61 - f_createNewDashboardByName_POST
Request method:	POST
Request URI:	http://localhost:8080/api/v1/AUTOMATIONTESTINGADVANCEDPROGRAM/dashboard
Proxy:			<none>
Request params:	<none>
Query params:	<none>
Form params:	<none>
Path params:	<none>
Headers:		Authorization=Bearer 8bb82a7d-a573-419e-9cce-c2419f308802
				Accept=*/*
				Content-Type=application/json
Cookies:		<none>
Multiparts:		<none>
Body:
{
    "name": "QAT Dashboard A02",
    "description": "QAT Dashboard description A02",
    "shared": true
}
15:35:32.170 [rp-io-38] DEBUG com.epam.reportportal.service.Launch - TestItem with ID = '829e542e-3016-424a-8bb1-260b29e39d77' successfully finished.
15:35:32.171 [rp-io-38] DEBUG com.epam.reportportal.utils.SubscriptionUtils - Finish test item completed
15:35:32.173 [rp-io-41] DEBUG com.epam.reportportal.service.Launch - ReportPortal item with ID '0dc9b931-3dcb-4f30-ad8f-2b996fa69f14' has been created
15:35:32.173 [rp-io-41] DEBUG com.epam.reportportal.utils.SubscriptionUtils - Start test item successfully completed
15:35:32.180 [main] DEBUG org.apache.http.impl.conn.BasicClientConnectionManager - Get connection for route {}->http://localhost:8080
15:35:32.180 [main] DEBUG org.apache.http.impl.conn.DefaultClientConnectionOperator - Connecting to localhost:8080
15:35:32.181 [main] DEBUG org.apache.http.client.protocol.RequestAddCookies - CookieSpec selected: ignoreCookies
15:35:32.181 [main] DEBUG org.apache.http.client.protocol.RequestAuthCache - Auth cache not set in the context
15:35:32.181 [main] DEBUG org.apache.http.client.protocol.RequestProxyAuthentication - Proxy auth state: UNCHALLENGED
15:35:32.181 [main] DEBUG org.apache.http.impl.client.DefaultHttpClient - Attempt 1 to execute request
15:35:32.181 [main] DEBUG org.apache.http.impl.conn.DefaultClientConnection - Sending request: POST /api/v1/AUTOMATIONTESTINGADVANCEDPROGRAM/dashboard HTTP/1.1
15:35:32.181 [main] DEBUG org.apache.http.wire -  >> "POST /api/v1/AUTOMATIONTESTINGADVANCEDPROGRAM/dashboard HTTP/1.1[\r][\n]"
15:35:32.181 [main] DEBUG org.apache.http.wire -  >> "Authorization: Bearer 8bb82a7d-a573-419e-9cce-c2419f308802[\r][\n]"
15:35:32.181 [main] DEBUG org.apache.http.wire -  >> "Accept: */*[\r][\n]"
15:35:32.181 [main] DEBUG org.apache.http.wire -  >> "Content-Type: application/json[\r][\n]"
15:35:32.181 [main] DEBUG org.apache.http.wire -  >> "Content-Length: 88[\r][\n]"
15:35:32.182 [main] DEBUG org.apache.http.wire -  >> "Host: localhost:8080[\r][\n]"
15:35:32.182 [main] DEBUG org.apache.http.wire -  >> "Connection: Keep-Alive[\r][\n]"
15:35:32.182 [main] DEBUG org.apache.http.wire -  >> "User-Agent: Apache-HttpClient/4.5.13 (Java/17.0.3.1)[\r][\n]"
15:35:32.182 [main] DEBUG org.apache.http.wire -  >> "Accept-Encoding: gzip,deflate[\r][\n]"
15:35:32.182 [main] DEBUG org.apache.http.wire -  >> "[\r][\n]"
15:35:32.182 [main] DEBUG org.apache.http.headers - >> POST /api/v1/AUTOMATIONTESTINGADVANCEDPROGRAM/dashboard HTTP/1.1
15:35:32.182 [main] DEBUG org.apache.http.headers - >> Authorization: Bearer 8bb82a7d-a573-419e-9cce-c2419f308802
15:35:32.182 [main] DEBUG org.apache.http.headers - >> Accept: */*
15:35:32.182 [main] DEBUG org.apache.http.headers - >> Content-Type: application/json
15:35:32.182 [main] DEBUG org.apache.http.headers - >> Content-Length: 88
15:35:32.182 [main] DEBUG org.apache.http.headers - >> Host: localhost:8080
15:35:32.182 [main] DEBUG org.apache.http.headers - >> Connection: Keep-Alive
15:35:32.182 [main] DEBUG org.apache.http.headers - >> User-Agent: Apache-HttpClient/4.5.13 (Java/17.0.3.1)
15:35:32.182 [main] DEBUG org.apache.http.headers - >> Accept-Encoding: gzip,deflate
15:35:32.182 [main] DEBUG org.apache.http.wire -  >> "{"name":"QAT Dashboard A02","description":"QAT Dashboard description A02","shared":true}"
15:35:32.207 [main] DEBUG org.apache.http.wire -  << "HTTP/1.1 201 Created[\r][\n]"
15:35:32.208 [main] DEBUG org.apache.http.wire -  << "Cache-Control: no-cache, no-store, max-age=0, must-revalidate[\r][\n]"
15:35:32.208 [main] DEBUG org.apache.http.wire -  << "Content-Type: application/json[\r][\n]"
15:35:32.208 [main] DEBUG org.apache.http.wire -  << "Date: Wed, 21 Jun 2023 13:35:31 GMT[\r][\n]"
15:35:32.208 [main] DEBUG org.apache.http.wire -  << "Expires: 0[\r][\n]"
15:35:32.208 [main] DEBUG org.apache.http.wire -  << "Pragma: no-cache[\r][\n]"
15:35:32.208 [main] DEBUG org.apache.http.wire -  << "X-Content-Type-Options: nosniff[\r][\n]"
15:35:32.208 [main] DEBUG org.apache.http.wire -  << "X-Frame-Options: DENY[\r][\n]"
15:35:32.208 [main] DEBUG org.apache.http.wire -  << "X-Xss-Protection: 1; mode=block[\r][\n]"
15:35:32.208 [main] DEBUG org.apache.http.wire -  << "Content-Length: 10[\r][\n]"
15:35:32.208 [main] DEBUG org.apache.http.wire -  << "[\r][\n]"
15:35:32.208 [main] DEBUG org.apache.http.impl.conn.DefaultClientConnection - Receiving response: HTTP/1.1 201 Created
15:35:32.208 [main] DEBUG org.apache.http.headers - << HTTP/1.1 201 Created
15:35:32.208 [main] DEBUG org.apache.http.headers - << Cache-Control: no-cache, no-store, max-age=0, must-revalidate
15:35:32.208 [main] DEBUG org.apache.http.headers - << Content-Type: application/json
15:35:32.208 [main] DEBUG org.apache.http.headers - << Date: Wed, 21 Jun 2023 13:35:31 GMT
15:35:32.208 [main] DEBUG org.apache.http.headers - << Expires: 0
15:35:32.208 [main] DEBUG org.apache.http.headers - << Pragma: no-cache
15:35:32.208 [main] DEBUG org.apache.http.headers - << X-Content-Type-Options: nosniff
15:35:32.209 [main] DEBUG org.apache.http.headers - << X-Frame-Options: DENY
15:35:32.209 [main] DEBUG org.apache.http.headers - << X-Xss-Protection: 1; mode=block
15:35:32.209 [main] DEBUG org.apache.http.headers - << Content-Length: 10
15:35:32.209 [main] DEBUG org.apache.http.impl.client.DefaultHttpClient - Connection can be kept alive indefinitely
15:35:32.210 [main] DEBUG io.restassured.internal.RestAssuredHttpBuilder - Parsing response as: application/json
15:35:32.210 [main] DEBUG io.restassured.internal.RestAssuredHttpBuilder - Parsed data to instance of: class org.apache.http.conn.EofSensorInputStream
15:35:32.211 [main] DEBUG org.apache.http.wire -  << "{"id":129}"
15:35:32.211 [main] DEBUG org.apache.http.impl.conn.BasicClientConnectionManager - Releasing connection org.apache.http.impl.conn.ManagedClientConnectionImpl@72a3462f
15:35:32.211 [main] DEBUG org.apache.http.impl.conn.BasicClientConnectionManager - Connection can be kept alive indefinitely
HTTP/1.1 201 Created
Cache-Control: no-cache, no-store, max-age=0, must-revalidate
Content-Type: application/json
Date: Wed, 21 Jun 2023 13:35:31 GMT
Expires: 0
Pragma: no-cache
X-Content-Type-Options: nosniff
X-Frame-Options: DENY
X-Xss-Protection: 1; mode=block
Content-Length: 10

{
    "id": 129
}
2023-06-21 15:35:32 INFO  Listeners:38 - Succeeded Test null
]]></system-out>
  </testcase>
  <testcase name="g_createDuplicateDashboard_POST" classname="alltests.apitest.DashboardControllerTest" time="0.066">
    <system-out><![CDATA[2023-06-21 15:35:32 INFO  Listeners:34 - Started Test null
2023-06-21 15:35:32 INFO  DashboardControllerTest:82 - g_createDuplicateDashboard_POST
15:35:32.233 [rp-io-45] DEBUG com.epam.reportportal.service.Launch - Starting test item...rp-io-45
Request method:	POST
Request URI:	http://localhost:8080/api/v1/AUTOMATIONTESTINGADVANCEDPROGRAM/dashboard
Proxy:			<none>
Request params:	<none>
Query params:	<none>
Form params:	<none>
Path params:	<none>
Headers:		Authorization=Bearer 8bb82a7d-a573-419e-9cce-c2419f308802
				Accept=*/*
				Content-Type=application/json
Cookies:		<none>
Multiparts:		<none>
Body:
{
    "name": "QAT Dashboard A02",
    "description": "QAT Dashboard description A02",
    "shared": true
}
15:35:32.249 [rp-io-44] DEBUG com.epam.reportportal.service.Launch - TestItem with ID = '0dc9b931-3dcb-4f30-ad8f-2b996fa69f14' successfully finished.
15:35:32.249 [rp-io-44] DEBUG com.epam.reportportal.utils.SubscriptionUtils - Finish test item completed
15:35:32.256 [main] DEBUG org.apache.http.impl.conn.BasicClientConnectionManager - Get connection for route {}->http://localhost:8080
15:35:32.256 [main] DEBUG org.apache.http.impl.conn.DefaultClientConnectionOperator - Connecting to localhost:8080
15:35:32.258 [main] DEBUG org.apache.http.client.protocol.RequestAddCookies - CookieSpec selected: ignoreCookies
15:35:32.258 [main] DEBUG org.apache.http.client.protocol.RequestAuthCache - Auth cache not set in the context
15:35:32.258 [main] DEBUG org.apache.http.client.protocol.RequestProxyAuthentication - Proxy auth state: UNCHALLENGED
15:35:32.258 [main] DEBUG org.apache.http.impl.client.DefaultHttpClient - Attempt 1 to execute request
15:35:32.259 [main] DEBUG org.apache.http.impl.conn.DefaultClientConnection - Sending request: POST /api/v1/AUTOMATIONTESTINGADVANCEDPROGRAM/dashboard HTTP/1.1
15:35:32.259 [main] DEBUG org.apache.http.wire -  >> "POST /api/v1/AUTOMATIONTESTINGADVANCEDPROGRAM/dashboard HTTP/1.1[\r][\n]"
15:35:32.259 [main] DEBUG org.apache.http.wire -  >> "Authorization: Bearer 8bb82a7d-a573-419e-9cce-c2419f308802[\r][\n]"
15:35:32.259 [main] DEBUG org.apache.http.wire -  >> "Accept: */*[\r][\n]"
15:35:32.259 [main] DEBUG org.apache.http.wire -  >> "Content-Type: application/json[\r][\n]"
15:35:32.259 [main] DEBUG org.apache.http.wire -  >> "Content-Length: 88[\r][\n]"
15:35:32.259 [main] DEBUG org.apache.http.wire -  >> "Host: localhost:8080[\r][\n]"
15:35:32.259 [main] DEBUG org.apache.http.wire -  >> "Connection: Keep-Alive[\r][\n]"
15:35:32.259 [main] DEBUG org.apache.http.wire -  >> "User-Agent: Apache-HttpClient/4.5.13 (Java/17.0.3.1)[\r][\n]"
15:35:32.259 [main] DEBUG org.apache.http.wire -  >> "Accept-Encoding: gzip,deflate[\r][\n]"
15:35:32.259 [main] DEBUG org.apache.http.wire -  >> "[\r][\n]"
15:35:32.259 [main] DEBUG org.apache.http.headers - >> POST /api/v1/AUTOMATIONTESTINGADVANCEDPROGRAM/dashboard HTTP/1.1
15:35:32.259 [main] DEBUG org.apache.http.headers - >> Authorization: Bearer 8bb82a7d-a573-419e-9cce-c2419f308802
15:35:32.259 [main] DEBUG org.apache.http.headers - >> Accept: */*
15:35:32.259 [main] DEBUG org.apache.http.headers - >> Content-Type: application/json
15:35:32.260 [main] DEBUG org.apache.http.headers - >> Content-Length: 88
15:35:32.260 [main] DEBUG org.apache.http.headers - >> Host: localhost:8080
15:35:32.260 [main] DEBUG org.apache.http.headers - >> Connection: Keep-Alive
15:35:32.260 [main] DEBUG org.apache.http.headers - >> User-Agent: Apache-HttpClient/4.5.13 (Java/17.0.3.1)
15:35:32.260 [main] DEBUG org.apache.http.headers - >> Accept-Encoding: gzip,deflate
15:35:32.260 [main] DEBUG org.apache.http.wire -  >> "{"name":"QAT Dashboard A02","description":"QAT Dashboard description A02","shared":true}"
15:35:32.261 [rp-io-47] DEBUG com.epam.reportportal.service.Launch - ReportPortal item with ID 'ba14e1e7-ac88-46d8-b7f1-dfbe863f1922' has been created
15:35:32.261 [rp-io-47] DEBUG com.epam.reportportal.utils.SubscriptionUtils - Start test item successfully completed
15:35:32.268 [main] DEBUG org.apache.http.wire -  << "HTTP/1.1 409 Conflict[\r][\n]"
15:35:32.268 [main] DEBUG org.apache.http.wire -  << "Cache-Control: no-cache, no-store, max-age=0, must-revalidate[\r][\n]"
15:35:32.268 [main] DEBUG org.apache.http.wire -  << "Content-Type: application/json[\r][\n]"
15:35:32.268 [main] DEBUG org.apache.http.wire -  << "Date: Wed, 21 Jun 2023 13:35:31 GMT[\r][\n]"
15:35:32.268 [main] DEBUG org.apache.http.wire -  << "Expires: 0[\r][\n]"
15:35:32.268 [main] DEBUG org.apache.http.wire -  << "Pragma: no-cache[\r][\n]"
15:35:32.268 [main] DEBUG org.apache.http.wire -  << "X-Content-Type-Options: nosniff[\r][\n]"
15:35:32.268 [main] DEBUG org.apache.http.wire -  << "X-Frame-Options: DENY[\r][\n]"
15:35:32.268 [main] DEBUG org.apache.http.wire -  << "X-Xss-Protection: 1; mode=block[\r][\n]"
15:35:32.268 [main] DEBUG org.apache.http.wire -  << "Content-Length: 110[\r][\n]"
15:35:32.268 [main] DEBUG org.apache.http.wire -  << "[\r][\n]"
15:35:32.268 [main] DEBUG org.apache.http.impl.conn.DefaultClientConnection - Receiving response: HTTP/1.1 409 Conflict
15:35:32.269 [main] DEBUG org.apache.http.headers - << HTTP/1.1 409 Conflict
15:35:32.269 [main] DEBUG org.apache.http.headers - << Cache-Control: no-cache, no-store, max-age=0, must-revalidate
15:35:32.269 [main] DEBUG org.apache.http.headers - << Content-Type: application/json
15:35:32.269 [main] DEBUG org.apache.http.headers - << Date: Wed, 21 Jun 2023 13:35:31 GMT
15:35:32.269 [main] DEBUG org.apache.http.headers - << Expires: 0
15:35:32.269 [main] DEBUG org.apache.http.headers - << Pragma: no-cache
15:35:32.269 [main] DEBUG org.apache.http.headers - << X-Content-Type-Options: nosniff
15:35:32.269 [main] DEBUG org.apache.http.headers - << X-Frame-Options: DENY
15:35:32.269 [main] DEBUG org.apache.http.headers - << X-Xss-Protection: 1; mode=block
15:35:32.269 [main] DEBUG org.apache.http.headers - << Content-Length: 110
15:35:32.269 [main] DEBUG org.apache.http.impl.client.DefaultHttpClient - Connection can be kept alive indefinitely
15:35:32.269 [main] DEBUG io.restassured.internal.RestAssuredHttpBuilder - Parsing response as: application/json
15:35:32.269 [main] DEBUG io.restassured.internal.RestAssuredHttpBuilder - Parsed data to instance of: class org.apache.http.conn.EofSensorInputStream
15:35:32.270 [main] DEBUG org.apache.http.wire -  << "{"errorCode":4091,"message":"Resource 'QAT Dashboard A02' already exists. You couldn't create the duplicate."}"
15:35:32.270 [main] DEBUG org.apache.http.impl.conn.BasicClientConnectionManager - Releasing connection org.apache.http.impl.conn.ManagedClientConnectionImpl@42b4df5a
15:35:32.270 [main] DEBUG org.apache.http.impl.conn.BasicClientConnectionManager - Connection can be kept alive indefinitely
HTTP/1.1 409 Conflict
Cache-Control: no-cache, no-store, max-age=0, must-revalidate
Content-Type: application/json
Date: Wed, 21 Jun 2023 13:35:31 GMT
Expires: 0
Pragma: no-cache
X-Content-Type-Options: nosniff
X-Frame-Options: DENY
X-Xss-Protection: 1; mode=block
Content-Length: 110

{
    "errorCode": 4091,
    "message": "Resource 'QAT Dashboard A02' already exists. You couldn't create the duplicate."
}
2023-06-21 15:35:32 INFO  Listeners:38 - Succeeded Test null
]]></system-out>
  </testcase>
  <testcase name="h_updateDashboardNameRQ_UPDATE" classname="alltests.apitest.DashboardControllerTest" time="0.069">
    <system-out><![CDATA[15:35:32.296 [rp-io-51] DEBUG com.epam.reportportal.service.Launch - Starting test item...rp-io-51
2023-06-21 15:35:32 INFO  Listeners:34 - Started Test null
2023-06-21 15:35:32 INFO  DashboardControllerTest:92 - h_updateDashboardNameRQ_UPDATE
15:35:32.312 [rp-io-50] DEBUG com.epam.reportportal.service.Launch - TestItem with ID = 'ba14e1e7-ac88-46d8-b7f1-dfbe863f1922' successfully finished.
15:35:32.312 [rp-io-50] DEBUG com.epam.reportportal.utils.SubscriptionUtils - Finish test item completed
Request method:	PUT
Request URI:	http://localhost:8080/api/v1/AUTOMATIONTESTINGADVANCEDPROGRAM/dashboard/129
Proxy:			<none>
Request params:	<none>
Query params:	<none>
Form params:	<none>
Path params:	id=129
Headers:		Authorization=Bearer 8bb82a7d-a573-419e-9cce-c2419f308802
				Accept=*/*
				Content-Type=application/json
Cookies:		<none>
Multiparts:		<none>
Body:
{
    "name": "Updated QAT Dashboard A02 to A03",
    "description": "Updated Dashboard A02 description updated to A03",
    "shared": true
}
15:35:32.317 [rp-io-53] DEBUG com.epam.reportportal.service.Launch - ReportPortal item with ID '1e2e2b26-4361-4a4e-bc84-1d36c8365bc7' has been created
15:35:32.317 [rp-io-53] DEBUG com.epam.reportportal.utils.SubscriptionUtils - Start test item successfully completed
15:35:32.326 [main] DEBUG org.apache.http.impl.conn.BasicClientConnectionManager - Get connection for route {}->http://localhost:8080
15:35:32.326 [main] DEBUG org.apache.http.impl.conn.DefaultClientConnectionOperator - Connecting to localhost:8080
15:35:32.327 [main] DEBUG org.apache.http.client.protocol.RequestAddCookies - CookieSpec selected: ignoreCookies
15:35:32.327 [main] DEBUG org.apache.http.client.protocol.RequestAuthCache - Auth cache not set in the context
15:35:32.328 [main] DEBUG org.apache.http.client.protocol.RequestProxyAuthentication - Proxy auth state: UNCHALLENGED
15:35:32.328 [main] DEBUG org.apache.http.impl.client.DefaultHttpClient - Attempt 1 to execute request
15:35:32.328 [main] DEBUG org.apache.http.impl.conn.DefaultClientConnection - Sending request: PUT /api/v1/AUTOMATIONTESTINGADVANCEDPROGRAM/dashboard/129 HTTP/1.1
15:35:32.328 [main] DEBUG org.apache.http.wire -  >> "PUT /api/v1/AUTOMATIONTESTINGADVANCEDPROGRAM/dashboard/129 HTTP/1.1[\r][\n]"
15:35:32.328 [main] DEBUG org.apache.http.wire -  >> "Authorization: Bearer 8bb82a7d-a573-419e-9cce-c2419f308802[\r][\n]"
15:35:32.328 [main] DEBUG org.apache.http.wire -  >> "Accept: */*[\r][\n]"
15:35:32.328 [main] DEBUG org.apache.http.wire -  >> "Content-Type: application/json[\r][\n]"
15:35:32.328 [main] DEBUG org.apache.http.wire -  >> "Content-Length: 122[\r][\n]"
15:35:32.328 [main] DEBUG org.apache.http.wire -  >> "Host: localhost:8080[\r][\n]"
15:35:32.328 [main] DEBUG org.apache.http.wire -  >> "Connection: Keep-Alive[\r][\n]"
15:35:32.328 [main] DEBUG org.apache.http.wire -  >> "User-Agent: Apache-HttpClient/4.5.13 (Java/17.0.3.1)[\r][\n]"
15:35:32.328 [main] DEBUG org.apache.http.wire -  >> "Accept-Encoding: gzip,deflate[\r][\n]"
15:35:32.328 [main] DEBUG org.apache.http.wire -  >> "[\r][\n]"
15:35:32.328 [main] DEBUG org.apache.http.headers - >> PUT /api/v1/AUTOMATIONTESTINGADVANCEDPROGRAM/dashboard/129 HTTP/1.1
15:35:32.328 [main] DEBUG org.apache.http.headers - >> Authorization: Bearer 8bb82a7d-a573-419e-9cce-c2419f308802
15:35:32.328 [main] DEBUG org.apache.http.headers - >> Accept: */*
15:35:32.328 [main] DEBUG org.apache.http.headers - >> Content-Type: application/json
15:35:32.328 [main] DEBUG org.apache.http.headers - >> Content-Length: 122
15:35:32.328 [main] DEBUG org.apache.http.headers - >> Host: localhost:8080
15:35:32.328 [main] DEBUG org.apache.http.headers - >> Connection: Keep-Alive
15:35:32.328 [main] DEBUG org.apache.http.headers - >> User-Agent: Apache-HttpClient/4.5.13 (Java/17.0.3.1)
15:35:32.328 [main] DEBUG org.apache.http.headers - >> Accept-Encoding: gzip,deflate
15:35:32.328 [main] DEBUG org.apache.http.wire -  >> "{"name":"Updated QAT Dashboard A02 to A03","description":"Updated Dashboard A02 description updated to A03","shared":true}"
15:35:32.338 [main] DEBUG org.apache.http.wire -  << "HTTP/1.1 200 OK[\r][\n]"
15:35:32.338 [main] DEBUG org.apache.http.wire -  << "Cache-Control: no-cache, no-store, max-age=0, must-revalidate[\r][\n]"
15:35:32.338 [main] DEBUG org.apache.http.wire -  << "Content-Type: application/json[\r][\n]"
15:35:32.338 [main] DEBUG org.apache.http.wire -  << "Date: Wed, 21 Jun 2023 13:35:31 GMT[\r][\n]"
15:35:32.338 [main] DEBUG org.apache.http.wire -  << "Expires: 0[\r][\n]"
15:35:32.338 [main] DEBUG org.apache.http.wire -  << "Pragma: no-cache[\r][\n]"
15:35:32.338 [main] DEBUG org.apache.http.wire -  << "X-Content-Type-Options: nosniff[\r][\n]"
15:35:32.338 [main] DEBUG org.apache.http.wire -  << "X-Frame-Options: DENY[\r][\n]"
15:35:32.338 [main] DEBUG org.apache.http.wire -  << "X-Xss-Protection: 1; mode=block[\r][\n]"
15:35:32.338 [main] DEBUG org.apache.http.wire -  << "Content-Length: 60[\r][\n]"
15:35:32.338 [main] DEBUG org.apache.http.wire -  << "[\r][\n]"
15:35:32.338 [main] DEBUG org.apache.http.impl.conn.DefaultClientConnection - Receiving response: HTTP/1.1 200 OK
15:35:32.338 [main] DEBUG org.apache.http.headers - << HTTP/1.1 200 OK
15:35:32.338 [main] DEBUG org.apache.http.headers - << Cache-Control: no-cache, no-store, max-age=0, must-revalidate
15:35:32.338 [main] DEBUG org.apache.http.headers - << Content-Type: application/json
15:35:32.338 [main] DEBUG org.apache.http.headers - << Date: Wed, 21 Jun 2023 13:35:31 GMT
15:35:32.338 [main] DEBUG org.apache.http.headers - << Expires: 0
15:35:32.338 [main] DEBUG org.apache.http.headers - << Pragma: no-cache
15:35:32.338 [main] DEBUG org.apache.http.headers - << X-Content-Type-Options: nosniff
15:35:32.338 [main] DEBUG org.apache.http.headers - << X-Frame-Options: DENY
15:35:32.338 [main] DEBUG org.apache.http.headers - << X-Xss-Protection: 1; mode=block
15:35:32.338 [main] DEBUG org.apache.http.headers - << Content-Length: 60
15:35:32.339 [main] DEBUG org.apache.http.impl.client.DefaultHttpClient - Connection can be kept alive indefinitely
15:35:32.339 [main] DEBUG io.restassured.internal.RestAssuredHttpBuilder - Parsing response as: application/json
15:35:32.339 [main] DEBUG io.restassured.internal.RestAssuredHttpBuilder - Parsed data to instance of: class org.apache.http.conn.EofSensorInputStream
15:35:32.341 [main] DEBUG org.apache.http.wire -  << "{"message":"Dashboard with ID = '129' successfully updated"}"
15:35:32.341 [main] DEBUG org.apache.http.impl.conn.BasicClientConnectionManager - Releasing connection org.apache.http.impl.conn.ManagedClientConnectionImpl@182e4365
15:35:32.341 [main] DEBUG org.apache.http.impl.conn.BasicClientConnectionManager - Connection can be kept alive indefinitely
HTTP/1.1 200 OK
Cache-Control: no-cache, no-store, max-age=0, must-revalidate
Content-Type: application/json
Date: Wed, 21 Jun 2023 13:35:31 GMT
Expires: 0
Pragma: no-cache
X-Content-Type-Options: nosniff
X-Frame-Options: DENY
X-Xss-Protection: 1; mode=block
Content-Length: 60

{
    "message": "Dashboard with ID = '129' successfully updated"
}
2023-06-21 15:35:32 INFO  Listeners:38 - Succeeded Test null
]]></system-out>
  </testcase>
  <testcase name="i_updateDashboardNameRQ_PATCH" classname="alltests.apitest.DashboardControllerTest" time="0.075">
    <system-out><![CDATA[15:35:32.345 [rp-io-57] DEBUG com.epam.reportportal.service.Launch - Starting test item...rp-io-57
2023-06-21 15:35:32 INFO  Listeners:34 - Started Test null
[...]
15:37:12.660 [Forwarding sendKeysToElement on session f1ed477392d116d19895104b3eb8ea4f to remote] DEBUG org.asynchttpclient.netty.request.NettyRequestSender - Using open Channel [id: 0x19f6141f, L:/127.0.0.1:53016 - R:localhost/127.0.0.1:37029] for POST '/session/f1ed477392d116d19895104b3eb8ea4f/element/893FBD228F05F376CFFE4B4004E0FAEA_element_31/value'
15:37:12.736 [AsyncHttpClient-1-15] DEBUG org.asynchttpclient.netty.handler.HttpHandler - 

Request DefaultHttpRequest(decodeResult: success, version: HTTP/1.1)
POST /session/f1ed477392d116d19895104b3eb8ea4f/element/893FBD228F05F376CFFE4B4004E0FAEA_element_31/value HTTP/1.1
User-Agent: selenium/4.8.3 (java windows)
Content-Length: 148
Content-Type: application/json; charset=utf-8
host: localhost:37029
accept: */*

Response DefaultHttpResponse(decodeResult: success, version: HTTP/1.1)
HTTP/1.1 200 OK
Content-Length: 14
Content-Type: application/json; charset=utf-8
cache-control: no-cache

15:37:12.736 [AsyncHttpClient-1-15] DEBUG org.asynchttpclient.netty.channel.ChannelManager - Adding key: http://localhost:37029 for channel [id: 0x19f6141f, L:/127.0.0.1:53016 - R:localhost/127.0.0.1:37029]
15:37:12.737 [Forwarding findElement on session f1ed477392d116d19895104b3eb8ea4f to remote] DEBUG org.asynchttpclient.netty.request.NettyRequestSender - Using pooled Channel '[id: 0x19f6141f, L:/127.0.0.1:53016 - R:localhost/127.0.0.1:37029]' for 'POST' to 'http://localhost:37029/session/f1ed477392d116d19895104b3eb8ea4f/element'
15:37:12.737 [Forwarding findElement on session f1ed477392d116d19895104b3eb8ea4f to remote] DEBUG org.asynchttpclient.netty.request.NettyRequestSender - Using open Channel [id: 0x19f6141f, L:/127.0.0.1:53016 - R:localhost/127.0.0.1:37029] for POST '/session/f1ed477392d116d19895104b3eb8ea4f/element'
15:37:12.750 [AsyncHttpClient-1-15] DEBUG org.asynchttpclient.netty.handler.HttpHandler - 

Request DefaultHttpRequest(decodeResult: success, version: HTTP/1.1)
POST /session/f1ed477392d116d19895104b3eb8ea4f/element HTTP/1.1
User-Agent: selenium/4.8.3 (java windows)
Content-Length: 71
Content-Type: application/json; charset=utf-8
host: localhost:37029
accept: */*

Response DefaultHttpResponse(decodeResult: success, version: HTTP/1.1)
HTTP/1.1 200 OK
Content-Length: 95
Content-Type: application/json; charset=utf-8
cache-control: no-cache

15:37:12.750 [AsyncHttpClient-1-15] DEBUG org.asynchttpclient.netty.channel.ChannelManager - Adding key: http://localhost:37029 for channel [id: 0x19f6141f, L:/127.0.0.1:53016 - R:localhost/127.0.0.1:37029]
15:37:12.751 [Forwarding clickElement on session f1ed477392d116d19895104b3eb8ea4f to remote] DEBUG org.asynchttpclient.netty.request.NettyRequestSender - Using pooled Channel '[id: 0x19f6141f, L:/127.0.0.1:53016 - R:localhost/127.0.0.1:37029]' for 'POST' to 'http://localhost:37029/session/f1ed477392d116d19895104b3eb8ea4f/element/893FBD228F05F376CFFE4B4004E0FAEA_element_32/click'
15:37:12.751 [Forwarding clickElement on session f1ed477392d116d19895104b3eb8ea4f to remote] DEBUG org.asynchttpclient.netty.request.NettyRequestSender - Using open Channel [id: 0x19f6141f, L:/127.0.0.1:53016 - R:localhost/127.0.0.1:37029] for POST '/session/f1ed477392d116d19895104b3eb8ea4f/element/893FBD228F05F376CFFE4B4004E0FAEA_element_32/click'
15:37:12.796 [AsyncHttpClient-1-15] DEBUG org.asynchttpclient.netty.handler.HttpHandler - 

Request DefaultHttpRequest(decodeResult: success, version: HTTP/1.1)
POST /session/f1ed477392d116d19895104b3eb8ea4f/element/893FBD228F05F376CFFE4B4004E0FAEA_element_32/click HTTP/1.1
User-Agent: selenium/4.8.3 (java windows)
Content-Length: 57
Content-Type: application/json; charset=utf-8
host: localhost:37029
accept: */*

Response DefaultHttpResponse(decodeResult: success, version: HTTP/1.1)
HTTP/1.1 200 OK
Content-Length: 14
Content-Type: application/json; charset=utf-8
cache-control: no-cache

15:37:12.797 [AsyncHttpClient-1-15] DEBUG org.asynchttpclient.netty.channel.ChannelManager - Adding key: http://localhost:37029 for channel [id: 0x19f6141f, L:/127.0.0.1:53016 - R:localhost/127.0.0.1:37029]
2023-06-21 15:37:12 INFO  BaseTest:132 - Logged in
15:37:12.799 [rp-io-94] DEBUG com.epam.reportportal.service.Launch - Starting test item...rp-io-94
2023-06-21 15:37:12 INFO  Listeners:34 - Started Test null
15:37:12.800 [Forwarding findElement on session f1ed477392d116d19895104b3eb8ea4f to remote] DEBUG org.asynchttpclient.netty.request.NettyRequestSender - Using pooled Channel '[id: 0x19f6141f, L:/127.0.0.1:53016 - R:localhost/127.0.0.1:37029]' for 'POST' to 'http://localhost:37029/session/f1ed477392d116d19895104b3eb8ea4f/element'
15:37:12.800 [Forwarding findElement on session f1ed477392d116d19895104b3eb8ea4f to remote] DEBUG org.asynchttpclient.netty.request.NettyRequestSender - Using open Channel [id: 0x19f6141f, L:/127.0.0.1:53016 - R:localhost/127.0.0.1:37029] for POST '/session/f1ed477392d116d19895104b3eb8ea4f/element'
15:37:12.815 [rp-io-91] DEBUG com.epam.reportportal.service.Launch - TestItem with ID = '8cf35cd3-325f-40b7-8bfd-dbde3dd0edb7' successfully finished.
15:37:12.815 [rp-io-91] DEBUG com.epam.reportportal.utils.SubscriptionUtils - Finish test item completed
15:37:12.819 [rp-io-94] DEBUG com.epam.reportportal.service.Launch - ReportPortal item with ID 'a0d689be-731c-40f5-be10-f61b11e88e20' has been created
15:37:12.819 [rp-io-94] DEBUG com.epam.reportportal.utils.SubscriptionUtils - Start test item successfully completed
15:37:13.240 [AsyncHttpClient-1-15] DEBUG org.asynchttpclient.netty.handler.HttpHandler - 

Request DefaultHttpRequest(decodeResult: success, version: HTTP/1.1)
POST /session/f1ed477392d116d19895104b3eb8ea4f/element HTTP/1.1
User-Agent: selenium/4.8.3 (java windows)
Content-Length: 168
Content-Type: application/json; charset=utf-8
host: localhost:37029
accept: */*

Response DefaultHttpResponse(decodeResult: success, version: HTTP/1.1)
HTTP/1.1 200 OK
Content-Length: 95
Content-Type: application/json; charset=utf-8
cache-control: no-cache

15:37:13.240 [AsyncHttpClient-1-15] DEBUG org.asynchttpclient.netty.channel.ChannelManager - Adding key: http://localhost:37029 for channel [id: 0x19f6141f, L:/127.0.0.1:53016 - R:localhost/127.0.0.1:37029]
15:37:13.241 [Forwarding clickElement on session f1ed477392d116d19895104b3eb8ea4f to remote] DEBUG org.asynchttpclient.netty.request.NettyRequestSender - Using pooled Channel '[id: 0x19f6141f, L:/127.0.0.1:53016 - R:localhost/127.0.0.1:37029]' for 'POST' to 'http://localhost:37029/session/f1ed477392d116d19895104b3eb8ea4f/element/893FBD228F05F376CFFE4B4004E0FAEA_element_48/click'
15:37:13.241 [Forwarding clickElement on session f1ed477392d116d19895104b3eb8ea4f to remote] DEBUG org.asynchttpclient.netty.request.NettyRequestSender - Using open Channel [id: 0x19f6141f, L:/127.0.0.1:53016 - R:localhost/127.0.0.1:37029] for POST '/session/f1ed477392d116d19895104b3eb8ea4f/element/893FBD228F05F376CFFE4B4004E0FAEA_element_48/click'
15:37:13.582 [AsyncHttpClient-1-15] DEBUG org.asynchttpclient.netty.handler.HttpHandler - 

Request DefaultHttpRequest(decodeResult: success, version: HTTP/1.1)
POST /session/f1ed477392d116d19895104b3eb8ea4f/element/893FBD228F05F376CFFE4B4004E0FAEA_element_48/click HTTP/1.1
User-Agent: selenium/4.8.3 (java windows)
Content-Length: 57
Content-Type: application/json; charset=utf-8
host: localhost:37029
accept: */*

Response DefaultHttpResponse(decodeResult: success, version: HTTP/1.1)
HTTP/1.1 200 OK
Content-Length: 14
Content-Type: application/json; charset=utf-8
cache-control: no-cache

15:37:13.582 [AsyncHttpClient-1-15] DEBUG org.asynchttpclient.netty.channel.ChannelManager - Adding key: http://localhost:37029 for channel [id: 0x19f6141f, L:/127.0.0.1:53016 - R:localhost/127.0.0.1:37029]
15:37:13.584 [Forwarding findElement on session f1ed477392d116d19895104b3eb8ea4f to remote] DEBUG org.asynchttpclient.netty.request.NettyRequestSender - Using pooled Channel '[id: 0x19f6141f, L:/127.0.0.1:53016 - R:localhost/127.0.0.1:37029]' for 'POST' to 'http://localhost:37029/session/f1ed477392d116d19895104b3eb8ea4f/element'
15:37:13.584 [Forwarding findElement on session f1ed477392d116d19895104b3eb8ea4f to remote] DEBUG org.asynchttpclient.netty.request.NettyRequestSender - Using open Channel [id: 0x19f6141f, L:/127.0.0.1:53016 - R:localhost/127.0.0.1:37029] for POST '/session/f1ed477392d116d19895104b3eb8ea4f/element'
15:37:13.598 [AsyncHttpClient-1-1] DEBUG org.asynchttpclient.netty.channel.DefaultChannelPool - Entry count for : http://localhost:53018 : 1
15:37:13.896 [AsyncHttpClient-1-15] DEBUG org.asynchttpclient.netty.handler.HttpHandler - 

Request DefaultHttpRequest(decodeResult: success, version: HTTP/1.1)
POST /session/f1ed477392d116d19895104b3eb8ea4f/element HTTP/1.1
User-Agent: selenium/4.8.3 (java windows)
Content-Length: 240
Content-Type: application/json; charset=utf-8
host: localhost:37029
accept: */*

Response DefaultHttpResponse(decodeResult: success, version: HTTP/1.1)
HTTP/1.1 200 OK
Content-Length: 95
Content-Type: application/json; charset=utf-8
cache-control: no-cache

15:37:13.896 [AsyncHttpClient-1-15] DEBUG org.asynchttpclient.netty.channel.ChannelManager - Adding key: http://localhost:37029 for channel [id: 0x19f6141f, L:/127.0.0.1:53016 - R:localhost/127.0.0.1:37029]
15:37:13.898 [Forwarding findElement on session f1ed477392d116d19895104b3eb8ea4f to remote] DEBUG org.asynchttpclient.netty.request.NettyRequestSender - Using pooled Channel '[id: 0x19f6141f, L:/127.0.0.1:53016 - R:localhost/127.0.0.1:37029]' for 'POST' to 'http://localhost:37029/session/f1ed477392d116d19895104b3eb8ea4f/element'
15:37:13.898 [Forwarding findElement on session f1ed477392d116d19895104b3eb8ea4f to remote] DEBUG org.asynchttpclient.netty.request.NettyRequestSender - Using open Channel [id: 0x19f6141f, L:/127.0.0.1:53016 - R:localhost/127.0.0.1:37029] for POST '/session/f1ed477392d116d19895104b3eb8ea4f/element'
15:37:13.909 [AsyncHttpClient-1-15] DEBUG org.asynchttpclient.netty.handler.HttpHandler - 

Request DefaultHttpRequest(decodeResult: success, version: HTTP/1.1)
POST /session/f1ed477392d116d19895104b3eb8ea4f/element HTTP/1.1
User-Agent: selenium/4.8.3 (java windows)
Content-Length: 240
Content-Type: application/json; charset=utf-8
host: localhost:37029
accept: */*

Response DefaultHttpResponse(decodeResult: success, version: HTTP/1.1)
HTTP/1.1 200 OK
Content-Length: 95
Content-Type: application/json; charset=utf-8
cache-control: no-cache

15:37:13.909 [AsyncHttpClient-1-15] DEBUG org.asynchttpclient.netty.channel.ChannelManager - Adding key: http://localhost:37029 for channel [id: 0x19f6141f, L:/127.0.0.1:53016 - R:localhost/127.0.0.1:37029]
15:37:13.910 [Forwarding getElementRect on session f1ed477392d116d19895104b3eb8ea4f to remote] DEBUG org.asynchttpclient.netty.request.NettyRequestSender - Using pooled Channel '[id: 0x19f6141f, L:/127.0.0.1:53016 - R:localhost/127.0.0.1:37029]' for 'GET' to 'http://localhost:37029/session/f1ed477392d116d19895104b3eb8ea4f/element/893FBD228F05F376CFFE4B4004E0FAEA_element_59/rect'
15:37:13.910 [Forwarding getElementRect on session f1ed477392d116d19895104b3eb8ea4f to remote] DEBUG org.asynchttpclient.netty.request.NettyRequestSender - Using open Channel [id: 0x19f6141f, L:/127.0.0.1:53016 - R:localhost/127.0.0.1:37029] for GET '/session/f1ed477392d116d19895104b3eb8ea4f/element/893FBD228F05F376CFFE4B4004E0FAEA_element_59/rect'
15:37:13.937 [AsyncHttpClient-1-15] DEBUG org.asynchttpclient.netty.handler.HttpHandler - 

Request DefaultFullHttpRequest(decodeResult: success, version: HTTP/1.1, content: EmptyByteBufBE)
GET /session/f1ed477392d116d19895104b3eb8ea4f/element/893FBD228F05F376CFFE4B4004E0FAEA_element_59/rect HTTP/1.1
User-Agent: selenium/4.8.3 (java windows)
Cache-Control: no-cache
Content-Type: application/json; charset=utf-8
host: localhost:37029
accept: */*

Response DefaultHttpResponse(decodeResult: success, version: HTTP/1.1)
HTTP/1.1 200 OK
Content-Length: 80
Content-Type: application/json; charset=utf-8
cache-control: no-cache

15:37:13.937 [AsyncHttpClient-1-15] DEBUG org.asynchttpclient.netty.channel.ChannelManager - Adding key: http://localhost:37029 for channel [id: 0x19f6141f, L:/127.0.0.1:53016 - R:localhost/127.0.0.1:37029]
15:37:13.939 [Forwarding findElement on session f1ed477392d116d19895104b3eb8ea4f to remote] DEBUG org.asynchttpclient.netty.request.NettyRequestSender - Using pooled Channel '[id: 0x19f6141f, L:/127.0.0.1:53016 - R:localhost/127.0.0.1:37029]' for 'POST' to 'http://localhost:37029/session/f1ed477392d116d19895104b3eb8ea4f/element'
15:37:13.939 [Forwarding findElement on session f1ed477392d116d19895104b3eb8ea4f to remote] DEBUG org.asynchttpclient.netty.request.NettyRequestSender - Using open Channel [id: 0x19f6141f, L:/127.0.0.1:53016 - R:localhost/127.0.0.1:37029] for POST '/session/f1ed477392d116d19895104b3eb8ea4f/element'
15:37:13.957 [AsyncHttpClient-1-15] DEBUG org.asynchttpclient.netty.handler.HttpHandler - 

Request DefaultHttpRequest(decodeResult: success, version: HTTP/1.1)
POST /session/f1ed477392d116d19895104b3eb8ea4f/element HTTP/1.1
User-Agent: selenium/4.8.3 (java windows)
Content-Length: 232
Content-Type: application/json; charset=utf-8
host: localhost:37029
accept: */*

Response DefaultHttpResponse(decodeResult: success, version: HTTP/1.1)
HTTP/1.1 200 OK
Content-Length: 95
Content-Type: application/json; charset=utf-8
cache-control: no-cache

15:37:13.957 [AsyncHttpClient-1-15] DEBUG org.asynchttpclient.netty.channel.ChannelManager - Adding key: http://localhost:37029 for channel [id: 0x19f6141f, L:/127.0.0.1:53016 - R:localhost/127.0.0.1:37029]
15:37:13.959 [Forwarding findElement on session f1ed477392d116d19895104b3eb8ea4f to remote] DEBUG org.asynchttpclient.netty.request.NettyRequestSender - Using pooled Channel '[id: 0x19f6141f, L:/127.0.0.1:53016 - R:localhost/127.0.0.1:37029]' for 'POST' to 'http://localhost:37029/session/f1ed477392d116d19895104b3eb8ea4f/element'
15:37:13.959 [Forwarding findElement on session f1ed477392d116d19895104b3eb8ea4f to remote] DEBUG org.asynchttpclient.netty.request.NettyRequestSender - Using open Channel [id: 0x19f6141f, L:/127.0.0.1:53016 - R:localhost/127.0.0.1:37029] for POST '/session/f1ed477392d116d19895104b3eb8ea4f/element'
15:37:13.975 [AsyncHttpClient-1-15] DEBUG org.asynchttpclient.netty.handler.HttpHandler - 

Request DefaultHttpRequest(decodeResult: success, version: HTTP/1.1)
POST /session/f1ed477392d116d19895104b3eb8ea4f/element HTTP/1.1
User-Agent: selenium/4.8.3 (java windows)
Content-Length: 283
Content-Type: application/json; charset=utf-8
host: localhost:37029
accept: */*

Response DefaultHttpResponse(decodeResult: success, version: HTTP/1.1)
HTTP/1.1 200 OK
Content-Length: 95
Content-Type: application/json; charset=utf-8
cache-control: no-cache

15:37:13.975 [AsyncHttpClient-1-15] DEBUG org.asynchttpclient.netty.channel.ChannelManager - Adding key: http://localhost:37029 for channel [id: 0x19f6141f, L:/127.0.0.1:53016 - R:localhost/127.0.0.1:37029]
15:37:13.978 [Forwarding actions on session f1ed477392d116d19895104b3eb8ea4f to remote] DEBUG org.asynchttpclient.netty.request.NettyRequestSender - Using pooled Channel '[id: 0x19f6141f, L:/127.0.0.1:53016 - R:localhost/127.0.0.1:37029]' for 'POST' to 'http://localhost:37029/session/f1ed477392d116d19895104b3eb8ea4f/actions'
15:37:13.978 [Forwarding actions on session f1ed477392d116d19895104b3eb8ea4f to remote] DEBUG org.asynchttpclient.netty.request.NettyRequestSender - Using open Channel [id: 0x19f6141f, L:/127.0.0.1:53016 - R:localhost/127.0.0.1:37029] for POST '/session/f1ed477392d116d19895104b3eb8ea4f/actions'
15:37:14.375 [AsyncHttpClient-1-15] DEBUG org.asynchttpclient.netty.handler.HttpHandler - 

Request DefaultHttpRequest(decodeResult: success, version: HTTP/1.1)
POST /session/f1ed477392d116d19895104b3eb8ea4f/actions HTTP/1.1
User-Agent: selenium/4.8.3 (java windows)
Content-Length: 962
Content-Type: application/json; charset=utf-8
host: localhost:37029
accept: */*

Response DefaultHttpResponse(decodeResult: success, version: HTTP/1.1)
HTTP/1.1 200 OK
Content-Length: 14
Content-Type: application/json; charset=utf-8
cache-control: no-cache

15:37:14.376 [AsyncHttpClient-1-15] DEBUG org.asynchttpclient.netty.channel.ChannelManager - Adding key: http://localhost:37029 for channel [id: 0x19f6141f, L:/127.0.0.1:53016 - R:localhost/127.0.0.1:37029]
15:37:14.376 [Forwarding findElement on session f1ed477392d116d19895104b3eb8ea4f to remote] DEBUG org.asynchttpclient.netty.request.NettyRequestSender - Using pooled Channel '[id: 0x19f6141f, L:/127.0.0.1:53016 - R:localhost/127.0.0.1:37029]' for 'POST' to 'http://localhost:37029/session/f1ed477392d116d19895104b3eb8ea4f/element'
15:37:14.376 [Forwarding findElement on session f1ed477392d116d19895104b3eb8ea4f to remote] DEBUG org.asynchttpclient.netty.request.NettyRequestSender - Using open Channel [id: 0x19f6141f, L:/127.0.0.1:53016 - R:localhost/127.0.0.1:37029] for POST '/session/f1ed477392d116d19895104b3eb8ea4f/element'
15:37:14.389 [AsyncHttpClient-1-15] DEBUG org.asynchttpclient.netty.handler.HttpHandler - 

Request DefaultHttpRequest(decodeResult: success, version: HTTP/1.1)
POST /session/f1ed477392d116d19895104b3eb8ea4f/element HTTP/1.1
User-Agent: selenium/4.8.3 (java windows)
Content-Length: 240
Content-Type: application/json; charset=utf-8
host: localhost:37029
accept: */*

Response DefaultHttpResponse(decodeResult: success, version: HTTP/1.1)
HTTP/1.1 200 OK
Content-Length: 95
Content-Type: application/json; charset=utf-8
cache-control: no-cache

15:37:14.389 [AsyncHttpClient-1-15] DEBUG org.asynchttpclient.netty.channel.ChannelManager - Adding key: http://localhost:37029 for channel [id: 0x19f6141f, L:/127.0.0.1:53016 - R:localhost/127.0.0.1:37029]
15:37:14.390 [Forwarding getElementRect on session f1ed477392d116d19895104b3eb8ea4f to remote] DEBUG org.asynchttpclient.netty.request.NettyRequestSender - Using pooled Channel '[id: 0x19f6141f, L:/127.0.0.1:53016 - R:localhost/127.0.0.1:37029]' for 'GET' to 'http://localhost:37029/session/f1ed477392d116d19895104b3eb8ea4f/element/893FBD228F05F376CFFE4B4004E0FAEA_element_59/rect'
15:37:14.390 [Forwarding getElementRect on session f1ed477392d116d19895104b3eb8ea4f to remote] DEBUG org.asynchttpclient.netty.request.NettyRequestSender - Using open Channel [id: 0x19f6141f, L:/127.0.0.1:53016 - R:localhost/127.0.0.1:37029] for GET '/session/f1ed477392d116d19895104b3eb8ea4f/element/893FBD228F05F376CFFE4B4004E0FAEA_element_59/rect'
15:37:14.405 [AsyncHttpClient-1-15] DEBUG org.asynchttpclient.netty.handler.HttpHandler - 

Request DefaultFullHttpRequest(decodeResult: success, version: HTTP/1.1, content: EmptyByteBufBE)
GET /session/f1ed477392d116d19895104b3eb8ea4f/element/893FBD228F05F376CFFE4B4004E0FAEA_element_59/rect HTTP/1.1
User-Agent: selenium/4.8.3 (java windows)
Cache-Control: no-cache
Content-Type: application/json; charset=utf-8
host: localhost:37029
accept: */*

Response DefaultHttpResponse(decodeResult: success, version: HTTP/1.1)
HTTP/1.1 200 OK
Content-Length: 80
Content-Type: application/json; charset=utf-8
cache-control: no-cache

15:37:14.405 [AsyncHttpClient-1-15] DEBUG org.asynchttpclient.netty.channel.ChannelManager - Adding key: http://localhost:37029 for channel [id: 0x19f6141f, L:/127.0.0.1:53016 - R:localhost/127.0.0.1:37029]
2023-06-21 15:37:14 INFO  Listeners:38 - Succeeded Test null
]]></system-out>
    <system-err><![CDATA[Starting ChromeDriver 114.0.5735.90 (386bc09e8f4f2e025eddae123f36f6263096ae49-refs/branch-heads/5735@{#1052}) on port 37029
Only local connections are allowed.
Please see https://chromedriver.chromium.org/security-considerations for suggestions on keeping ChromeDriver safe.
ChromeDriver was started successfully.
Jun 21, 2023 3:37:10 PM org.openqa.selenium.devtools.CdpVersionFinder findNearestMatch
WARNING: Unable to find an exact match for CDP version 114, so returning the closest version found: 111
]]></system-err>
  </testcase>
</testsuite>