<?xml version="1.0" encoding="UTF-8"?>
<testsuite xmlns:xsi="http://www.w3.org/2001/XMLSchema-instance" xsi:noNamespaceSchemaLocation="https://maven.apache.org/surefire/maven-surefire-plugin/xsd/surefire-test-report-3.0.xsd" version="3.0" name="TestSuite" time="12.803" tests="14" errors="0" skipped="0" failures="0">
  <properties>
[...]
</properties>
  <testcase name="a_getAllSharedDashboardTest_GET" classname="alltests.apitest.DashboardControllerTest" time="4.069">
    <system-out><![CDATA[17:20:48.028 [main] DEBUG org.testng.TestNG - suiteXmlPath: "C:\AdvancedTraining\AutomationFramework\src\test\resources\testng.xml"
17:20:49.453 [main] INFO com.epam.reportportal.service.Launch - Rerun: false
17:20:49.748 [rp-io-1] DEBUG com.epam.reportportal.service.Launch - ReportPortal launch with ID '4f3136e9-a2a1-4145-979e-f15c41a64f68' has been created
17:20:49.749 [rp-io-1] DEBUG com.epam.reportportal.utils.SubscriptionUtils - Launch start successfully completed
17:20:50.124 [rp-io-4] DEBUG com.epam.reportportal.service.Launch - ReportPortal item with ID 'cfff10d9-fa0e-49f6-a03c-db05567d2b08' has been created
17:20:50.124 [rp-io-4] DEBUG com.epam.reportportal.utils.SubscriptionUtils - Start test item successfully completed
17:20:50.125 [rp-io-4] DEBUG com.epam.reportportal.service.Launch - Starting test item...rp-io-4
2023-06-22 17:20:50 INFO  Listeners:52 - Started Dashboard API Controller Tests
17:20:50.228 [rp-io-8] DEBUG com.epam.reportportal.service.Launch - ReportPortal item with ID '18ee2640-ab56-4ec4-91b7-fc6da64a7d5b' has been created
17:20:50.228 [rp-io-8] DEBUG com.epam.reportportal.utils.SubscriptionUtils - Start test item successfully completed
2023-06-22 17:20:50 INFO  Listeners:28 - Started Test null
2023-06-22 17:20:50 INFO  DashboardControllerTest:25 - a_getAllSharedDashboardTest_GET
17:20:50.310 [rp-io-9] DEBUG com.epam.reportportal.service.Launch - Starting test item...rp-io-9
17:20:50.439 [rp-io-11] DEBUG com.epam.reportportal.service.Launch - ReportPortal item with ID '5b70f6f0-3309-42f1-84a8-479e8004924f' has been created
17:20:50.440 [rp-io-11] DEBUG com.epam.reportportal.utils.SubscriptionUtils - Start test item successfully completed
Request method:	GET
Request URI:	http://192.168.1.11:8080/api/v1/AUTOMATIONTESTINGADVANCEDPROGRAM/dashboard/shared
Proxy:			<none>
Request params:	<none>
Query params:	<none>
Form params:	<none>
Path params:	<none>
Headers:		Authorization=Bearer 8bb82a7d-a573-419e-9cce-c2419f308802
				Accept=*/*
				Content-Type=application/json
Cookies:		<none>
Multiparts:		<none>
Body:			<none>
17:20:53.918 [main] DEBUG org.apache.http.impl.conn.BasicClientConnectionManager - Get connection for route {}->http://192.168.1.11:8080
17:20:53.942 [main] DEBUG org.apache.http.impl.conn.DefaultClientConnectionOperator - Connecting to 192.168.1.11:8080
17:20:53.995 [main] DEBUG org.apache.http.client.protocol.RequestAddCookies - CookieSpec selected: ignoreCookies
17:20:53.998 [main] DEBUG org.apache.http.client.protocol.RequestAuthCache - Auth cache not set in the context
17:20:53.998 [main] DEBUG org.apache.http.client.protocol.RequestProxyAuthentication - Proxy auth state: UNCHALLENGED
17:20:54.000 [main] DEBUG org.apache.http.impl.client.DefaultHttpClient - Attempt 1 to execute request
17:20:54.000 [main] DEBUG org.apache.http.impl.conn.DefaultClientConnection - Sending request: GET /api/v1/AUTOMATIONTESTINGADVANCEDPROGRAM/dashboard/shared HTTP/1.1
17:20:54.001 [main] DEBUG org.apache.http.wire -  >> "GET /api/v1/AUTOMATIONTESTINGADVANCEDPROGRAM/dashboard/shared HTTP/1.1[\r][\n]"
17:20:54.003 [main] DEBUG org.apache.http.wire -  >> "Content-Type: application/json[\r][\n]"
17:20:54.004 [main] DEBUG org.apache.http.wire -  >> "Authorization: Bearer 8bb82a7d-a573-419e-9cce-c2419f308802[\r][\n]"
17:20:54.004 [main] DEBUG org.apache.http.wire -  >> "Accept: */*[\r][\n]"
17:20:54.004 [main] DEBUG org.apache.http.wire -  >> "Host: 192.168.1.11:8080[\r][\n]"
17:20:54.004 [main] DEBUG org.apache.http.wire -  >> "Connection: Keep-Alive[\r][\n]"
17:20:54.004 [main] DEBUG org.apache.http.wire -  >> "User-Agent: Apache-HttpClient/4.5.13 (Java/11.0.19)[\r][\n]"
17:20:54.005 [main] DEBUG org.apache.http.wire -  >> "Accept-Encoding: gzip,deflate[\r][\n]"
17:20:54.005 [main] DEBUG org.apache.http.wire -  >> "[\r][\n]"
17:20:54.005 [main] DEBUG org.apache.http.headers - >> GET /api/v1/AUTOMATIONTESTINGADVANCEDPROGRAM/dashboard/shared HTTP/1.1
17:20:54.005 [main] DEBUG org.apache.http.headers - >> Content-Type: application/json
17:20:54.005 [main] DEBUG org.apache.http.headers - >> Authorization: Bearer 8bb82a7d-a573-419e-9cce-c2419f308802
17:20:54.005 [main] DEBUG org.apache.http.headers - >> Accept: */*
17:20:54.005 [main] DEBUG org.apache.http.headers - >> Host: 192.168.1.11:8080
17:20:54.005 [main] DEBUG org.apache.http.headers - >> Connection: Keep-Alive
17:20:54.006 [main] DEBUG org.apache.http.headers - >> User-Agent: Apache-HttpClient/4.5.13 (Java/11.0.19)
17:20:54.006 [main] DEBUG org.apache.http.headers - >> Accept-Encoding: gzip,deflate
17:20:54.044 [main] DEBUG org.apache.http.wire -  << "HTTP/1.1 200 OK[\r][\n]"
17:20:54.047 [main] DEBUG org.apache.http.wire -  << "Cache-Control: no-cache, no-store, max-age=0, must-revalidate[\r][\n]"
17:20:54.048 [main] DEBUG org.apache.http.wire -  << "Content-Type: application/json[\r][\n]"
17:20:54.048 [main] DEBUG org.apache.http.wire -  << "Date: Thu, 22 Jun 2023 15:20:54 GMT[\r][\n]"
17:20:54.049 [main] DEBUG org.apache.http.wire -  << "Expires: 0[\r][\n]"
17:20:54.049 [main] DEBUG org.apache.http.wire -  << "Pragma: no-cache[\r][\n]"
17:20:54.049 [main] DEBUG org.apache.http.wire -  << "X-Content-Type-Options: nosniff[\r][\n]"
17:20:54.049 [main] DEBUG org.apache.http.wire -  << "X-Frame-Options: DENY[\r][\n]"
17:20:54.050 [main] DEBUG org.apache.http.wire -  << "X-Xss-Protection: 1; mode=block[\r][\n]"
17:20:54.050 [main] DEBUG org.apache.http.wire -  << "Content-Length: 165[\r][\n]"
17:20:54.050 [main] DEBUG org.apache.http.wire -  << "[\r][\n]"
17:20:54.053 [main] DEBUG org.apache.http.impl.conn.DefaultClientConnection - Receiving response: HTTP/1.1 200 OK
17:20:54.053 [main] DEBUG org.apache.http.headers - << HTTP/1.1 200 OK
17:20:54.053 [main] DEBUG org.apache.http.headers - << Cache-Control: no-cache, no-store, max-age=0, must-revalidate
17:20:54.053 [main] DEBUG org.apache.http.headers - << Content-Type: application/json
17:20:54.054 [main] DEBUG org.apache.http.headers - << Date: Thu, 22 Jun 2023 15:20:54 GMT
17:20:54.054 [main] DEBUG org.apache.http.headers - << Expires: 0
17:20:54.054 [main] DEBUG org.apache.http.headers - << Pragma: no-cache
17:20:54.054 [main] DEBUG org.apache.http.headers - << X-Content-Type-Options: nosniff
17:20:54.054 [main] DEBUG org.apache.http.headers - << X-Frame-Options: DENY
17:20:54.055 [main] DEBUG org.apache.http.headers - << X-Xss-Protection: 1; mode=block
17:20:54.055 [main] DEBUG org.apache.http.headers - << Content-Length: 165
17:20:54.066 [main] DEBUG org.apache.http.impl.client.DefaultHttpClient - Connection can be kept alive indefinitely
17:20:54.081 [main] DEBUG io.restassured.internal.RestAssuredHttpBuilder - Parsing response as: application/json
17:20:54.082 [main] DEBUG io.restassured.internal.RestAssuredHttpBuilder - Parsed data to instance of: class org.apache.http.conn.EofSensorInputStream
17:20:54.193 [main] DEBUG org.apache.http.wire -  << "{"content":[{"id":"67","name":"DEMO DASHBOARD","owner":"superadmin","description":"Testing purpose"}],"page":{"number":1,"size":20,"totalElements":1,"totalPages":1}}"
17:20:54.195 [main] DEBUG org.apache.http.impl.conn.BasicClientConnectionManager - Releasing connection org.apache.http.impl.conn.ManagedClientConnectionImpl@11ede87f
17:20:54.195 [main] DEBUG org.apache.http.impl.conn.BasicClientConnectionManager - Connection can be kept alive indefinitely
HTTP/1.1 200 OK
Cache-Control: no-cache, no-store, max-age=0, must-revalidate
Content-Type: application/json
Date: Thu, 22 Jun 2023 15:20:54 GMT
Expires: 0
Pragma: no-cache
X-Content-Type-Options: nosniff
X-Frame-Options: DENY
X-Xss-Protection: 1; mode=block
Content-Length: 165

{
    "content": [
        {
            "id": "67",
            "name": "DEMO DASHBOARD",
            "owner": "superadmin",
            "description": "Testing purpose"
        }
    ],
    "page": {
        "number": 1,
        "size": 20,
        "totalElements": 1,
        "totalPages": 1
    }
}
2023-06-22 17:20:54 INFO  Listeners:32 - Succeeded Test null
]]></system-out>
  </testcase>
  <testcase name="b_getAllDashboardListTest_GET" classname="alltests.apitest.DashboardControllerTest" time="0.461">
    <system-out><![CDATA[2023-06-22 17:20:54 INFO  Listeners:28 - Started Test null
2023-06-22 17:20:54 INFO  DashboardControllerTest:32 - b_getAllDashboardListTest_GET
17:20:54.384 [rp-io-14] DEBUG com.epam.reportportal.service.Launch - Starting test item...rp-io-14
Request method:	GET
Request URI:	http://192.168.1.11:8080/api/v1/AUTOMATIONTESTINGADVANCEDPROGRAM/dashboard
Proxy:			<none>
Request params:	<none>
Query params:	<none>
Form params:	<none>
Path params:	<none>
Headers:		Authorization=Bearer 8bb82a7d-a573-419e-9cce-c2419f308802
				Accept=*/*
				Content-Type=application/json
Cookies:		<none>
Multiparts:		<none>
Body:			<none>
17:20:54.444 [main] DEBUG org.apache.http.impl.conn.BasicClientConnectionManager - Get connection for route {}->http://192.168.1.11:8080
17:20:54.444 [main] DEBUG org.apache.http.impl.conn.DefaultClientConnectionOperator - Connecting to 192.168.1.11:8080
17:20:54.445 [main] DEBUG org.apache.http.client.protocol.RequestAddCookies - CookieSpec selected: ignoreCookies
17:20:54.446 [main] DEBUG org.apache.http.client.protocol.RequestAuthCache - Auth cache not set in the context
17:20:54.446 [main] DEBUG org.apache.http.client.protocol.RequestProxyAuthentication - Proxy auth state: UNCHALLENGED
17:20:54.446 [main] DEBUG org.apache.http.impl.client.DefaultHttpClient - Attempt 1 to execute request
17:20:54.446 [main] DEBUG org.apache.http.impl.conn.DefaultClientConnection - Sending request: GET /api/v1/AUTOMATIONTESTINGADVANCEDPROGRAM/dashboard HTTP/1.1
17:20:54.447 [main] DEBUG org.apache.http.wire -  >> "GET /api/v1/AUTOMATIONTESTINGADVANCEDPROGRAM/dashboard HTTP/1.1[\r][\n]"
17:20:54.447 [main] DEBUG org.apache.http.wire -  >> "Content-Type: application/json[\r][\n]"
17:20:54.447 [main] DEBUG org.apache.http.wire -  >> "Authorization: Bearer 8bb82a7d-a573-419e-9cce-c2419f308802[\r][\n]"
17:20:54.447 [main] DEBUG org.apache.http.wire -  >> "Accept: */*[\r][\n]"
17:20:54.447 [main] DEBUG org.apache.http.wire -  >> "Host: 192.168.1.11:8080[\r][\n]"
17:20:54.447 [main] DEBUG org.apache.http.wire -  >> "Connection: Keep-Alive[\r][\n]"
17:20:54.447 [main] DEBUG org.apache.http.wire -  >> "User-Agent: Apache-HttpClient/4.5.13 (Java/11.0.19)[\r][\n]"
17:20:54.448 [main] DEBUG org.apache.http.wire -  >> "Accept-Encoding: gzip,deflate[\r][\n]"
17:20:54.448 [main] DEBUG org.apache.http.wire -  >> "[\r][\n]"
17:20:54.448 [main] DEBUG org.apache.http.headers - >> GET /api/v1/AUTOMATIONTESTINGADVANCEDPROGRAM/dashboard HTTP/1.1
17:20:54.448 [main] DEBUG org.apache.http.headers - >> Content-Type: application/json
17:20:54.448 [main] DEBUG org.apache.http.headers - >> Authorization: Bearer 8bb82a7d-a573-419e-9cce-c2419f308802
17:20:54.448 [main] DEBUG org.apache.http.headers - >> Accept: */*
17:20:54.448 [main] DEBUG org.apache.http.headers - >> Host: 192.168.1.11:8080
17:20:54.448 [main] DEBUG org.apache.http.headers - >> Connection: Keep-Alive
17:20:54.448 [main] DEBUG org.apache.http.headers - >> User-Agent: Apache-HttpClient/4.5.13 (Java/11.0.19)
17:20:54.448 [main] DEBUG org.apache.http.headers - >> Accept-Encoding: gzip,deflate
17:20:54.525 [rp-io-16] DEBUG com.epam.reportportal.service.Launch - TestItem with ID = '5b70f6f0-3309-42f1-84a8-479e8004924f' successfully finished.
17:20:54.525 [rp-io-16] DEBUG com.epam.reportportal.utils.SubscriptionUtils - Finish test item completed
17:20:54.528 [rp-io-17] DEBUG com.epam.reportportal.service.Launch - ReportPortal item with ID '99a0c26d-5947-4353-8115-428579740c4c' has been created
17:20:54.528 [rp-io-17] DEBUG com.epam.reportportal.utils.SubscriptionUtils - Start test item successfully completed
17:20:54.557 [main] DEBUG org.apache.http.wire -  << "HTTP/1.1 200 OK[\r][\n]"
17:20:54.557 [main] DEBUG org.apache.http.wire -  << "Cache-Control: no-cache, no-store, max-age=0, must-revalidate[\r][\n]"
17:20:54.557 [main] DEBUG org.apache.http.wire -  << "Content-Type: application/json[\r][\n]"
17:20:54.557 [main] DEBUG org.apache.http.wire -  << "Date: Thu, 22 Jun 2023 15:20:54 GMT[\r][\n]"
17:20:54.557 [main] DEBUG org.apache.http.wire -  << "Expires: 0[\r][\n]"
17:20:54.557 [main] DEBUG org.apache.http.wire -  << "Pragma: no-cache[\r][\n]"
17:20:54.557 [main] DEBUG org.apache.http.wire -  << "X-Content-Type-Options: nosniff[\r][\n]"
17:20:54.557 [main] DEBUG org.apache.http.wire -  << "X-Frame-Options: DENY[\r][\n]"
17:20:54.557 [main] DEBUG org.apache.http.wire -  << "X-Xss-Protection: 1; mode=block[\r][\n]"
17:20:54.568 [main] DEBUG org.apache.http.wire -  << "Transfer-Encoding: chunked[\r][\n]"
17:20:54.569 [main] DEBUG org.apache.http.wire -  << "[\r][\n]"
17:20:54.569 [main] DEBUG org.apache.http.impl.conn.DefaultClientConnection - Receiving response: HTTP/1.1 200 OK
17:20:54.569 [main] DEBUG org.apache.http.headers - << HTTP/1.1 200 OK
17:20:54.569 [main] DEBUG org.apache.http.headers - << Cache-Control: no-cache, no-store, max-age=0, must-revalidate
17:20:54.569 [main] DEBUG org.apache.http.headers - << Content-Type: application/json
17:20:54.569 [main] DEBUG org.apache.http.headers - << Date: Thu, 22 Jun 2023 15:20:54 GMT
17:20:54.569 [main] DEBUG org.apache.http.headers - << Expires: 0
17:20:54.569 [main] DEBUG org.apache.http.headers - << Pragma: no-cache
17:20:54.569 [main] DEBUG org.apache.http.headers - << X-Content-Type-Options: nosniff
17:20:54.570 [main] DEBUG org.apache.http.headers - << X-Frame-Options: DENY
17:20:54.570 [main] DEBUG org.apache.http.headers - << X-Xss-Protection: 1; mode=block
17:20:54.570 [main] DEBUG org.apache.http.headers - << Transfer-Encoding: chunked
17:20:54.573 [main] DEBUG org.apache.http.impl.client.DefaultHttpClient - Connection can be kept alive indefinitely
17:20:54.574 [main] DEBUG io.restassured.internal.RestAssuredHttpBuilder - Parsing response as: application/json
17:20:54.574 [main] DEBUG io.restassured.internal.RestAssuredHttpBuilder - Parsed data to instance of: class org.apache.http.conn.EofSensorInputStream
17:20:54.576 [main] DEBUG org.apache.http.wire -  << "b7a[\r][\n]"
17:20:54.576 [main] DEBUG org.apache.http.wire -  << "{"content":[{"description":"Testing purpose","owner":"superadmin","share":true,"id":67,"name":"DEMO DASHBOARD","widgets":[{"widgetName":"LAUNCH STATISTICS AREA","widgetId":55,"widgetType":"statisticTrend","widgetSize":{"width":6,"height":4},"widgetPosition":{"positionX":0,"positionY":0},"share":true,"widgetOptions":{"zoom":false,"timeline":"launch","viewMode":"area-spline"}},{"widgetName":"LAUNCH STATISTICS BAR","widgetId":56,"widgetType":"statisticTrend","widgetSize":{"width":6,"height":5},"widgetPosition":{"positionX":6,"positionY":0},"share":true,"widgetOptions":{"zoom":false,"timeline":"launch","viewMode":"bar"}},{"widgetName":"INVESTIGATED PERCENTAGE OF LAUNCHES","widgetId":57,"widgetType":"investigatedTrend","widgetSize":{"width":7,"height":5},"widgetPosition":{"positionX":0,"positionY":5},"share":true,"widgetOptions":{"timeline":"launch"}},{"widgetName":"TEST CASES GROWTH TREND CHART","widgetId":58,"widgetType":"casesTrend","widgetSize":{"width":5,"height":5},"widgetPosition":{"positionX":7,"positionY":5},"share":true,"widgetOptions":{}},{"widgetName":"OVERALL STATISTICS PANEL","widgetId":59,"widgetType":"overallStatistics","widgetSize":{"width":5,"height":5},"widgetPosition":{"positionX":0,"positionY":10},"share":true,"widgetOptions":{"latest":false,"viewMode":"panel"}},{"widgetName":"LAUNCHES DURATION CHART","widgetId":60,"widgetType":"launchesDurationChart","widgetSize":{"width":7,"height":5},"widgetPosition":{"positionX":5,"positionY":10},"share":true,"widgetOptions":{"latest":false}},{"widgetName":"OVERALL STATISTICS DONUT","widgetId":61,"widgetType":"overallStatistics","widgetSize":{"width":6,"height":5},"widgetPosition":{"positionX":0,"positionY":15},"share":true,"widgetOptions":{"latest":false,"viewMode":"donut"}},{"widgetName":"FAILED CASES TREND CHART","widgetId":62,"widgetType":"bugTrend","widgetSize":{"width":6,"height":5},"widgetPosition":{"positionX":6,"positionY":15},"share":true,"widgetOptions":{}},{"widgetName":"LAUNCH TABLE","widgetId":63,"widgetType":"launchesTable","widgetSize":{"width":12,"height":4},"widgetPosition":{"positionX":0,"positionY":20},"share":true,"widgetOptions":{}},{"widgetName":"MOST FAILED TEST CASES","widgetId":64,"widgetType":"topTestCases","widgetSize":{"width":7,"height":5},"widgetPosition":{"positionX":0,"positionY":24},"share":true,"widgetOptions":{"includeMethods":false,"launchNameFilter":"Demo Api Tests"}},{"widgetName":"PASSING RATE SUMMARY","widgetId":65,"widgetType":"passingRateSummary","widgetSize":{"width":5,"height":5},"widgetPosition":{"positionX":7,"positionY":24},"share":true,"widgetOptions":{"viewMode":"pie"}},{"widgetName":"FLAKY TEST CASES","widgetId":66,"widgetType":"flakyTestCases","widgetSize":{"width":12,"height":4},"widgetPosition":{"positionX":0,"positionY":29},"share":true,"widgetOptions":{"includeMethods":false,"launchNameFilter":"Demo Api Tests"}}]}],"page":{"number":1,"size":20,"totalElements":1,"totalPages":1}}"
17:20:54.576 [main] DEBUG org.apache.http.wire -  << "[\r][\n]"
17:20:54.576 [main] DEBUG org.apache.http.wire -  << "0[\r][\n]"
17:20:54.577 [main] DEBUG org.apache.http.wire -  << "[\r][\n]"
17:20:54.577 [main] DEBUG org.apache.http.impl.conn.BasicClientConnectionManager - Releasing connection org.apache.http.impl.conn.ManagedClientConnectionImpl@3e28d779
17:20:54.577 [main] DEBUG org.apache.http.impl.conn.BasicClientConnectionManager - Connection can be kept alive indefinitely
HTTP/1.1 200 OK
Cache-Control: no-cache, no-store, max-age=0, must-revalidate
Content-Type: application/json
Date: Thu, 22 Jun 2023 15:20:54 GMT
Expires: 0
Pragma: no-cache
X-Content-Type-Options: nosniff
X-Frame-Options: DENY
X-Xss-Protection: 1; mode=block
Transfer-Encoding: chunked

{
    "content": [
        {
            "description": "Testing purpose",
            "owner": "superadmin",
            "share": true,
            "id": 67,
            "name": "DEMO DASHBOARD",
            "widgets": [
                {
                    "widgetName": "LAUNCH STATISTICS AREA",
                    "widgetId": 55,
                    "widgetType": "statisticTrend",
                    "widgetSize": {
                        "width": 6,
                        "height": 4
                    },
                    "widgetPosition": {
                        "positionX": 0,
                        "positionY": 0
                    },
                    "share": true,
                    "widgetOptions": {
                        "zoom": false,
                        "timeline": "launch",
                        "viewMode": "area-spline"
                    }
                },
                {
                    "widgetName": "LAUNCH STATISTICS BAR",
                    "widgetId": 56,
                    "widgetType": "statisticTrend",
                    "widgetSize": {
                        "width": 6,
                        "height": 5
                    },
                    "widgetPosition": {
                        "positionX": 6,
                        "positionY": 0
                    },
                    "share": true,
                    "widgetOptions": {
                        "zoom": false,
                        "timeline": "launch",
                        "viewMode": "bar"
                    }
                },
                {
                    "widgetName": "INVESTIGATED PERCENTAGE OF LAUNCHES",
                    "widgetId": 57,
                    "widgetType": "investigatedTrend",
                    "widgetSize": {
                        "width": 7,
                        "height": 5
                    },
                    "widgetPosition": {
                        "positionX": 0,
                        "positionY": 5
                    },
                    "share": true,
                    "widgetOptions": {
                        "timeline": "launch"
                    }
                },
                {
                    "widgetName": "TEST CASES GROWTH TREND CHART",
                    "widgetId": 58,
                    "widgetType": "casesTrend",
                    "widgetSize": {
                        "width": 5,
                        "height": 5
                    },
                    "widgetPosition": {
                        "positionX": 7,
                        "positionY": 5
                    },
                    "share": true,
                    "widgetOptions": {
                        
                    }
                },
                {
                    "widgetName": "OVERALL STATISTICS PANEL",
                    "widgetId": 59,
                    "widgetType": "overallStatistics",
                    "widgetSize": {
                        "width": 5,
                        "height": 5
                    },
                    "widgetPosition": {
                        "positionX": 0,
                        "positionY": 10
                    },
                    "share": true,
                    "widgetOptions": {
                        "latest": false,
                        "viewMode": "panel"
                    }
                },
                {
                    "widgetName": "LAUNCHES DURATION CHART",
                    "widgetId": 60,
                    "widgetType": "launchesDurationChart",
                    "widgetSize": {
                        "width": 7,
                        "height": 5
                    },
                    "widgetPosition": {
                        "positionX": 5,
                        "positionY": 10
                    },
                    "share": true,
                    "widgetOptions": {
                        "latest": false
                    }
                },
                {
                    "widgetName": "OVERALL STATISTICS DONUT",
                    "widgetId": 61,
                    "widgetType": "overallStatistics",
                    "widgetSize": {
                        "width": 6,
                        "height": 5
                    },
                    "widgetPosition": {
                        "positionX": 0,
                        "positionY": 15
                    },
                    "share": true,
                    "widgetOptions": {
                        "latest": false,
                        "viewMode": "donut"
                    }
                },
                {
                    "widgetName": "FAILED CASES TREND CHART",
                    "widgetId": 62,
                    "widgetType": "bugTrend",
                    "widgetSize": {
                        "width": 6,
                        "height": 5
                    },
                    "widgetPosition": {
                        "positionX": 6,
                        "positionY": 15
                    },
                    "share": true,
                    "widgetOptions": {
                        
                    }
                },
                {
                    "widgetName": "LAUNCH TABLE",
                    "widgetId": 63,
                    "widgetType": "launchesTable",
                    "widgetSize": {
                        "width": 12,
                        "height": 4
                    },
                    "widgetPosition": {
                        "positionX": 0,
                        "positionY": 20
                    },
                    "share": true,
                    "widgetOptions": {
                        
                    }
                },
                {
                    "widgetName": "MOST FAILED TEST CASES",
                    "widgetId": 64,
                    "widgetType": "topTestCases",
                    "widgetSize": {
                        "width": 7,
                        "height": 5
                    },
                    "widgetPosition": {
                        "positionX": 0,
                        "positionY": 24
                    },
                    "share": true,
                    "widgetOptions": {
                        "includeMethods": false,
                        "launchNameFilter": "Demo Api Tests"
                    }
                },
                {
                    "widgetName": "PASSING RATE SUMMARY",
                    "widgetId": 65,
                    "widgetType": "passingRateSummary",
                    "widgetSize": {
                        "width": 5,
                        "height": 5
                    },
                    "widgetPosition": {
                        "positionX": 7,
                        "positionY": 24
                    },
                    "share": true,
                    "widgetOptions": {
                        "viewMode": "pie"
                    }
                },
                {
                    "widgetName": "FLAKY TEST CASES",
                    "widgetId": 66,
                    "widgetType": "flakyTestCases",
                    "widgetSize": {
                        "width": 12,
                        "height": 4
                    },
                    "widgetPosition": {
                        "positionX": 0,
                        "positionY": 29
                    },
                    "share": true,
                    "widgetOptions": {
                        "includeMethods": false,
                        "launchNameFilter": "Demo Api Tests"
                    }
                }
            ]
        }
    ],
    "page": {
        "number": 1,
        "size": 20,
        "totalElements": 1,
        "totalPages": 1
    }
}
2023-06-22 17:20:54 INFO  Listeners:32 - Succeeded Test null
]]></system-out>
  </testcase>
  <testcase name="c_getDashboardByIdTest_GET" classname="alltests.apitest.DashboardControllerTest" time="0.231">
    <system-out><![CDATA[17:20:54.604 [rp-io-20] DEBUG com.epam.reportportal.service.Launch - Starting test item...rp-io-20
2023-06-22 17:20:54 INFO  Listeners:28 - Started Test null
2023-06-22 17:20:54 INFO  DashboardControllerTest:39 - c_getDashboardByIdTest_GET
Request method:	GET
Request URI:	http://192.168.1.11:8080/api/v1/AUTOMATIONTESTINGADVANCEDPROGRAM/dashboard/67
Proxy:			<none>
Request params:	<none>
Query params:	<none>
Form params:	<none>
Path params:	id=67
Headers:		Authorization=Bearer 8bb82a7d-a573-419e-9cce-c2419f308802
				Accept=*/*
				Content-Type=application/json
Cookies:		<none>
Multiparts:		<none>
Body:			<none>
17:20:54.729 [main] DEBUG org.apache.http.impl.conn.BasicClientConnectionManager - Get connection for route {}->http://192.168.1.11:8080
17:20:54.730 [main] DEBUG org.apache.http.impl.conn.DefaultClientConnectionOperator - Connecting to 192.168.1.11:8080
17:20:54.733 [main] DEBUG org.apache.http.client.protocol.RequestAddCookies - CookieSpec selected: ignoreCookies
17:20:54.733 [main] DEBUG org.apache.http.client.protocol.RequestAuthCache - Auth cache not set in the context
17:20:54.733 [main] DEBUG org.apache.http.client.protocol.RequestProxyAuthentication - Proxy auth state: UNCHALLENGED
17:20:54.733 [main] DEBUG org.apache.http.impl.client.DefaultHttpClient - Attempt 1 to execute request
17:20:54.733 [main] DEBUG org.apache.http.impl.conn.DefaultClientConnection - Sending request: GET /api/v1/AUTOMATIONTESTINGADVANCEDPROGRAM/dashboard/67 HTTP/1.1
17:20:54.733 [main] DEBUG org.apache.http.wire -  >> "GET /api/v1/AUTOMATIONTESTINGADVANCEDPROGRAM/dashboard/67 HTTP/1.1[\r][\n]"
17:20:54.733 [main] DEBUG org.apache.http.wire -  >> "Content-Type: application/json[\r][\n]"
17:20:54.733 [main] DEBUG org.apache.http.wire -  >> "Authorization: Bearer 8bb82a7d-a573-419e-9cce-c2419f308802[\r][\n]"
17:20:54.734 [main] DEBUG org.apache.http.wire -  >> "Accept: */*[\r][\n]"
17:20:54.734 [main] DEBUG org.apache.http.wire -  >> "Host: 192.168.1.11:8080[\r][\n]"
17:20:54.734 [main] DEBUG org.apache.http.wire -  >> "Connection: Keep-Alive[\r][\n]"
17:20:54.734 [main] DEBUG org.apache.http.wire -  >> "User-Agent: Apache-HttpClient/4.5.13 (Java/11.0.19)[\r][\n]"
17:20:54.734 [main] DEBUG org.apache.http.wire -  >> "Accept-Encoding: gzip,deflate[\r][\n]"
17:20:54.734 [main] DEBUG org.apache.http.wire -  >> "[\r][\n]"
17:20:54.734 [main] DEBUG org.apache.http.headers - >> GET /api/v1/AUTOMATIONTESTINGADVANCEDPROGRAM/dashboard/67 HTTP/1.1
17:20:54.735 [main] DEBUG org.apache.http.headers - >> Content-Type: application/json
17:20:54.735 [main] DEBUG org.apache.http.headers - >> Authorization: Bearer 8bb82a7d-a573-419e-9cce-c2419f308802
17:20:54.735 [main] DEBUG org.apache.http.headers - >> Accept: */*
17:20:54.735 [main] DEBUG org.apache.http.headers - >> Host: 192.168.1.11:8080
17:20:54.735 [main] DEBUG org.apache.http.headers - >> Connection: Keep-Alive
17:20:54.735 [main] DEBUG org.apache.http.headers - >> User-Agent: Apache-HttpClient/4.5.13 (Java/11.0.19)
17:20:54.735 [main] DEBUG org.apache.http.headers - >> Accept-Encoding: gzip,deflate
17:20:54.740 [rp-io-23] DEBUG com.epam.reportportal.service.Launch - ReportPortal item with ID '9ed8f406-a90b-48bd-9fca-a365833b4744' has been created
17:20:54.741 [rp-io-23] DEBUG com.epam.reportportal.utils.SubscriptionUtils - Start test item successfully completed
17:20:54.757 [rp-io-21] DEBUG com.epam.reportportal.service.Launch - TestItem with ID = '99a0c26d-5947-4353-8115-428579740c4c' successfully finished.
17:20:54.758 [rp-io-21] DEBUG com.epam.reportportal.utils.SubscriptionUtils - Finish test item completed
17:20:54.850 [main] DEBUG org.apache.http.wire -  << "HTTP/1.1 200 OK[\r][\n]"
17:20:54.851 [main] DEBUG org.apache.http.wire -  << "Cache-Control: no-cache, no-store, max-age=0, must-revalidate[\r][\n]"
17:20:54.851 [main] DEBUG org.apache.http.wire -  << "Content-Type: application/json[\r][\n]"
17:20:54.851 [main] DEBUG org.apache.http.wire -  << "Date: Thu, 22 Jun 2023 15:20:54 GMT[\r][\n]"
17:20:54.851 [main] DEBUG org.apache.http.wire -  << "Expires: 0[\r][\n]"
17:20:54.851 [main] DEBUG org.apache.http.wire -  << "Pragma: no-cache[\r][\n]"
17:20:54.852 [main] DEBUG org.apache.http.wire -  << "X-Content-Type-Options: nosniff[\r][\n]"
17:20:54.852 [main] DEBUG org.apache.http.wire -  << "X-Frame-Options: DENY[\r][\n]"
17:20:54.852 [main] DEBUG org.apache.http.wire -  << "X-Xss-Protection: 1; mode=block[\r][\n]"
17:20:54.852 [main] DEBUG org.apache.http.wire -  << "Transfer-Encoding: chunked[\r][\n]"
17:20:54.852 [main] DEBUG org.apache.http.wire -  << "[\r][\n]"
17:20:54.852 [main] DEBUG org.apache.http.impl.conn.DefaultClientConnection - Receiving response: HTTP/1.1 200 OK
17:20:54.852 [main] DEBUG org.apache.http.headers - << HTTP/1.1 200 OK
17:20:54.852 [main] DEBUG org.apache.http.headers - << Cache-Control: no-cache, no-store, max-age=0, must-revalidate
17:20:54.852 [main] DEBUG org.apache.http.headers - << Content-Type: application/json
17:20:54.852 [main] DEBUG org.apache.http.headers - << Date: Thu, 22 Jun 2023 15:20:54 GMT
17:20:54.852 [main] DEBUG org.apache.http.headers - << Expires: 0
17:20:54.852 [main] DEBUG org.apache.http.headers - << Pragma: no-cache
17:20:54.852 [main] DEBUG org.apache.http.headers - << X-Content-Type-Options: nosniff
17:20:54.852 [main] DEBUG org.apache.http.headers - << X-Frame-Options: DENY
17:20:54.853 [main] DEBUG org.apache.http.headers - << X-Xss-Protection: 1; mode=block
17:20:54.853 [main] DEBUG org.apache.http.headers - << Transfer-Encoding: chunked
17:20:54.853 [main] DEBUG org.apache.http.impl.client.DefaultHttpClient - Connection can be kept alive indefinitely
17:20:54.853 [main] DEBUG io.restassured.internal.RestAssuredHttpBuilder - Parsing response as: application/json
17:20:54.853 [main] DEBUG io.restassured.internal.RestAssuredHttpBuilder - Parsed data to instance of: class org.apache.http.conn.EofSensorInputStream
17:20:54.855 [main] DEBUG org.apache.http.wire -  << "b2d[\r][\n]"
17:20:54.856 [main] DEBUG org.apache.http.wire -  << "{"description":"Testing purpose","owner":"superadmin","share":true,"id":67,"name":"DEMO DASHBOARD","widgets":[{"widgetName":"LAUNCH STATISTICS AREA","widgetId":55,"widgetType":"statisticTrend","widgetSize":{"width":6,"height":4},"widgetPosition":{"positionX":0,"positionY":0},"share":true,"widgetOptions":{"zoom":false,"timeline":"launch","viewMode":"area-spline"}},{"widgetName":"LAUNCH STATISTICS BAR","widgetId":56,"widgetType":"statisticTrend","widgetSize":{"width":6,"height":5},"widgetPosition":{"positionX":6,"positionY":0},"share":true,"widgetOptions":{"zoom":false,"timeline":"launch","viewMode":"bar"}},{"widgetName":"INVESTIGATED PERCENTAGE OF LAUNCHES","widgetId":57,"widgetType":"investigatedTrend","widgetSize":{"width":7,"height":5},"widgetPosition":{"positionX":0,"positionY":5},"share":true,"widgetOptions":{"timeline":"launch"}},{"widgetName":"TEST CASES GROWTH TREND CHART","widgetId":58,"widgetType":"casesTrend","widgetSize":{"width":5,"height":5},"widgetPosition":{"positionX":7,"positionY":5},"share":true,"widgetOptions":{}},{"widgetName":"OVERALL STATISTICS PANEL","widgetId":59,"widgetType":"overallStatistics","widgetSize":{"width":5,"height":5},"widgetPosition":{"positionX":0,"positionY":10},"share":true,"widgetOptions":{"latest":false,"viewMode":"panel"}},{"widgetName":"LAUNCHES DURATION CHART","widgetId":60,"widgetType":"launchesDurationChart","widgetSize":{"width":7,"height":5},"widgetPosition":{"positionX":5,"positionY":10},"share":true,"widgetOptions":{"latest":false}},{"widgetName":"OVERALL STATISTICS DONUT","widgetId":61,"widgetType":"overallStatistics","widgetSize":{"width":6,"height":5},"widgetPosition":{"positionX":0,"positionY":15},"share":true,"widgetOptions":{"latest":false,"viewMode":"donut"}},{"widgetName":"FAILED CASES TREND CHART","widgetId":62,"widgetType":"bugTrend","widgetSize":{"width":6,"height":5},"widgetPosition":{"positionX":6,"positionY":15},"share":true,"widgetOptions":{}},{"widgetName":"LAUNCH TABLE","widgetId":63,"widgetType":"launchesTable","widgetSize":{"width":12,"height":4},"widgetPosition":{"positionX":0,"positionY":20},"share":true,"widgetOptions":{}},{"widgetName":"MOST FAILED TEST CASES","widgetId":64,"widgetType":"topTestCases","widgetSize":{"width":7,"height":5},"widgetPosition":{"positionX":0,"positionY":24},"share":true,"widgetOptions":{"includeMethods":false,"launchNameFilter":"Demo Api Tests"}},{"widgetName":"PASSING RATE SUMMARY","widgetId":65,"widgetType":"passingRateSummary","widgetSize":{"width":5,"height":5},"widgetPosition":{"positionX":7,"positionY":24},"share":true,"widgetOptions":{"viewMode":"pie"}},{"widgetName":"FLAKY TEST CASES","widgetId":66,"widgetType":"flakyTestCases","widgetSize":{"width":12,"height":4},"widgetPosition":{"positionX":0,"positionY":29},"share":true,"widgetOptions":{"includeMethods":false,"launchNameFilter":"Demo Api Tests"}}]}"
17:20:54.856 [main] DEBUG org.apache.http.wire -  << "[\r][\n]"
17:20:54.856 [main] DEBUG org.apache.http.wire -  << "0[\r][\n]"
17:20:54.856 [main] DEBUG org.apache.http.wire -  << "[\r][\n]"
17:20:54.858 [main] DEBUG org.apache.http.impl.conn.BasicClientConnectionManager - Releasing connection org.apache.http.impl.conn.ManagedClientConnectionImpl@269222ae
17:20:54.859 [main] DEBUG org.apache.http.impl.conn.BasicClientConnectionManager - Connection can be kept alive indefinitely
HTTP/1.1 200 OK
Cache-Control: no-cache, no-store, max-age=0, must-revalidate
Content-Type: application/json
Date: Thu, 22 Jun 2023 15:20:54 GMT
Expires: 0
Pragma: no-cache
X-Content-Type-Options: nosniff
X-Frame-Options: DENY
X-Xss-Protection: 1; mode=block
Transfer-Encoding: chunked

{
    "description": "Testing purpose",
    "owner": "superadmin",
    "share": true,
    "id": 67,
    "name": "DEMO DASHBOARD",
    "widgets": [
        {
            "widgetName": "LAUNCH STATISTICS AREA",
            "widgetId": 55,
            "widgetType": "statisticTrend",
            "widgetSize": {
                "width": 6,
                "height": 4
            },
            "widgetPosition": {
                "positionX": 0,
                "positionY": 0
            },
            "share": true,
            "widgetOptions": {
                "zoom": false,
                "timeline": "launch",
                "viewMode": "area-spline"
            }
        },
        {
            "widgetName": "LAUNCH STATISTICS BAR",
            "widgetId": 56,
            "widgetType": "statisticTrend",
            "widgetSize": {
                "width": 6,
                "height": 5
            },
            "widgetPosition": {
                "positionX": 6,
                "positionY": 0
            },
            "share": true,
            "widgetOptions": {
                "zoom": false,
                "timeline": "launch",
                "viewMode": "bar"
            }
        },
        {
            "widgetName": "INVESTIGATED PERCENTAGE OF LAUNCHES",
            "widgetId": 57,
            "widgetType": "investigatedTrend",
            "widgetSize": {
                "width": 7,
                "height": 5
            },
            "widgetPosition": {
                "positionX": 0,
                "positionY": 5
            },
            "share": true,
            "widgetOptions": {
                "timeline": "launch"
            }
        },
        {
            "widgetName": "TEST CASES GROWTH TREND CHART",
            "widgetId": 58,
            "widgetType": "casesTrend",
            "widgetSize": {
                "width": 5,
                "height": 5
            },
            "widgetPosition": {
                "positionX": 7,
                "positionY": 5
            },
            "share": true,
            "widgetOptions": {
                
            }
        },
        {
            "widgetName": "OVERALL STATISTICS PANEL",
            "widgetId": 59,
            "widgetType": "overallStatistics",
            "widgetSize": {
                "width": 5,
                "height": 5
            },
            "widgetPosition": {
                "positionX": 0,
                "positionY": 10
            },
            "share": true,
            "widgetOptions": {
                "latest": false,
                "viewMode": "panel"
            }
        },
        {
            "widgetName": "LAUNCHES DURATION CHART",
            "widgetId": 60,
            "widgetType": "launchesDurationChart",
            "widgetSize": {
                "width": 7,
                "height": 5
            },
            "widgetPosition": {
                "positionX": 5,
                "positionY": 10
            },
            "share": true,
            "widgetOptions": {
                "latest": false
            }
        },
        {
            "widgetName": "OVERALL STATISTICS DONUT",
            "widgetId": 61,
            "widgetType": "overallStatistics",
            "widgetSize": {
                "width": 6,
                "height": 5
            },
            "widgetPosition": {
                "positionX": 0,
                "positionY": 15
            },
            "share": true,
            "widgetOptions": {
                "latest": false,
                "viewMode": "donut"
            }
        },
        {
            "widgetName": "FAILED CASES TREND CHART",
            "widgetId": 62,
            "widgetType": "bugTrend",
            "widgetSize": {
                "width": 6,
                "height": 5
            },
            "widgetPosition": {
                "positionX": 6,
                "positionY": 15
            },
            "share": true,
            "widgetOptions": {
                
            }
        },
        {
            "widgetName": "LAUNCH TABLE",
            "widgetId": 63,
            "widgetType": "launchesTable",
            "widgetSize": {
                "width": 12,
                "height": 4
            },
            "widgetPosition": {
                "positionX": 0,
                "positionY": 20
            },
            "share": true,
            "widgetOptions": {
                
            }
        },
        {
            "widgetName": "MOST FAILED TEST CASES",
            "widgetId": 64,
            "widgetType": "topTestCases",
            "widgetSize": {
                "width": 7,
                "height": 5
            },
            "widgetPosition": {
                "positionX": 0,
                "positionY": 24
            },
            "share": true,
            "widgetOptions": {
                "includeMethods": false,
                "launchNameFilter": "Demo Api Tests"
            }
        },
        {
            "widgetName": "PASSING RATE SUMMARY",
            "widgetId": 65,
            "widgetType": "passingRateSummary",
            "widgetSize": {
                "width": 5,
                "height": 5
            },
            "widgetPosition": {
                "positionX": 7,
                "positionY": 24
            },
            "share": true,
            "widgetOptions": {
                "viewMode": "pie"
            }
        },
        {
            "widgetName": "FLAKY TEST CASES",
            "widgetId": 66,
            "widgetType": "flakyTestCases",
            "widgetSize": {
                "width": 12,
                "height": 4
            },
            "widgetPosition": {
                "positionX": 0,
                "positionY": 29
            },
            "share": true,
            "widgetOptions": {
                "includeMethods": false,
                "launchNameFilter": "Demo Api Tests"
            }
        }
    ]
}
2023-06-22 17:20:54 INFO  Listeners:32 - Succeeded Test null
]]></system-out>
  </testcase>
  <testcase name="d_getDashboardByIdThatDoesNotExist_GET" classname="alltests.apitest.DashboardControllerTest" time="1.985">
    <system-out><![CDATA[2023-06-22 17:20:54 INFO  Listeners:28 - Started Test null
2023-06-22 17:20:54 INFO  DashboardControllerTest:46 - getDashboardByIdThatDoesNotExist_GET
17:20:54.887 [rp-io-26] DEBUG com.epam.reportportal.service.Launch - Starting test item...rp-io-26
Request method:	GET
Request URI:	http://192.168.1.11:8080/api/v1/AUTOMATIONTESTINGADVANCEDPROGRAM/dashboard/0
Proxy:			<none>
Request params:	<none>
Query params:	<none>
Form params:	<none>
Path params:	id=0
Headers:		Authorization=Bearer 8bb82a7d-a573-419e-9cce-c2419f308802
				Accept=*/*
				Content-Type=application/json
Cookies:		<none>
Multiparts:		<none>
Body:			<none>
17:20:54.949 [main] DEBUG org.apache.http.impl.conn.BasicClientConnectionManager - Get connection for route {}->http://192.168.1.11:8080
17:20:54.951 [main] DEBUG org.apache.http.impl.conn.DefaultClientConnectionOperator - Connecting to 192.168.1.11:8080
17:20:54.952 [main] DEBUG org.apache.http.client.protocol.RequestAddCookies - CookieSpec selected: ignoreCookies
17:20:54.953 [main] DEBUG org.apache.http.client.protocol.RequestAuthCache - Auth cache not set in the context
17:20:54.953 [main] DEBUG org.apache.http.client.protocol.RequestProxyAuthentication - Proxy auth state: UNCHALLENGED
17:20:54.953 [main] DEBUG org.apache.http.impl.client.DefaultHttpClient - Attempt 1 to execute request
17:20:54.953 [main] DEBUG org.apache.http.impl.conn.DefaultClientConnection - Sending request: GET /api/v1/AUTOMATIONTESTINGADVANCEDPROGRAM/dashboard/0 HTTP/1.1
17:20:54.953 [main] DEBUG org.apache.http.wire -  >> "GET /api/v1/AUTOMATIONTESTINGADVANCEDPROGRAM/dashboard/0 HTTP/1.1[\r][\n]"
17:20:54.953 [main] DEBUG org.apache.http.wire -  >> "Content-Type: application/json[\r][\n]"
17:20:54.954 [main] DEBUG org.apache.http.wire -  >> "Authorization: Bearer 8bb82a7d-a573-419e-9cce-c2419f308802[\r][\n]"
17:20:54.954 [main] DEBUG org.apache.http.wire -  >> "Accept: */*[\r][\n]"
17:20:54.954 [main] DEBUG org.apache.http.wire -  >> "Host: 192.168.1.11:8080[\r][\n]"
17:20:54.954 [main] DEBUG org.apache.http.wire -  >> "Connection: Keep-Alive[\r][\n]"
17:20:54.954 [main] DEBUG org.apache.http.wire -  >> "User-Agent: Apache-HttpClient/4.5.13 (Java/11.0.19)[\r][\n]"
17:20:54.954 [main] DEBUG org.apache.http.wire -  >> "Accept-Encoding: gzip,deflate[\r][\n]"
17:20:54.954 [main] DEBUG org.apache.http.wire -  >> "[\r][\n]"
17:20:54.954 [main] DEBUG org.apache.http.headers - >> GET /api/v1/AUTOMATIONTESTINGADVANCEDPROGRAM/dashboard/0 HTTP/1.1
17:20:54.954 [main] DEBUG org.apache.http.headers - >> Content-Type: application/json
17:20:54.954 [main] DEBUG org.apache.http.headers - >> Authorization: Bearer 8bb82a7d-a573-419e-9cce-c2419f308802
17:20:54.954 [main] DEBUG org.apache.http.headers - >> Accept: */*
17:20:54.954 [main] DEBUG org.apache.http.headers - >> Host: 192.168.1.11:8080
17:20:54.954 [main] DEBUG org.apache.http.headers - >> Connection: Keep-Alive
17:20:54.955 [main] DEBUG org.apache.http.headers - >> User-Agent: Apache-HttpClient/4.5.13 (Java/11.0.19)
17:20:54.955 [main] DEBUG org.apache.http.headers - >> Accept-Encoding: gzip,deflate
17:20:55.027 [main] DEBUG org.apache.http.wire -  << "HTTP/1.1 404 Not Found[\r][\n]"
17:20:55.028 [main] DEBUG org.apache.http.wire -  << "Cache-Control: no-cache, no-store, max-age=0, must-revalidate[\r][\n]"
17:20:55.028 [main] DEBUG org.apache.http.wire -  << "Content-Type: application/json[\r][\n]"
17:20:55.028 [main] DEBUG org.apache.http.wire -  << "Date: Thu, 22 Jun 2023 15:20:54 GMT[\r][\n]"
17:20:55.028 [main] DEBUG org.apache.http.wire -  << "Expires: 0[\r][\n]"
17:20:55.028 [main] DEBUG org.apache.http.wire -  << "Pragma: no-cache[\r][\n]"
17:20:55.028 [main] DEBUG org.apache.http.wire -  << "X-Content-Type-Options: nosniff[\r][\n]"
17:20:55.028 [main] DEBUG org.apache.http.wire -  << "X-Frame-Options: DENY[\r][\n]"
17:20:55.028 [main] DEBUG org.apache.http.wire -  << "X-Xss-Protection: 1; mode=block[\r][\n]"
17:20:55.028 [main] DEBUG org.apache.http.wire -  << "Content-Length: 144[\r][\n]"
17:20:55.028 [main] DEBUG org.apache.http.wire -  << "[\r][\n]"
17:20:55.028 [rp-io-28] DEBUG com.epam.reportportal.service.Launch - TestItem with ID = '9ed8f406-a90b-48bd-9fca-a365833b4744' successfully finished.
17:20:55.029 [rp-io-28] DEBUG com.epam.reportportal.utils.SubscriptionUtils - Finish test item completed
17:20:55.028 [main] DEBUG org.apache.http.impl.conn.DefaultClientConnection - Receiving response: HTTP/1.1 404 Not Found
17:20:55.029 [main] DEBUG org.apache.http.headers - << HTTP/1.1 404 Not Found
17:20:55.029 [main] DEBUG org.apache.http.headers - << Cache-Control: no-cache, no-store, max-age=0, must-revalidate
17:20:55.029 [main] DEBUG org.apache.http.headers - << Content-Type: application/json
17:20:55.029 [main] DEBUG org.apache.http.headers - << Date: Thu, 22 Jun 2023 15:20:54 GMT
17:20:55.029 [main] DEBUG org.apache.http.headers - << Expires: 0
17:20:55.029 [main] DEBUG org.apache.http.headers - << Pragma: no-cache
17:20:55.029 [main] DEBUG org.apache.http.headers - << X-Content-Type-Options: nosniff
17:20:55.030 [main] DEBUG org.apache.http.headers - << X-Frame-Options: DENY
17:20:55.030 [main] DEBUG org.apache.http.headers - << X-Xss-Protection: 1; mode=block
17:20:55.030 [main] DEBUG org.apache.http.headers - << Content-Length: 144
17:20:55.030 [main] DEBUG org.apache.http.impl.client.DefaultHttpClient - Connection can be kept alive indefinitely
17:20:55.030 [main] DEBUG io.restassured.internal.RestAssuredHttpBuilder - Parsing response as: application/json
17:20:55.030 [main] DEBUG io.restassured.internal.RestAssuredHttpBuilder - Parsed data to instance of: class org.apache.http.conn.EofSensorInputStream
17:20:55.031 [main] DEBUG org.apache.http.wire -  << "{"errorCode":40422,"message":"Dashboard with ID '0' not found on project 'automationtestingadvancedprogram'. Did you use correct Dashboard ID?"}"
17:20:55.032 [main] DEBUG org.apache.http.impl.conn.BasicClientConnectionManager - Releasing connection org.apache.http.impl.conn.ManagedClientConnectionImpl@3c7279a5
17:20:55.032 [main] DEBUG org.apache.http.impl.conn.BasicClientConnectionManager - Connection can be kept alive indefinitely
HTTP/1.1 404 Not Found
Cache-Control: no-cache, no-store, max-age=0, must-revalidate
Content-Type: application/json
Date: Thu, 22 Jun 2023 15:20:54 GMT
Expires: 0
Pragma: no-cache
X-Content-Type-Options: nosniff
X-Frame-Options: DENY
X-Xss-Protection: 1; mode=block
Content-Length: 144

{
    "errorCode": 40422,
    "message": "Dashboard with ID '0' not found on project 'automationtestingadvancedprogram'. Did you use correct Dashboard ID?"
}
17:20:55.066 [rp-io-29] DEBUG com.epam.reportportal.service.Launch - ReportPortal item with ID '1c6457f5-d7e3-41f0-aac8-cdba75b0545f' has been created
17:20:55.066 [rp-io-29] DEBUG com.epam.reportportal.utils.SubscriptionUtils - Start test item successfully completed
2023-06-22 17:20:57 INFO  Listeners:32 - Succeeded Test null
]]></system-out>
  </testcase>
  <testcase name="e_createNewDashboardWithoutName_POST" classname="alltests.apitest.DashboardControllerTest" time="0.68">
    <system-out><![CDATA[17:20:57.024 [rp-io-33] DEBUG com.epam.reportportal.service.Launch - Starting test item...rp-io-33
2023-06-22 17:20:57 INFO  Listeners:28 - Started Test null
2023-06-22 17:20:57 INFO  DashboardControllerTest:66 - e_createNewDashboardWithoutName_POST
17:20:57.070 [rp-io-32] DEBUG com.epam.reportportal.service.Launch - TestItem with ID = '1c6457f5-d7e3-41f0-aac8-cdba75b0545f' successfully finished.
17:20:57.071 [rp-io-32] DEBUG com.epam.reportportal.utils.SubscriptionUtils - Finish test item completed
17:20:57.101 [rp-io-35] DEBUG com.epam.reportportal.service.Launch - ReportPortal item with ID 'b45da7ed-1e13-4bc5-a419-337259213a90' has been created
17:20:57.101 [rp-io-35] DEBUG com.epam.reportportal.utils.SubscriptionUtils - Start test item successfully completed
Request method:	POST
Request URI:	http://192.168.1.11:8080/api/v1/AUTOMATIONTESTINGADVANCEDPROGRAM/dashboard
Proxy:			<none>
Request params:	<none>
Query params:	<none>
Form params:	<none>
Path params:	<none>
Headers:		Authorization=Bearer 8bb82a7d-a573-419e-9cce-c2419f308802
				Accept=*/*
				Content-Type=application/json
Cookies:		<none>
Multiparts:		<none>
Body:
{
    "name": null,
    "description": "And Its already 24th May",
    "shared": true
}
17:20:57.404 [main] DEBUG org.apache.http.impl.conn.BasicClientConnectionManager - Get connection for route {}->http://192.168.1.11:8080
17:20:57.404 [main] DEBUG org.apache.http.impl.conn.DefaultClientConnectionOperator - Connecting to 192.168.1.11:8080
17:20:57.406 [main] DEBUG org.apache.http.client.protocol.RequestAddCookies - CookieSpec selected: ignoreCookies
17:20:57.407 [main] DEBUG org.apache.http.client.protocol.RequestAuthCache - Auth cache not set in the context
17:20:57.407 [main] DEBUG org.apache.http.client.protocol.RequestProxyAuthentication - Proxy auth state: UNCHALLENGED
17:20:57.407 [main] DEBUG org.apache.http.impl.client.DefaultHttpClient - Attempt 1 to execute request
17:20:57.407 [main] DEBUG org.apache.http.impl.conn.DefaultClientConnection - Sending request: POST /api/v1/AUTOMATIONTESTINGADVANCEDPROGRAM/dashboard HTTP/1.1
17:20:57.407 [main] DEBUG org.apache.http.wire -  >> "POST /api/v1/AUTOMATIONTESTINGADVANCEDPROGRAM/dashboard HTTP/1.1[\r][\n]"
17:20:57.407 [main] DEBUG org.apache.http.wire -  >> "Authorization: Bearer 8bb82a7d-a573-419e-9cce-c2419f308802[\r][\n]"
17:20:57.408 [main] DEBUG org.apache.http.wire -  >> "Accept: */*[\r][\n]"
17:20:57.408 [main] DEBUG org.apache.http.wire -  >> "Content-Type: application/json[\r][\n]"
17:20:57.408 [main] DEBUG org.apache.http.wire -  >> "Content-Length: 68[\r][\n]"
17:20:57.409 [main] DEBUG org.apache.http.wire -  >> "Host: 192.168.1.11:8080[\r][\n]"
17:20:57.409 [main] DEBUG org.apache.http.wire -  >> "Connection: Keep-Alive[\r][\n]"
17:20:57.409 [main] DEBUG org.apache.http.wire -  >> "User-Agent: Apache-HttpClient/4.5.13 (Java/11.0.19)[\r][\n]"
17:20:57.409 [main] DEBUG org.apache.http.wire -  >> "Accept-Encoding: gzip,deflate[\r][\n]"
17:20:57.409 [main] DEBUG org.apache.http.wire -  >> "[\r][\n]"
17:20:57.409 [main] DEBUG org.apache.http.headers - >> POST /api/v1/AUTOMATIONTESTINGADVANCEDPROGRAM/dashboard HTTP/1.1
17:20:57.409 [main] DEBUG org.apache.http.headers - >> Authorization: Bearer 8bb82a7d-a573-419e-9cce-c2419f308802
17:20:57.409 [main] DEBUG org.apache.http.headers - >> Accept: */*
17:20:57.409 [main] DEBUG org.apache.http.headers - >> Content-Type: application/json
17:20:57.409 [main] DEBUG org.apache.http.headers - >> Content-Length: 68
17:20:57.409 [main] DEBUG org.apache.http.headers - >> Host: 192.168.1.11:8080
17:20:57.409 [main] DEBUG org.apache.http.headers - >> Connection: Keep-Alive
17:20:57.409 [main] DEBUG org.apache.http.headers - >> User-Agent: Apache-HttpClient/4.5.13 (Java/11.0.19)
17:20:57.409 [main] DEBUG org.apache.http.headers - >> Accept-Encoding: gzip,deflate
17:20:57.410 [main] DEBUG org.apache.http.wire -  >> "{"name":null,"description":"And Its already 24th May","shared":true}"
17:20:57.581 [main] DEBUG org.apache.http.wire -  << "HTTP/1.1 400 Bad Request[\r][\n]"
17:20:57.581 [main] DEBUG org.apache.http.wire -  << "Cache-Control: no-cache, no-store, max-age=0, must-revalidate[\r][\n]"
17:20:57.582 [main] DEBUG org.apache.http.wire -  << "Content-Type: application/json[\r][\n]"
17:20:57.582 [main] DEBUG org.apache.http.wire -  << "Date: Thu, 22 Jun 2023 15:20:57 GMT[\r][\n]"
17:20:57.582 [main] DEBUG org.apache.http.wire -  << "Expires: 0[\r][\n]"
17:20:57.582 [main] DEBUG org.apache.http.wire -  << "Pragma: no-cache[\r][\n]"
17:20:57.582 [main] DEBUG org.apache.http.wire -  << "X-Content-Type-Options: nosniff[\r][\n]"
17:20:57.582 [main] DEBUG org.apache.http.wire -  << "X-Frame-Options: DENY[\r][\n]"
17:20:57.583 [main] DEBUG org.apache.http.wire -  << "X-Xss-Protection: 1; mode=block[\r][\n]"
17:20:57.583 [main] DEBUG org.apache.http.wire -  << "Content-Length: 85[\r][\n]"
17:20:57.583 [main] DEBUG org.apache.http.wire -  << "[\r][\n]"
17:20:57.583 [main] DEBUG org.apache.http.impl.conn.DefaultClientConnection - Receiving response: HTTP/1.1 400 Bad Request
17:20:57.583 [main] DEBUG org.apache.http.headers - << HTTP/1.1 400 Bad Request
17:20:57.583 [main] DEBUG org.apache.http.headers - << Cache-Control: no-cache, no-store, max-age=0, must-revalidate
17:20:57.583 [main] DEBUG org.apache.http.headers - << Content-Type: application/json
17:20:57.583 [main] DEBUG org.apache.http.headers - << Date: Thu, 22 Jun 2023 15:20:57 GMT
17:20:57.583 [main] DEBUG org.apache.http.headers - << Expires: 0
17:20:57.583 [main] DEBUG org.apache.http.headers - << Pragma: no-cache
17:20:57.583 [main] DEBUG org.apache.http.headers - << X-Content-Type-Options: nosniff
17:20:57.583 [main] DEBUG org.apache.http.headers - << X-Frame-Options: DENY
17:20:57.583 [main] DEBUG org.apache.http.headers - << X-Xss-Protection: 1; mode=block
17:20:57.584 [main] DEBUG org.apache.http.headers - << Content-Length: 85
17:20:57.584 [main] DEBUG org.apache.http.impl.client.DefaultHttpClient - Connection can be kept alive indefinitely
17:20:57.584 [main] DEBUG io.restassured.internal.RestAssuredHttpBuilder - Parsing response as: application/json
17:20:57.584 [main] DEBUG io.restassured.internal.RestAssuredHttpBuilder - Parsed data to instance of: class org.apache.http.conn.EofSensorInputStream
17:20:57.600 [main] DEBUG org.apache.http.wire -  << "{"errorCode":4001,"message":"Incorrect Request. [Field 'name' should not be null.] "}"
17:20:57.602 [main] DEBUG org.apache.http.impl.conn.BasicClientConnectionManager - Releasing connection org.apache.http.impl.conn.ManagedClientConnectionImpl@3b362f1
17:20:57.602 [main] DEBUG org.apache.http.impl.conn.BasicClientConnectionManager - Connection can be kept alive indefinitely
HTTP/1.1 400 Bad Request
Cache-Control: no-cache, no-store, max-age=0, must-revalidate
Content-Type: application/json
Date: Thu, 22 Jun 2023 15:20:57 GMT
Expires: 0
Pragma: no-cache
X-Content-Type-Options: nosniff
X-Frame-Options: DENY
X-Xss-Protection: 1; mode=block
Content-Length: 85

{
    "errorCode": 4001,
    "message": "Incorrect Request. [Field 'name' should not be null.] "
}
2023-06-22 17:20:57 INFO  Listeners:32 - Succeeded Test null
]]></system-out>
  </testcase>
  <testcase name="f_createNewDashboardByName_POST" classname="alltests.apitest.DashboardControllerTest" time="0.483">
    <system-out><![CDATA[2023-06-22 17:20:57 INFO  Listeners:28 - Started Test null
2023-06-22 17:20:57 INFO  DashboardControllerTest:55 - f_createNewDashboardByName_POST
17:20:57.719 [rp-io-38] DEBUG com.epam.reportportal.service.Launch - Starting test item...rp-io-38
Request method:	POST
Request URI:	http://192.168.1.11:8080/api/v1/AUTOMATIONTESTINGADVANCEDPROGRAM/dashboard
Proxy:			<none>
Request params:	<none>
Query params:	<none>
Form params:	<none>
Path params:	<none>
Headers:		Authorization=Bearer 8bb82a7d-a573-419e-9cce-c2419f308802
				Accept=*/*
				Content-Type=application/json
Cookies:		<none>
Multiparts:		<none>
Body:
{
    "name": "QAT Dashboard A02",
    "description": "QAT Dashboard description A02",
    "shared": true
}
17:20:57.763 [main] DEBUG org.apache.http.impl.conn.BasicClientConnectionManager - Get connection for route {}->http://192.168.1.11:8080
17:20:57.763 [main] DEBUG org.apache.http.impl.conn.DefaultClientConnectionOperator - Connecting to 192.168.1.11:8080
17:20:57.765 [main] DEBUG org.apache.http.client.protocol.RequestAddCookies - CookieSpec selected: ignoreCookies
17:20:57.774 [main] DEBUG org.apache.http.client.protocol.RequestAuthCache - Auth cache not set in the context
17:20:57.774 [main] DEBUG org.apache.http.client.protocol.RequestProxyAuthentication - Proxy auth state: UNCHALLENGED
17:20:57.774 [main] DEBUG org.apache.http.impl.client.DefaultHttpClient - Attempt 1 to execute request
17:20:57.775 [main] DEBUG org.apache.http.impl.conn.DefaultClientConnection - Sending request: POST /api/v1/AUTOMATIONTESTINGADVANCEDPROGRAM/dashboard HTTP/1.1
17:20:57.776 [main] DEBUG org.apache.http.wire -  >> "POST /api/v1/AUTOMATIONTESTINGADVANCEDPROGRAM/dashboard HTTP/1.1[\r][\n]"
17:20:57.776 [main] DEBUG org.apache.http.wire -  >> "Authorization: Bearer 8bb82a7d-a573-419e-9cce-c2419f308802[\r][\n]"
17:20:57.776 [main] DEBUG org.apache.http.wire -  >> "Accept: */*[\r][\n]"
17:20:57.776 [main] DEBUG org.apache.http.wire -  >> "Content-Type: application/json[\r][\n]"
17:20:57.776 [main] DEBUG org.apache.http.wire -  >> "Content-Length: 88[\r][\n]"
17:20:57.776 [main] DEBUG org.apache.http.wire -  >> "Host: 192.168.1.11:8080[\r][\n]"
17:20:57.776 [main] DEBUG org.apache.http.wire -  >> "Connection: Keep-Alive[\r][\n]"
17:20:57.776 [main] DEBUG org.apache.http.wire -  >> "User-Agent: Apache-HttpClient/4.5.13 (Java/11.0.19)[\r][\n]"
17:20:57.776 [main] DEBUG org.apache.http.wire -  >> "Accept-Encoding: gzip,deflate[\r][\n]"
17:20:57.777 [main] DEBUG org.apache.http.wire -  >> "[\r][\n]"
17:20:57.777 [main] DEBUG org.apache.http.headers - >> POST /api/v1/AUTOMATIONTESTINGADVANCEDPROGRAM/dashboard HTTP/1.1
17:20:57.777 [main] DEBUG org.apache.http.headers - >> Authorization: Bearer 8bb82a7d-a573-419e-9cce-c2419f308802
17:20:57.777 [main] DEBUG org.apache.http.headers - >> Accept: */*
17:20:57.777 [main] DEBUG org.apache.http.headers - >> Content-Type: application/json
17:20:57.777 [main] DEBUG org.apache.http.headers - >> Content-Length: 88
17:20:57.777 [main] DEBUG org.apache.http.headers - >> Host: 192.168.1.11:8080
17:20:57.777 [main] DEBUG org.apache.http.headers - >> Connection: Keep-Alive
17:20:57.777 [main] DEBUG org.apache.http.headers - >> User-Agent: Apache-HttpClient/4.5.13 (Java/11.0.19)
17:20:57.777 [main] DEBUG org.apache.http.headers - >> Accept-Encoding: gzip,deflate
17:20:57.778 [main] DEBUG org.apache.http.wire -  >> "{"name":"QAT Dashboard A02","description":"QAT Dashboard description A02","shared":true}"
17:20:57.950 [rp-io-41] DEBUG com.epam.reportportal.service.Launch - TestItem with ID = 'b45da7ed-1e13-4bc5-a419-337259213a90' successfully finished.
17:20:57.950 [rp-io-41] DEBUG com.epam.reportportal.utils.SubscriptionUtils - Finish test item completed
17:20:57.964 [rp-io-40] DEBUG com.epam.reportportal.service.Launch - ReportPortal item with ID 'fc51f486-6d09-4a23-9c35-4733b93f2f5b' has been created
17:20:57.964 [rp-io-40] DEBUG com.epam.reportportal.utils.SubscriptionUtils - Start test item successfully completed
17:20:58.111 [main] DEBUG org.apache.http.wire -  << "HTTP/1.1 201 Created[\r][\n]"
17:20:58.111 [main] DEBUG org.apache.http.wire -  << "Cache-Control: no-cache, no-store, max-age=0, must-revalidate[\r][\n]"
17:20:58.111 [main] DEBUG org.apache.http.wire -  << "Content-Type: application/json[\r][\n]"
17:20:58.111 [main] DEBUG org.apache.http.wire -  << "Date: Thu, 22 Jun 2023 15:20:58 GMT[\r][\n]"
17:20:58.111 [main] DEBUG org.apache.http.wire -  << "Expires: 0[\r][\n]"
17:20:58.112 [main] DEBUG org.apache.http.wire -  << "Pragma: no-cache[\r][\n]"
17:20:58.112 [main] DEBUG org.apache.http.wire -  << "X-Content-Type-Options: nosniff[\r][\n]"
17:20:58.112 [main] DEBUG org.apache.http.wire -  << "X-Frame-Options: DENY[\r][\n]"
17:20:58.112 [main] DEBUG org.apache.http.wire -  << "X-Xss-Protection: 1; mode=block[\r][\n]"
17:20:58.112 [main] DEBUG org.apache.http.wire -  << "Content-Length: 10[\r][\n]"
17:20:58.112 [main] DEBUG org.apache.http.wire -  << "[\r][\n]"
17:20:58.112 [main] DEBUG org.apache.http.impl.conn.DefaultClientConnection - Receiving response: HTTP/1.1 201 Created
17:20:58.113 [main] DEBUG org.apache.http.headers - << HTTP/1.1 201 Created
17:20:58.113 [main] DEBUG org.apache.http.headers - << Cache-Control: no-cache, no-store, max-age=0, must-revalidate
17:20:58.114 [main] DEBUG org.apache.http.headers - << Content-Type: application/json
17:20:58.114 [main] DEBUG org.apache.http.headers - << Date: Thu, 22 Jun 2023 15:20:58 GMT
17:20:58.114 [main] DEBUG org.apache.http.headers - << Expires: 0
17:20:58.114 [main] DEBUG org.apache.http.headers - << Pragma: no-cache
17:20:58.114 [main] DEBUG org.apache.http.headers - << X-Content-Type-Options: nosniff
17:20:58.114 [main] DEBUG org.apache.http.headers - << X-Frame-Options: DENY
17:20:58.114 [main] DEBUG org.apache.http.headers - << X-Xss-Protection: 1; mode=block
17:20:58.114 [main] DEBUG org.apache.http.headers - << Content-Length: 10
17:20:58.114 [main] DEBUG org.apache.http.impl.client.DefaultHttpClient - Connection can be kept alive indefinitely
17:20:58.116 [main] DEBUG io.restassured.internal.RestAssuredHttpBuilder - Parsing response as: application/json
17:20:58.117 [main] DEBUG io.restassured.internal.RestAssuredHttpBuilder - Parsed data to instance of: class org.apache.http.conn.EofSensorInputStream
17:20:58.119 [main] DEBUG org.apache.http.wire -  << "{"id":169}"
17:20:58.120 [main] DEBUG org.apache.http.impl.conn.BasicClientConnectionManager - Releasing connection org.apache.http.impl.conn.ManagedClientConnectionImpl@1a84a8b2
17:20:58.120 [main] DEBUG org.apache.http.impl.conn.BasicClientConnectionManager - Connection can be kept alive indefinitely
HTTP/1.1 201 Created
Cache-Control: no-cache, no-store, max-age=0, must-revalidate
Content-Type: application/json
Date: Thu, 22 Jun 2023 15:20:58 GMT
Expires: 0
Pragma: no-cache
X-Content-Type-Options: nosniff
X-Frame-Options: DENY
X-Xss-Protection: 1; mode=block
Content-Length: 10

{
    "id": 169
}
2023-06-22 17:20:58 INFO  Listeners:32 - Succeeded Test null
]]></system-out>
  </testcase>
  <testcase name="g_createDuplicateDashboard_POST" classname="alltests.apitest.DashboardControllerTest" time="0.585">
    <system-out><![CDATA[2023-06-22 17:20:58 INFO  Listeners:28 - Started Test null
17:20:58.203 [rp-io-44] DEBUG com.epam.reportportal.service.Launch - Starting test item...rp-io-44
2023-06-22 17:20:58 INFO  DashboardControllerTest:76 - g_createDuplicateDashboard_POST
Request method:	POST
Request URI:	http://192.168.1.11:8080/api/v1/AUTOMATIONTESTINGADVANCEDPROGRAM/dashboard
Proxy:			<none>
Request params:	<none>
Query params:	<none>
Form params:	<none>
Path params:	<none>
Headers:		Authorization=Bearer 8bb82a7d-a573-419e-9cce-c2419f308802
				Accept=*/*
				Content-Type=application/json
Cookies:		<none>
Multiparts:		<none>
Body:
{
    "name": "QAT Dashboard A02",
    "description": "QAT Dashboard description A02",
    "shared": true
}
17:20:58.323 [main] DEBUG org.apache.http.impl.conn.BasicClientConnectionManager - Get connection for route {}->http://192.168.1.11:8080
17:20:58.323 [main] DEBUG org.apache.http.impl.conn.DefaultClientConnectionOperator - Connecting to 192.168.1.11:8080
17:20:58.325 [main] DEBUG org.apache.http.client.protocol.RequestAddCookies - CookieSpec selected: ignoreCookies
17:20:58.325 [main] DEBUG org.apache.http.client.protocol.RequestAuthCache - Auth cache not set in the context
17:20:58.326 [main] DEBUG org.apache.http.client.protocol.RequestProxyAuthentication - Proxy auth state: UNCHALLENGED
17:20:58.326 [main] DEBUG org.apache.http.impl.client.DefaultHttpClient - Attempt 1 to execute request
17:20:58.326 [main] DEBUG org.apache.http.impl.conn.DefaultClientConnection - Sending request: POST /api/v1/AUTOMATIONTESTINGADVANCEDPROGRAM/dashboard HTTP/1.1
17:20:58.326 [main] DEBUG org.apache.http.wire -  >> "POST /api/v1/AUTOMATIONTESTINGADVANCEDPROGRAM/dashboard HTTP/1.1[\r][\n]"
17:20:58.326 [main] DEBUG org.apache.http.wire -  >> "Authorization: Bearer 8bb82a7d-a573-419e-9cce-c2419f308802[\r][\n]"
17:20:58.326 [main] DEBUG org.apache.http.wire -  >> "Accept: */*[\r][\n]"
17:20:58.326 [main] DEBUG org.apache.http.wire -  >> "Content-Type: application/json[\r][\n]"
17:20:58.326 [main] DEBUG org.apache.http.wire -  >> "Content-Length: 88[\r][\n]"
17:20:58.326 [main] DEBUG org.apache.http.wire -  >> "Host: 192.168.1.11:8080[\r][\n]"
17:20:58.326 [main] DEBUG org.apache.http.wire -  >> "Connection: Keep-Alive[\r][\n]"
17:20:58.326 [main] DEBUG org.apache.http.wire -  >> "User-Agent: Apache-HttpClient/4.5.13 (Java/11.0.19)[\r][\n]"
17:20:58.326 [main] DEBUG org.apache.http.wire -  >> "Accept-Encoding: gzip,deflate[\r][\n]"
17:20:58.327 [main] DEBUG org.apache.http.wire -  >> "[\r][\n]"
17:20:58.327 [main] DEBUG org.apache.http.headers - >> POST /api/v1/AUTOMATIONTESTINGADVANCEDPROGRAM/dashboard HTTP/1.1
17:20:58.327 [main] DEBUG org.apache.http.headers - >> Authorization: Bearer 8bb82a7d-a573-419e-9cce-c2419f308802
17:20:58.329 [main] DEBUG org.apache.http.headers - >> Accept: */*
17:20:58.363 [main] DEBUG org.apache.http.headers - >> Content-Type: application/json
17:20:58.363 [main] DEBUG org.apache.http.headers - >> Content-Length: 88
17:20:58.363 [main] DEBUG org.apache.http.headers - >> Host: 192.168.1.11:8080
17:20:58.363 [main] DEBUG org.apache.http.headers - >> Connection: Keep-Alive
17:20:58.363 [main] DEBUG org.apache.http.headers - >> User-Agent: Apache-HttpClient/4.5.13 (Java/11.0.19)
17:20:58.363 [main] DEBUG org.apache.http.headers - >> Accept-Encoding: gzip,deflate
17:20:58.363 [main] DEBUG org.apache.http.wire -  >> "{"name":"QAT Dashboard A02","description":"QAT Dashboard description A02","shared":true}"
17:20:58.492 [main] DEBUG org.apache.http.wire -  << "HTTP/1.1 409 Conflict[\r][\n]"
17:20:58.492 [main] DEBUG org.apache.http.wire -  << "Cache-Control: no-cache, no-store, max-age=0, must-revalidate[\r][\n]"
17:20:58.492 [main] DEBUG org.apache.http.wire -  << "Content-Type: application/json[\r][\n]"
17:20:58.492 [main] DEBUG org.apache.http.wire -  << "Date: Thu, 22 Jun 2023 15:20:58 GMT[\r][\n]"
17:20:58.492 [main] DEBUG org.apache.http.wire -  << "Expires: 0[\r][\n]"
17:20:58.492 [main] DEBUG org.apache.http.wire -  << "Pragma: no-cache[\r][\n]"
17:20:58.492 [main] DEBUG org.apache.http.wire -  << "X-Content-Type-Options: nosniff[\r][\n]"
17:20:58.492 [main] DEBUG org.apache.http.wire -  << "X-Frame-Options: DENY[\r][\n]"
17:20:58.492 [main] DEBUG org.apache.http.wire -  << "X-Xss-Protection: 1; mode=block[\r][\n]"
17:20:58.492 [main] DEBUG org.apache.http.wire -  << "Content-Length: 110[\r][\n]"
17:20:58.492 [main] DEBUG org.apache.http.wire -  << "[\r][\n]"
17:20:58.492 [main] DEBUG org.apache.http.impl.conn.DefaultClientConnection - Receiving response: HTTP/1.1 409 Conflict
17:20:58.493 [main] DEBUG org.apache.http.headers - << HTTP/1.1 409 Conflict
17:20:58.493 [main] DEBUG org.apache.http.headers - << Cache-Control: no-cache, no-store, max-age=0, must-revalidate
17:20:58.493 [main] DEBUG org.apache.http.headers - << Content-Type: application/json
17:20:58.493 [main] DEBUG org.apache.http.headers - << Date: Thu, 22 Jun 2023 15:20:58 GMT
17:20:58.493 [main] DEBUG org.apache.http.headers - << Expires: 0
17:20:58.493 [main] DEBUG org.apache.http.headers - << Pragma: no-cache
17:20:58.493 [main] DEBUG org.apache.http.headers - << X-Content-Type-Options: nosniff
17:20:58.493 [main] DEBUG org.apache.http.headers - << X-Frame-Options: DENY
17:20:58.493 [main] DEBUG org.apache.http.headers - << X-Xss-Protection: 1; mode=block
17:20:58.493 [main] DEBUG org.apache.http.headers - << Content-Length: 110
17:20:58.493 [main] DEBUG org.apache.http.impl.client.DefaultHttpClient - Connection can be kept alive indefinitely
17:20:58.493 [main] DEBUG io.restassured.internal.RestAssuredHttpBuilder - Parsing response as: application/json
17:20:58.493 [main] DEBUG io.restassured.internal.RestAssuredHttpBuilder - Parsed data to instance of: class org.apache.http.conn.EofSensorInputStream
17:20:58.495 [main] DEBUG org.apache.http.wire -  << "{"errorCode":4091,"message":"Resource 'QAT Dashboard A02' already exists. You couldn't create the duplicate."}"
17:20:58.495 [main] DEBUG org.apache.http.impl.conn.BasicClientConnectionManager - Releasing connection org.apache.http.impl.conn.ManagedClientConnectionImpl@7de6549d
17:20:58.495 [main] DEBUG org.apache.http.impl.conn.BasicClientConnectionManager - Connection can be kept alive indefinitely
HTTP/1.1 409 Conflict
Cache-Control: no-cache, no-store, max-age=0, must-revalidate
Content-Type: application/json
Date: Thu, 22 Jun 2023 15:20:58 GMT
Expires: 0
Pragma: no-cache
X-Content-Type-Options: nosniff
X-Frame-Options: DENY
X-Xss-Protection: 1; mode=block
Content-Length: 110

{
    "errorCode": 4091,
    "message": "Resource 'QAT Dashboard A02' already exists. You couldn't create the duplicate."
}
17:20:58.529 [rp-io-45] DEBUG com.epam.reportportal.service.Launch - TestItem with ID = 'fc51f486-6d09-4a23-9c35-4733b93f2f5b' successfully finished.
17:20:58.529 [rp-io-45] DEBUG com.epam.reportportal.utils.SubscriptionUtils - Finish test item completed
17:20:58.561 [rp-io-47] DEBUG com.epam.reportportal.service.Launch - ReportPortal item with ID '1ed7f498-705f-4ab8-bdaa-660a617d8775' has been created
17:20:58.561 [rp-io-47] DEBUG com.epam.reportportal.utils.SubscriptionUtils - Start test item successfully completed
2023-06-22 17:20:58 INFO  Listeners:32 - Succeeded Test null
]]></system-out>
  </testcase>
  <testcase name="h_updateDashboardNameRQ_UPDATE" classname="alltests.apitest.DashboardControllerTest" time="0.442">
    <system-out><![CDATA[2023-06-22 17:20:58 INFO  Listeners:28 - Started Test null
2023-06-22 17:20:58 INFO  DashboardControllerTest:86 - h_updateDashboardNameRQ_UPDATE
17:20:58.618 [rp-io-50] DEBUG com.epam.reportportal.service.Launch - Starting test item...rp-io-50
Request method:	PUT
Request URI:	http://192.168.1.11:8080/api/v1/AUTOMATIONTESTINGADVANCEDPROGRAM/dashboard/169
Proxy:			<none>
Request params:	<none>
Query params:	<none>
Form params:	<none>
Path params:	id=169
Headers:		Authorization=Bearer 8bb82a7d-a573-419e-9cce-c2419f308802
				Accept=*/*
				Content-Type=application/json
Cookies:		<none>
Multiparts:		<none>
Body:
{
    "name": "Updated QAT Dashboard A02 to A03",
    "description": "Updated Dashboard A02 description updated to A03",
    "shared": true
}
17:20:58.762 [main] DEBUG org.apache.http.impl.conn.BasicClientConnectionManager - Get connection for route {}->http://192.168.1.11:8080
17:20:58.762 [main] DEBUG org.apache.http.impl.conn.DefaultClientConnectionOperator - Connecting to 192.168.1.11:8080
17:20:58.764 [main] DEBUG org.apache.http.client.protocol.RequestAddCookies - CookieSpec selected: ignoreCookies
17:20:58.764 [main] DEBUG org.apache.http.client.protocol.RequestAuthCache - Auth cache not set in the context
17:20:58.764 [main] DEBUG org.apache.http.client.protocol.RequestProxyAuthentication - Proxy auth state: UNCHALLENGED
17:20:58.764 [main] DEBUG org.apache.http.impl.client.DefaultHttpClient - Attempt 1 to execute request
17:20:58.764 [rp-io-51] DEBUG com.epam.reportportal.service.Launch - TestItem with ID = '1ed7f498-705f-4ab8-bdaa-660a617d8775' successfully finished.
17:20:58.765 [rp-io-51] DEBUG com.epam.reportportal.utils.SubscriptionUtils - Finish test item completed
17:20:58.765 [main] DEBUG org.apache.http.impl.conn.DefaultClientConnection - Sending request: PUT /api/v1/AUTOMATIONTESTINGADVANCEDPROGRAM/dashboard/169 HTTP/1.1
17:20:58.765 [main] DEBUG org.apache.http.wire -  >> "PUT /api/v1/AUTOMATIONTESTINGADVANCEDPROGRAM/dashboard/169 HTTP/1.1[\r][\n]"
17:20:58.765 [main] DEBUG org.apache.http.wire -  >> "Authorization: Bearer 8bb82a7d-a573-419e-9cce-c2419f308802[\r][\n]"
17:20:58.765 [main] DEBUG org.apache.http.wire -  >> "Accept: */*[\r][\n]"
17:20:58.765 [main] DEBUG org.apache.http.wire -  >> "Content-Type: application/json[\r][\n]"
17:20:58.765 [main] DEBUG org.apache.http.wire -  >> "Content-Length: 122[\r][\n]"
17:20:58.765 [main] DEBUG org.apache.http.wire -  >> "Host: 192.168.1.11:8080[\r][\n]"
17:20:58.765 [main] DEBUG org.apache.http.wire -  >> "Connection: Keep-Alive[\r][\n]"
17:20:58.766 [main] DEBUG org.apache.http.wire -  >> "User-Agent: Apache-HttpClient/4.5.13 (Java/11.0.19)[\r][\n]"
17:20:58.766 [main] DEBUG org.apache.http.wire -  >> "Accept-Encoding: gzip,deflate[\r][\n]"
17:20:58.766 [main] DEBUG org.apache.http.wire -  >> "[\r][\n]"
17:20:58.766 [main] DEBUG org.apache.http.headers - >> PUT /api/v1/AUTOMATIONTESTINGADVANCEDPROGRAM/dashboard/169 HTTP/1.1
17:20:58.766 [main] DEBUG org.apache.http.headers - >> Authorization: Bearer 8bb82a7d-a573-419e-9cce-c2419f308802
17:20:58.766 [main] DEBUG org.apache.http.headers - >> Accept: */*
17:20:58.766 [main] DEBUG org.apache.http.headers - >> Content-Type: application/json
17:20:58.766 [main] DEBUG org.apache.http.headers - >> Content-Length: 122
17:20:58.766 [main] DEBUG org.apache.http.headers - >> Host: 192.168.1.11:8080
17:20:58.766 [main] DEBUG org.apache.http.headers - >> Connection: Keep-Alive
17:20:58.766 [main] DEBUG org.apache.http.headers - >> User-Agent: Apache-HttpClient/4.5.13 (Java/11.0.19)
17:20:58.766 [main] DEBUG org.apache.http.headers - >> Accept-Encoding: gzip,deflate
17:20:58.766 [main] DEBUG org.apache.http.wire -  >> "{"name":"Updated QAT Dashboard A02 to A03","description":"Updated Dashboard A02 description updated to A03","shared":true}"
17:20:58.918 [main] DEBUG org.apache.http.wire -  << "HTTP/1.1 200 OK[\r][\n]"
17:20:58.919 [main] DEBUG org.apache.http.wire -  << "Cache-Control: no-cache, no-store, max-age=0, must-revalidate[\r][\n]"
17:20:58.919 [main] DEBUG org.apache.http.wire -  << "Content-Type: application/json[\r][\n]"
17:20:58.919 [main] DEBUG org.apache.http.wire -  << "Date: Thu, 22 Jun 2023 15:20:58 GMT[\r][\n]"
17:20:58.920 [main] DEBUG org.apache.http.wire -  << "Expires: 0[\r][\n]"
17:20:58.921 [main] DEBUG org.apache.http.wire -  << "Pragma: no-cache[\r][\n]"
17:20:58.921 [main] DEBUG org.apache.http.wire -  << "X-Content-Type-Options: nosniff[\r][\n]"
17:20:58.921 [main] DEBUG org.apache.http.wire -  << "X-Frame-Options: DENY[\r][\n]"
17:20:58.921 [main] DEBUG org.apache.http.wire -  << "X-Xss-Protection: 1; mode=block[\r][\n]"
17:20:58.921 [main] DEBUG org.apache.http.wire -  << "Content-Length: 60[\r][\n]"
17:20:58.921 [main] DEBUG org.apache.http.wire -  << "[\r][\n]"
17:20:58.921 [main] DEBUG org.apache.http.impl.conn.DefaultClientConnection - Receiving response: HTTP/1.1 200 OK
17:20:58.921 [main] DEBUG org.apache.http.headers - << HTTP/1.1 200 OK
17:20:58.921 [main] DEBUG org.apache.http.headers - << Cache-Control: no-cache, no-store, max-age=0, must-revalidate
17:20:58.921 [main] DEBUG org.apache.http.headers - << Content-Type: application/json
17:20:58.921 [main] DEBUG org.apache.http.headers - << Date: Thu, 22 Jun 2023 15:20:58 GMT
17:20:58.921 [main] DEBUG org.apache.http.headers - << Expires: 0
17:20:58.921 [main] DEBUG org.apache.http.headers - << Pragma: no-cache
17:20:58.921 [main] DEBUG org.apache.http.headers - << X-Content-Type-Options: nosniff
17:20:58.921 [main] DEBUG org.apache.http.headers - << X-Frame-Options: DENY
17:20:58.921 [main] DEBUG org.apache.http.headers - << X-Xss-Protection: 1; mode=block
17:20:58.921 [main] DEBUG org.apache.http.headers - << Content-Length: 60
17:20:58.921 [main] DEBUG org.apache.http.impl.client.DefaultHttpClient - Connection can be kept alive indefinitely
17:20:58.921 [main] DEBUG io.restassured.internal.RestAssuredHttpBuilder - Parsing response as: application/json
17:20:58.922 [main] DEBUG io.restassured.internal.RestAssuredHttpBuilder - Parsed data to instance of: class org.apache.http.conn.EofSensorInputStream
17:20:58.924 [main] DEBUG org.apache.http.wire -  << "{"message":"Dashboard with ID = '169' successfully updated"}"
17:20:58.925 [main] DEBUG org.apache.http.impl.conn.BasicClientConnectionManager - Releasing connection org.apache.http.impl.conn.ManagedClientConnectionImpl@5efe5b25
17:20:58.925 [main] DEBUG org.apache.http.impl.conn.BasicClientConnectionManager - Connection can be kept alive indefinitely
HTTP/1.1 200 OK
Cache-Control: no-cache, no-store, max-age=0, must-revalidate
Content-Type: application/json
Date: Thu, 22 Jun 2023 15:20:58 GMT
Expires: 0
Pragma: no-cache
X-Content-Type-Options: nosniff
X-Frame-Options: DENY
X-Xss-Protection: 1; mode=block
Content-Length: 60

{
    "message": "Dashboard with ID = '169' successfully updated"
}
2023-06-22 17:20:58 INFO  Listeners:32 - Succeeded Test null
]]></system-out>
  </testcase>
  <testcase name="i_updateDashboardNameRQ_PATCH" classname="alltests.apitest.DashboardControllerTest" time="0.294">
    <system-out><![CDATA[2023-06-22 17:20:58 INFO  Listeners:28 - Started Test null
2023-06-22 17:20:58 INFO  DashboardControllerTest:93 - i_updateDashboardNameRQ_PATCH
17:20:58.947 [rp-io-56] DEBUG com.epam.reportportal.service.Launch - Starting test item...rp-io-56
Request method:	PATCH
Request URI:	http://192.168.1.11:8080/api/v1/AUTOMATIONTESTINGADVANCEDPROGRAM/dashboard/169
Proxy:			<none>
Request params:	<none>
Query params:	<none>
Form params:	<none>
Path params:	id=169
Headers:		Authorization=Bearer 8bb82a7d-a573-419e-9cce-c2419f308802
				Accept=*/*
				Content-Type=application/json
Cookies:		<none>
Multiparts:		<none>
Body:
{
    "name": "Updated QAT Dashboard A03 to A04",
    "description": null,
    "shared": false
}
17:20:58.987 [main] DEBUG org.apache.http.impl.conn.BasicClientConnectionManager - Get connection for route {}->http://192.168.1.11:8080
17:20:58.987 [main] DEBUG org.apache.http.impl.conn.DefaultClientConnectionOperator - Connecting to 192.168.1.11:8080
17:20:58.988 [main] DEBUG org.apache.http.client.protocol.RequestAddCookies - CookieSpec selected: ignoreCookies
17:20:58.988 [main] DEBUG org.apache.http.client.protocol.RequestAuthCache - Auth cache not set in the context
17:20:58.988 [main] DEBUG org.apache.http.client.protocol.RequestProxyAuthentication - Proxy auth state: UNCHALLENGED
[...]
17:20:59.753 [main] DEBUG org.apache.http.wire -  >> "User-Agent: Apache-HttpClient/4.5.13 (Java/11.0.19)[\r][\n]"
17:20:59.753 [main] DEBUG org.apache.http.wire -  >> "Accept-Encoding: gzip,deflate[\r][\n]"
17:20:59.753 [main] DEBUG org.apache.http.wire -  >> "[\r][\n]"
17:20:59.753 [main] DEBUG org.apache.http.headers - >> DELETE /api/v1/AUTOMATIONTESTINGADVANCEDPROGRAM/dashboard/169 HTTP/1.1
17:20:59.753 [main] DEBUG org.apache.http.headers - >> Content-Type: application/json
17:20:59.753 [main] DEBUG org.apache.http.headers - >> Authorization: Bearer 8bb82a7d-a573-419e-9cce-c2419f308802
17:20:59.753 [main] DEBUG org.apache.http.headers - >> Accept: */*
17:20:59.753 [main] DEBUG org.apache.http.headers - >> Host: 192.168.1.11:8080
17:20:59.753 [main] DEBUG org.apache.http.headers - >> Connection: Keep-Alive
17:20:59.753 [main] DEBUG org.apache.http.headers - >> User-Agent: Apache-HttpClient/4.5.13 (Java/11.0.19)
17:20:59.753 [main] DEBUG org.apache.http.headers - >> Accept-Encoding: gzip,deflate
17:20:59.754 [rp-io-74] DEBUG com.epam.reportportal.service.Launch - Starting test item...rp-io-74
17:20:59.819 [main] DEBUG org.apache.http.wire -  << "HTTP/1.1 404 Not Found[\r][\n]"
17:20:59.819 [main] DEBUG org.apache.http.wire -  << "Cache-Control: no-cache, no-store, max-age=0, must-revalidate[\r][\n]"
17:20:59.819 [main] DEBUG org.apache.http.wire -  << "Content-Type: application/json[\r][\n]"
17:20:59.819 [main] DEBUG org.apache.http.wire -  << "Date: Thu, 22 Jun 2023 15:20:59 GMT[\r][\n]"
17:20:59.819 [main] DEBUG org.apache.http.wire -  << "Expires: 0[\r][\n]"
17:20:59.819 [main] DEBUG org.apache.http.wire -  << "Pragma: no-cache[\r][\n]"
17:20:59.819 [main] DEBUG org.apache.http.wire -  << "X-Content-Type-Options: nosniff[\r][\n]"
17:20:59.819 [main] DEBUG org.apache.http.wire -  << "X-Frame-Options: DENY[\r][\n]"
17:20:59.819 [main] DEBUG org.apache.http.wire -  << "X-Xss-Protection: 1; mode=block[\r][\n]"
17:20:59.819 [main] DEBUG org.apache.http.wire -  << "Content-Length: 146[\r][\n]"
17:20:59.819 [main] DEBUG org.apache.http.wire -  << "[\r][\n]"
17:20:59.819 [main] DEBUG org.apache.http.impl.conn.DefaultClientConnection - Receiving response: HTTP/1.1 404 Not Found
17:20:59.820 [main] DEBUG org.apache.http.headers - << HTTP/1.1 404 Not Found
17:20:59.820 [main] DEBUG org.apache.http.headers - << Cache-Control: no-cache, no-store, max-age=0, must-revalidate
17:20:59.820 [main] DEBUG org.apache.http.headers - << Content-Type: application/json
17:20:59.820 [main] DEBUG org.apache.http.headers - << Date: Thu, 22 Jun 2023 15:20:59 GMT
17:20:59.820 [main] DEBUG org.apache.http.headers - << Expires: 0
17:20:59.820 [main] DEBUG org.apache.http.headers - << Pragma: no-cache
17:20:59.820 [main] DEBUG org.apache.http.headers - << X-Content-Type-Options: nosniff
17:20:59.820 [main] DEBUG org.apache.http.headers - << X-Frame-Options: DENY
17:20:59.820 [main] DEBUG org.apache.http.headers - << X-Xss-Protection: 1; mode=block
17:20:59.820 [main] DEBUG org.apache.http.headers - << Content-Length: 146
17:20:59.820 [main] DEBUG org.apache.http.impl.client.DefaultHttpClient - Connection can be kept alive indefinitely
17:20:59.820 [main] DEBUG io.restassured.internal.RestAssuredHttpBuilder - Parsing response as: application/json
17:20:59.820 [main] DEBUG io.restassured.internal.RestAssuredHttpBuilder - Parsed data to instance of: class org.apache.http.conn.EofSensorInputStream
17:20:59.822 [main] DEBUG org.apache.http.wire -  << "{"errorCode":40422,"message":"Dashboard with ID '169' not found on project 'automationtestingadvancedprogram'. Did you use correct Dashboard ID?"}"
17:20:59.823 [main] DEBUG org.apache.http.impl.conn.BasicClientConnectionManager - Releasing connection org.apache.http.impl.conn.ManagedClientConnectionImpl@504b8705
17:20:59.823 [main] DEBUG org.apache.http.impl.conn.BasicClientConnectionManager - Connection can be kept alive indefinitely
HTTP/1.1 404 Not Found
Cache-Control: no-cache, no-store, max-age=0, must-revalidate
Content-Type: application/json
Date: Thu, 22 Jun 2023 15:20:59 GMT
Expires: 0
Pragma: no-cache
X-Content-Type-Options: nosniff
X-Frame-Options: DENY
X-Xss-Protection: 1; mode=block
Content-Length: 146

{
    "errorCode": 40422,
    "message": "Dashboard with ID '169' not found on project 'automationtestingadvancedprogram'. Did you use correct Dashboard ID?"
}
17:20:59.849 [rp-io-76] DEBUG com.epam.reportportal.service.Launch - TestItem with ID = '01799a82-5139-43ce-bdbf-98c960ddc9ea' successfully finished.
17:20:59.850 [rp-io-76] DEBUG com.epam.reportportal.utils.SubscriptionUtils - Finish test item completed
17:20:59.915 [rp-io-77] DEBUG com.epam.reportportal.service.Launch - ReportPortal item with ID 'b3db3904-8ce3-46f6-9fce-e5de4d81e527' has been created
17:20:59.915 [rp-io-77] DEBUG com.epam.reportportal.utils.SubscriptionUtils - Start test item successfully completed
2023-06-22 17:20:59 INFO  Listeners:32 - Succeeded Test null
]]></system-out>
  </testcase>
  <testcase name="m_updateNonExistedDashboard_PUT" classname="alltests.apitest.DashboardControllerTest" time="0.189">
    <system-out><![CDATA[17:20:59.922 [rp-io-81] DEBUG com.epam.reportportal.service.Launch - Starting test item...rp-io-81
2023-06-22 17:20:59 INFO  Listeners:28 - Started Test null
2023-06-22 17:20:59 INFO  DashboardControllerTest:128 - m_updateNonExistedDashboard_PUT
Request method:	PUT
Request URI:	http://192.168.1.11:8080/api/v1/AUTOMATIONTESTINGADVANCEDPROGRAM/dashboard/169
Proxy:			<none>
Request params:	<none>
Query params:	<none>
Form params:	<none>
Path params:	id=169
Headers:		Authorization=Bearer 8bb82a7d-a573-419e-9cce-c2419f308802
				Accept=*/*
				Content-Type=application/json
Cookies:		<none>
Multiparts:		<none>
Body:
{
    "name": "Dashboard12",
    "description": "Dashboard11 description updated to 12",
    "shared": true
}
17:20:59.987 [main] DEBUG org.apache.http.impl.conn.BasicClientConnectionManager - Get connection for route {}->http://192.168.1.11:8080
17:20:59.987 [main] DEBUG org.apache.http.impl.conn.DefaultClientConnectionOperator - Connecting to 192.168.1.11:8080
17:20:59.989 [main] DEBUG org.apache.http.client.protocol.RequestAddCookies - CookieSpec selected: ignoreCookies
17:20:59.989 [main] DEBUG org.apache.http.client.protocol.RequestAuthCache - Auth cache not set in the context
17:20:59.989 [main] DEBUG org.apache.http.client.protocol.RequestProxyAuthentication - Proxy auth state: UNCHALLENGED
17:20:59.989 [main] DEBUG org.apache.http.impl.client.DefaultHttpClient - Attempt 1 to execute request
17:20:59.989 [main] DEBUG org.apache.http.impl.conn.DefaultClientConnection - Sending request: PUT /api/v1/AUTOMATIONTESTINGADVANCEDPROGRAM/dashboard/169 HTTP/1.1
17:20:59.990 [main] DEBUG org.apache.http.wire -  >> "PUT /api/v1/AUTOMATIONTESTINGADVANCEDPROGRAM/dashboard/169 HTTP/1.1[\r][\n]"
17:20:59.990 [main] DEBUG org.apache.http.wire -  >> "Authorization: Bearer 8bb82a7d-a573-419e-9cce-c2419f308802[\r][\n]"
17:20:59.990 [main] DEBUG org.apache.http.wire -  >> "Accept: */*[\r][\n]"
17:20:59.990 [main] DEBUG org.apache.http.wire -  >> "Content-Type: application/json[\r][\n]"
17:20:59.990 [main] DEBUG org.apache.http.wire -  >> "Content-Length: 90[\r][\n]"
17:20:59.990 [main] DEBUG org.apache.http.wire -  >> "Host: 192.168.1.11:8080[\r][\n]"
17:20:59.990 [main] DEBUG org.apache.http.wire -  >> "Connection: Keep-Alive[\r][\n]"
17:20:59.990 [main] DEBUG org.apache.http.wire -  >> "User-Agent: Apache-HttpClient/4.5.13 (Java/11.0.19)[\r][\n]"
17:20:59.990 [main] DEBUG org.apache.http.wire -  >> "Accept-Encoding: gzip,deflate[\r][\n]"
17:20:59.990 [main] DEBUG org.apache.http.wire -  >> "[\r][\n]"
17:20:59.990 [main] DEBUG org.apache.http.headers - >> PUT /api/v1/AUTOMATIONTESTINGADVANCEDPROGRAM/dashboard/169 HTTP/1.1
17:20:59.990 [main] DEBUG org.apache.http.headers - >> Authorization: Bearer 8bb82a7d-a573-419e-9cce-c2419f308802
17:20:59.990 [main] DEBUG org.apache.http.headers - >> Accept: */*
17:20:59.990 [main] DEBUG org.apache.http.headers - >> Content-Type: application/json
17:20:59.990 [main] DEBUG org.apache.http.headers - >> Content-Length: 90
17:20:59.990 [main] DEBUG org.apache.http.headers - >> Host: 192.168.1.11:8080
17:20:59.990 [main] DEBUG org.apache.http.headers - >> Connection: Keep-Alive
17:20:59.990 [main] DEBUG org.apache.http.headers - >> User-Agent: Apache-HttpClient/4.5.13 (Java/11.0.19)
17:20:59.990 [main] DEBUG org.apache.http.headers - >> Accept-Encoding: gzip,deflate
17:20:59.990 [main] DEBUG org.apache.http.wire -  >> "{"name":"Dashboard12","description":"Dashboard11 description updated to 12","shared":true}"
17:21:00.012 [rp-io-80] DEBUG com.epam.reportportal.service.Launch - TestItem with ID = 'b3db3904-8ce3-46f6-9fce-e5de4d81e527' successfully finished.
17:21:00.012 [rp-io-80] DEBUG com.epam.reportportal.utils.SubscriptionUtils - Finish test item completed
17:21:00.062 [main] DEBUG org.apache.http.wire -  << "HTTP/1.1 404 Not Found[\r][\n]"
17:21:00.062 [main] DEBUG org.apache.http.wire -  << "Cache-Control: no-cache, no-store, max-age=0, must-revalidate[\r][\n]"
17:21:00.062 [main] DEBUG org.apache.http.wire -  << "Content-Type: application/json[\r][\n]"
17:21:00.062 [main] DEBUG org.apache.http.wire -  << "Date: Thu, 22 Jun 2023 15:20:59 GMT[\r][\n]"
17:21:00.063 [main] DEBUG org.apache.http.wire -  << "Expires: 0[\r][\n]"
17:21:00.063 [main] DEBUG org.apache.http.wire -  << "Pragma: no-cache[\r][\n]"
17:21:00.063 [main] DEBUG org.apache.http.wire -  << "X-Content-Type-Options: nosniff[\r][\n]"
17:21:00.063 [main] DEBUG org.apache.http.wire -  << "X-Frame-Options: DENY[\r][\n]"
17:21:00.063 [main] DEBUG org.apache.http.wire -  << "X-Xss-Protection: 1; mode=block[\r][\n]"
17:21:00.063 [main] DEBUG org.apache.http.wire -  << "Content-Length: 146[\r][\n]"
17:21:00.063 [main] DEBUG org.apache.http.wire -  << "[\r][\n]"
17:21:00.063 [main] DEBUG org.apache.http.impl.conn.DefaultClientConnection - Receiving response: HTTP/1.1 404 Not Found
17:21:00.063 [main] DEBUG org.apache.http.headers - << HTTP/1.1 404 Not Found
17:21:00.063 [main] DEBUG org.apache.http.headers - << Cache-Control: no-cache, no-store, max-age=0, must-revalidate
17:21:00.063 [main] DEBUG org.apache.http.headers - << Content-Type: application/json
17:21:00.063 [main] DEBUG org.apache.http.headers - << Date: Thu, 22 Jun 2023 15:20:59 GMT
17:21:00.063 [main] DEBUG org.apache.http.headers - << Expires: 0
17:21:00.063 [main] DEBUG org.apache.http.headers - << Pragma: no-cache
17:21:00.063 [main] DEBUG org.apache.http.headers - << X-Content-Type-Options: nosniff
17:21:00.063 [main] DEBUG org.apache.http.headers - << X-Frame-Options: DENY
17:21:00.063 [main] DEBUG org.apache.http.headers - << X-Xss-Protection: 1; mode=block
17:21:00.063 [main] DEBUG org.apache.http.headers - << Content-Length: 146
17:21:00.063 [main] DEBUG org.apache.http.impl.client.DefaultHttpClient - Connection can be kept alive indefinitely
17:21:00.063 [main] DEBUG io.restassured.internal.RestAssuredHttpBuilder - Parsing response as: application/json
17:21:00.063 [main] DEBUG io.restassured.internal.RestAssuredHttpBuilder - Parsed data to instance of: class org.apache.http.conn.EofSensorInputStream
17:21:00.065 [main] DEBUG org.apache.http.wire -  << "{"errorCode":40422,"message":"Dashboard with ID '169' not found on project 'automationtestingadvancedprogram'. Did you use correct Dashboard ID?"}"
17:21:00.065 [main] DEBUG org.apache.http.impl.conn.BasicClientConnectionManager - Releasing connection org.apache.http.impl.conn.ManagedClientConnectionImpl@405d8a80
17:21:00.065 [main] DEBUG org.apache.http.impl.conn.BasicClientConnectionManager - Connection can be kept alive indefinitely
HTTP/1.1 404 Not Found
Cache-Control: no-cache, no-store, max-age=0, must-revalidate
Content-Type: application/json
Date: Thu, 22 Jun 2023 15:20:59 GMT
Expires: 0
Pragma: no-cache
X-Content-Type-Options: nosniff
X-Frame-Options: DENY
X-Xss-Protection: 1; mode=block
Content-Length: 146

{
    "errorCode": 40422,
    "message": "Dashboard with ID '169' not found on project 'automationtestingadvancedprogram'. Did you use correct Dashboard ID?"
}
17:21:00.101 [rp-io-83] DEBUG com.epam.reportportal.service.Launch - ReportPortal item with ID 'affae39a-3ae1-4d83-9486-325b4fa8ad5e' has been created
17:21:00.101 [rp-io-83] DEBUG com.epam.reportportal.utils.SubscriptionUtils - Start test item successfully completed
2023-06-22 17:21:00 INFO  Listeners:32 - Succeeded Test null
]]></system-out>
  </testcase>
  <testcase name="m_updateNullDashboard_PUT" classname="alltests.apitest.DashboardControllerTest" time="0.262">
    <system-out><![CDATA[17:21:00.141 [rp-io-87] DEBUG com.epam.reportportal.service.Launch - Starting test item...rp-io-87
2023-06-22 17:21:00 INFO  Listeners:28 - Started Test null
2023-06-22 17:21:00 INFO  DashboardControllerTest:138 - m_updateNullDashboard_PUT
Request method:	PUT
Request URI:	http://192.168.1.11:8080/api/v1/AUTOMATIONTESTINGADVANCEDPROGRAM/dashboard/69
Proxy:			<none>
Request params:	<none>
Query params:	<none>
Form params:	<none>
Path params:	id=69
Headers:		Authorization=Bearer 8bb82a7d-a573-419e-9cce-c2419f308802
				Accept=*/*
				Content-Type=application/json
Cookies:		<none>
Multiparts:		<none>
Body:
{
    "name": "",
    "description": "",
    "shared": true
}
17:21:00.192 [main] DEBUG org.apache.http.impl.conn.BasicClientConnectionManager - Get connection for route {}->http://192.168.1.11:8080
17:21:00.193 [main] DEBUG org.apache.http.impl.conn.DefaultClientConnectionOperator - Connecting to 192.168.1.11:8080
17:21:00.194 [main] DEBUG org.apache.http.client.protocol.RequestAddCookies - CookieSpec selected: ignoreCookies
17:21:00.194 [main] DEBUG org.apache.http.client.protocol.RequestAuthCache - Auth cache not set in the context
17:21:00.194 [main] DEBUG org.apache.http.client.protocol.RequestProxyAuthentication - Proxy auth state: UNCHALLENGED
17:21:00.194 [main] DEBUG org.apache.http.impl.client.DefaultHttpClient - Attempt 1 to execute request
17:21:00.194 [main] DEBUG org.apache.http.impl.conn.DefaultClientConnection - Sending request: PUT /api/v1/AUTOMATIONTESTINGADVANCEDPROGRAM/dashboard/69 HTTP/1.1
17:21:00.195 [main] DEBUG org.apache.http.wire -  >> "PUT /api/v1/AUTOMATIONTESTINGADVANCEDPROGRAM/dashboard/69 HTTP/1.1[\r][\n]"
17:21:00.195 [main] DEBUG org.apache.http.wire -  >> "Authorization: Bearer 8bb82a7d-a573-419e-9cce-c2419f308802[\r][\n]"
17:21:00.195 [main] DEBUG org.apache.http.wire -  >> "Accept: */*[\r][\n]"
17:21:00.195 [main] DEBUG org.apache.http.wire -  >> "Content-Type: application/json[\r][\n]"
17:21:00.195 [main] DEBUG org.apache.http.wire -  >> "Content-Length: 42[\r][\n]"
17:21:00.195 [main] DEBUG org.apache.http.wire -  >> "Host: 192.168.1.11:8080[\r][\n]"
17:21:00.195 [main] DEBUG org.apache.http.wire -  >> "Connection: Keep-Alive[\r][\n]"
17:21:00.195 [main] DEBUG org.apache.http.wire -  >> "User-Agent: Apache-HttpClient/4.5.13 (Java/11.0.19)[\r][\n]"
17:21:00.195 [main] DEBUG org.apache.http.wire -  >> "Accept-Encoding: gzip,deflate[\r][\n]"
17:21:00.195 [main] DEBUG org.apache.http.wire -  >> "[\r][\n]"
17:21:00.195 [main] DEBUG org.apache.http.headers - >> PUT /api/v1/AUTOMATIONTESTINGADVANCEDPROGRAM/dashboard/69 HTTP/1.1
17:21:00.195 [main] DEBUG org.apache.http.headers - >> Authorization: Bearer 8bb82a7d-a573-419e-9cce-c2419f308802
17:21:00.195 [main] DEBUG org.apache.http.headers - >> Accept: */*
17:21:00.195 [main] DEBUG org.apache.http.headers - >> Content-Type: application/json
17:21:00.195 [main] DEBUG org.apache.http.headers - >> Content-Length: 42
17:21:00.195 [main] DEBUG org.apache.http.headers - >> Host: 192.168.1.11:8080
17:21:00.195 [main] DEBUG org.apache.http.headers - >> Connection: Keep-Alive
17:21:00.195 [main] DEBUG org.apache.http.headers - >> User-Agent: Apache-HttpClient/4.5.13 (Java/11.0.19)
17:21:00.195 [main] DEBUG org.apache.http.headers - >> Accept-Encoding: gzip,deflate
17:21:00.195 [main] DEBUG org.apache.http.wire -  >> "{"name":"","description":"","shared":true}"
17:21:00.229 [rp-io-86] DEBUG com.epam.reportportal.service.Launch - TestItem with ID = 'affae39a-3ae1-4d83-9486-325b4fa8ad5e' successfully finished.
17:21:00.229 [rp-io-86] DEBUG com.epam.reportportal.utils.SubscriptionUtils - Finish test item completed
17:21:00.245 [rp-io-89] DEBUG com.epam.reportportal.service.Launch - ReportPortal item with ID 'f55a18d6-b5f9-4222-8e38-40ba384be2bb' has been created
17:21:00.245 [rp-io-89] DEBUG com.epam.reportportal.utils.SubscriptionUtils - Start test item successfully completed
17:21:00.283 [main] DEBUG org.apache.http.wire -  << "HTTP/1.1 400 Bad Request[\r][\n]"
17:21:00.283 [main] DEBUG org.apache.http.wire -  << "Cache-Control: no-cache, no-store, max-age=0, must-revalidate[\r][\n]"
17:21:00.283 [main] DEBUG org.apache.http.wire -  << "Content-Type: application/json[\r][\n]"
17:21:00.283 [main] DEBUG org.apache.http.wire -  << "Date: Thu, 22 Jun 2023 15:21:00 GMT[\r][\n]"
17:21:00.283 [main] DEBUG org.apache.http.wire -  << "Expires: 0[\r][\n]"
17:21:00.284 [main] DEBUG org.apache.http.wire -  << "Pragma: no-cache[\r][\n]"
17:21:00.284 [main] DEBUG org.apache.http.wire -  << "X-Content-Type-Options: nosniff[\r][\n]"
17:21:00.284 [main] DEBUG org.apache.http.wire -  << "X-Frame-Options: DENY[\r][\n]"
17:21:00.284 [main] DEBUG org.apache.http.wire -  << "X-Xss-Protection: 1; mode=block[\r][\n]"
17:21:00.284 [main] DEBUG org.apache.http.wire -  << "Content-Length: 175[\r][\n]"
17:21:00.284 [main] DEBUG org.apache.http.wire -  << "[\r][\n]"
17:21:00.284 [main] DEBUG org.apache.http.impl.conn.DefaultClientConnection - Receiving response: HTTP/1.1 400 Bad Request
17:21:00.284 [main] DEBUG org.apache.http.headers - << HTTP/1.1 400 Bad Request
17:21:00.284 [main] DEBUG org.apache.http.headers - << Cache-Control: no-cache, no-store, max-age=0, must-revalidate
17:21:00.284 [main] DEBUG org.apache.http.headers - << Content-Type: application/json
17:21:00.284 [main] DEBUG org.apache.http.headers - << Date: Thu, 22 Jun 2023 15:21:00 GMT
17:21:00.284 [main] DEBUG org.apache.http.headers - << Expires: 0
17:21:00.284 [main] DEBUG org.apache.http.headers - << Pragma: no-cache
17:21:00.284 [main] DEBUG org.apache.http.headers - << X-Content-Type-Options: nosniff
17:21:00.284 [main] DEBUG org.apache.http.headers - << X-Frame-Options: DENY
17:21:00.284 [main] DEBUG org.apache.http.headers - << X-Xss-Protection: 1; mode=block
17:21:00.284 [main] DEBUG org.apache.http.headers - << Content-Length: 175
17:21:00.284 [main] DEBUG org.apache.http.impl.client.DefaultHttpClient - Connection can be kept alive indefinitely
17:21:00.284 [main] DEBUG io.restassured.internal.RestAssuredHttpBuilder - Parsing response as: application/json
17:21:00.284 [main] DEBUG io.restassured.internal.RestAssuredHttpBuilder - Parsed data to instance of: class org.apache.http.conn.EofSensorInputStream
17:21:00.287 [main] DEBUG org.apache.http.wire -  << "{"errorCode":4001,"message":"Incorrect Request. [Field 'name' should not contain only white spaces and shouldn't be empty. Field 'name' should have size from '3' to '128'.] "}"
17:21:00.289 [main] DEBUG org.apache.http.impl.conn.BasicClientConnectionManager - Releasing connection org.apache.http.impl.conn.ManagedClientConnectionImpl@429e7914
17:21:00.289 [main] DEBUG org.apache.http.impl.conn.BasicClientConnectionManager - Connection can be kept alive indefinitely
HTTP/1.1 400 Bad Request
Cache-Control: no-cache, no-store, max-age=0, must-revalidate
Content-Type: application/json
Date: Thu, 22 Jun 2023 15:21:00 GMT
Expires: 0
Pragma: no-cache
X-Content-Type-Options: nosniff
X-Frame-Options: DENY
X-Xss-Protection: 1; mode=block
Content-Length: 175

{
    "errorCode": 4001,
    "message": "Incorrect Request. [Field 'name' should not contain only white spaces and shouldn't be empty. Field 'name' should have size from '3' to '128'.] "
}
2023-06-22 17:21:00 INFO  Listeners:32 - Succeeded Test null
]]></system-out>
  </testcase>
</testsuite>