<?xml version="1.0" encoding="UTF-8"?>
<testsuite xmlns:xsi="http://www.w3.org/2001/XMLSchema-instance" xsi:noNamespaceSchemaLocation="https://maven.apache.org/surefire/maven-surefire-plugin/xsd/surefire-test-report-3.0.xsd" version="3.0" name="VerifyDashboardPageAccess" time="15.318" tests="4" errors="0" skipped="0" failures="0">
  <properties>
[...]
</properties>
  <testcase name="Login to ReportPortal with superadmin and verify that use is able to access dashboard page #1" classname="VerifyDashboardPageAccess" time="5.727">
    <system-out><![CDATA[
@RegTest
Scenario: Login to ReportPortal with superadmin and verify that use is able to access dashboard page # features/login.feature:3
  Given user launch the chrome browser                                                               # stepDefinitions.DashboardTests.user_launch_the_chrome_browser()
  When User opens the URL "http://localhost:8080/"                                                   # stepDefinitions.DashboardTests.user_opens_the_url(java.lang.String)
  And Log in to the report portal with user "superadmin" and password "erebus"                       # stepDefinitions.DashboardTests.log_in_to_the_report_portal_with_user_and_password(java.lang.String,java.lang.String)
  Then Page title should be "Report Portal"                                                          # stepDefinitions.DashboardTests.page_title_should_be(java.lang.String)
  And User closes the browser                                                                        # stepDefinitions.DashboardTests.User_closes_the_browser()
]]></system-out>
    <system-err><![CDATA[SLF4J: No SLF4J providers were found.
SLF4J: Defaulting to no-operation (NOP) logger implementation
SLF4J: See https://www.slf4j.org/codes.html#noProviders for further details.
SLF4J: Class path contains SLF4J bindings targeting slf4j-api versions 1.7.x or earlier.
SLF4J: Ignoring binding found at [jar:file:/C:/Users/Suwarna_Wagh/.m2/repository/ch/qos/logback/logback-classic/1.2.11/logback-classic-1.2.11.jar!/org/slf4j/impl/StaticLoggerBinder.class]
SLF4J: See https://www.slf4j.org/codes.html#ignoredBindings for an explanation.
Starting ChromeDriver 114.0.5735.90 (386bc09e8f4f2e025eddae123f36f6263096ae49-refs/branch-heads/5735@{#1052}) on port 21502
Only local connections are allowed.
Please see https://chromedriver.chromium.org/security-considerations for suggestions on keeping ChromeDriver safe.
ChromeDriver was started successfully.
Jun 06, 2023 7:03:59 PM org.openqa.selenium.devtools.CdpVersionFinder findNearestMatch
WARNING: Unable to find an exact match for CDP version 114, so returning the closest version found: 111
Jun 06, 2023 7:04:02 PM org.openqa.selenium.remote.http.WebSocket$Listener onError
WARNING: Connection reset
java.net.SocketException: Connection reset
	at java.base/sun.nio.ch.SocketChannelImpl.throwConnectionReset(SocketChannelImpl.java:394)
	at java.base/sun.nio.ch.SocketChannelImpl.read(SocketChannelImpl.java:426)
	at io.netty.buffer.PooledByteBuf.setBytes(PooledByteBuf.java:256)
	at io.netty.buffer.AbstractByteBuf.writeBytes(AbstractByteBuf.java:1132)
	at io.netty.channel.socket.nio.NioSocketChannel.doReadBytes(NioSocketChannel.java:357)
	at io.netty.channel.nio.AbstractNioByteChannel$NioByteUnsafe.read(AbstractNioByteChannel.java:151)
	at io.netty.channel.nio.NioEventLoop.processSelectedKey(NioEventLoop.java:788)
	at io.netty.channel.nio.NioEventLoop.processSelectedKeysOptimized(NioEventLoop.java:724)
	at io.netty.channel.nio.NioEventLoop.processSelectedKeys(NioEventLoop.java:650)
	at io.netty.channel.nio.NioEventLoop.run(NioEventLoop.java:562)
	at io.netty.util.concurrent.SingleThreadEventExecutor$4.run(SingleThreadEventExecutor.java:997)
	at io.netty.util.internal.ThreadExecutorMap$2.run(ThreadExecutorMap.java:74)
	at io.netty.util.concurrent.FastThreadLocalRunnable.run(FastThreadLocalRunnable.java:30)
	at java.base/java.lang.Thread.run(Thread.java:833)

]]></system-err>
  </testcase>
  <testcase name="Login to ReportPortal with superadmin and verify that use is able to access dashboard page #2" classname="VerifyDashboardPageAccess" time="3.718">
    <system-out><![CDATA[
@SanityTest
Scenario: Login to ReportPortal with superadmin and verify that use is able to access dashboard page # features/login.feature:11
  Given user launch the chrome browser                                                               # stepDefinitions.DashboardTests.user_launch_the_chrome_browser()
  When User opens the URL "http://localhost:8080/"                                                   # stepDefinitions.DashboardTests.user_opens_the_url(java.lang.String)
  And Log in to the report portal with user "default" and password "1q2w3e"                          # stepDefinitions.DashboardTests.log_in_to_the_report_portal_with_user_and_password(java.lang.String,java.lang.String)
  Then Page title should be "Report Portal"                                                          # stepDefinitions.DashboardTests.page_title_should_be(java.lang.String)
  And User closes the browser                                                                        # stepDefinitions.DashboardTests.User_closes_the_browser()
]]></system-out>
    <system-err><![CDATA[Starting ChromeDriver 114.0.5735.90 (386bc09e8f4f2e025eddae123f36f6263096ae49-refs/branch-heads/5735@{#1052}) on port 34311
Only local connections are allowed.
Please see https://chromedriver.chromium.org/security-considerations for suggestions on keeping ChromeDriver safe.
ChromeDriver was started successfully.
Jun 06, 2023 7:04:03 PM org.openqa.selenium.devtools.CdpVersionFinder findNearestMatch
WARNING: Unable to find an exact match for CDP version 114, so returning the closest version found: 111
]]></system-err>
  </testcase>
  <testcase name="Login to ReportPortal with superadmin and verify that use is able to access dashboard page #3" classname="VerifyDashboardPageAccess" time="3.187">
    <system-out><![CDATA[
@SmokeTest
Scenario Outline: Login to ReportPortal with superadmin and verify that use is able to access dashboard page # features/login.feature:28
  Given user launch the chrome browser                                                                       # stepDefinitions.DashboardTests.user_launch_the_chrome_browser()
  When User opens the URL "http://localhost:8080/"                                                           # stepDefinitions.DashboardTests.user_opens_the_url(java.lang.String)
  And Log in to the report portal with user "superadmin" and password "erebus"                               # stepDefinitions.DashboardTests.log_in_to_the_report_portal_with_user_and_password(java.lang.String,java.lang.String)
  Then Page title should be "Report Portal"                                                                  # stepDefinitions.DashboardTests.page_title_should_be(java.lang.String)
  And User closes the browser                                                                                # stepDefinitions.DashboardTests.User_closes_the_browser()
]]></system-out>
    <system-err><![CDATA[Starting ChromeDriver 114.0.5735.90 (386bc09e8f4f2e025eddae123f36f6263096ae49-refs/branch-heads/5735@{#1052}) on port 46652
Only local connections are allowed.
Please see https://chromedriver.chromium.org/security-considerations for suggestions on keeping ChromeDriver safe.
ChromeDriver was started successfully.
Jun 06, 2023 7:04:07 PM org.openqa.selenium.devtools.CdpVersionFinder findNearestMatch
WARNING: Unable to find an exact match for CDP version 114, so returning the closest version found: 111
]]></system-err>
  </testcase>
  <testcase name="Login to ReportPortal with superadmin and verify that use is able to access dashboard page #4" classname="VerifyDashboardPageAccess" time="2.686">
    <system-out><![CDATA[
@SmokeTest
Scenario Outline: Login to ReportPortal with superadmin and verify that use is able to access dashboard page # features/login.feature:29
  Given user launch the chrome browser                                                                       # stepDefinitions.DashboardTests.user_launch_the_chrome_browser()
  When User opens the URL "http://localhost:8080/"                                                           # stepDefinitions.DashboardTests.user_opens_the_url(java.lang.String)
  And Log in to the report portal with user "default" and password "1q2w3e"                                  # stepDefinitions.DashboardTests.log_in_to_the_report_portal_with_user_and_password(java.lang.String,java.lang.String)
  Then Page title should be "Report Portal"                                                                  # stepDefinitions.DashboardTests.page_title_should_be(java.lang.String)
  And User closes the browser                                                                                # stepDefinitions.DashboardTests.User_closes_the_browser()
]]></system-out>
    <system-err><![CDATA[Starting ChromeDriver 114.0.5735.90 (386bc09e8f4f2e025eddae123f36f6263096ae49-refs/branch-heads/5735@{#1052}) on port 39690
Only local connections are allowed.
Please see https://chromedriver.chromium.org/security-considerations for suggestions on keeping ChromeDriver safe.
ChromeDriver was started successfully.
Jun 06, 2023 7:04:10 PM org.openqa.selenium.devtools.CdpVersionFinder findNearestMatch
WARNING: Unable to find an exact match for CDP version 114, so returning the closest version found: 111
]]></system-err>
  </testcase>
</testsuite>